2025-04-21 20:55:02 error: [GET] /api/employees/getEmployee/0 >> StatusCode:: 404, Message:: Employee not found
2025-04-21 20:55:02 error: [GET] /api/tasks/getProjectHoursSummary >> StatusCode:: 400, Message:: Error getting all projects hours
2025-04-21 20:55:03 error: [GET] /api/employees/getNumberOfAssignedEmployees >> StatusCode:: 500, Message:: this.employeeService.getNumberOfAssignedEmployees is not a function
2025-04-21 20:55:03 error: [GET] /api/employees/getNumberOfAssignedEmployees >> StatusCode:: 500, Message:: this.employeeService.getNumberOfAssignedEmployees is not a function
2025-04-21 20:55:03 error: [GET] /api/employees/getEmployee/0 >> StatusCode:: 404, Message:: Employee not found
2025-04-21 20:55:03 error: [GET] /api/tasks/getProjectHoursSummary >> StatusCode:: 400, Message:: Error getting all projects hours
2025-04-21 21:16:01 error: [GET] /api/employees/getEmployee/0 >> StatusCode:: 404, Message:: Employee not found
2025-04-21 21:16:01 error: [GET] /api/employees/getEmployee/0 >> StatusCode:: 404, Message:: Employee not found
2025-04-21 21:17:38 error: [GET] /api/employees/getEmployee/0 >> StatusCode:: 404, Message:: Employee not found
2025-04-21 21:17:38 error: [GET] /api/employees/getEmployee/0 >> StatusCode:: 404, Message:: Employee not found
2025-04-21 21:27:20 error: [GET] /api/employees/getEmployee/0 >> StatusCode:: 404, Message:: Employee not found
2025-04-21 21:27:20 error: [GET] /api/employees/getNumberOfAssignedEmployees >> StatusCode:: 500, Message:: this.employeeService.getNumberOfAssignedEmployees is not a function
2025-04-21 21:27:21 error: [GET] /api/tasks/getProjectHoursSummary >> StatusCode:: 400, Message:: Error getting all projects hours
2025-04-21 21:27:21 error: [GET] /api/employees/getNumberOfAssignedEmployees >> StatusCode:: 500, Message:: this.employeeService.getNumberOfAssignedEmployees is not a function
2025-04-21 21:27:21 error: [GET] /api/employees/getEmployee/0 >> StatusCode:: 404, Message:: Employee not found
2025-04-21 21:27:21 error: [GET] /api/tasks/getProjectHoursSummary >> StatusCode:: 400, Message:: Error getting all projects hours
2025-04-21 21:28:05 error: [GET] /api/employees/getEmployee/0 >> StatusCode:: 404, Message:: Employee not found
2025-04-21 21:28:05 error: [GET] /api/employees/getNumberOfAssignedEmployees >> StatusCode:: 500, Message:: this.employeeService.getNumberOfAssignedEmployees is not a function
2025-04-21 21:28:05 error: [GET] /api/tasks/getProjectHoursSummary >> StatusCode:: 400, Message:: Error getting all projects hours
2025-04-21 21:28:06 error: [GET] /api/employees/getNumberOfAssignedEmployees >> StatusCode:: 500, Message:: this.employeeService.getNumberOfAssignedEmployees is not a function
2025-04-21 21:28:06 error: [GET] /api/employees/getEmployee/0 >> StatusCode:: 404, Message:: Employee not found
2025-04-21 21:28:06 error: [GET] /api/tasks/getProjectHoursSummary >> StatusCode:: 400, Message:: Error getting all projects hours
2025-04-21 21:39:19 error: [GET] /api/employees/getEmployee/0 >> StatusCode:: 404, Message:: Employee not found
2025-04-21 21:40:14 error: [GET] /api/employees/getEmployee/0 >> StatusCode:: 404, Message:: Employee not found
2025-04-21 21:40:36 error: [GET] /api/employees/getEmployee/0 >> StatusCode:: 404, Message:: Employee not found
2025-04-21 21:40:38 error: [GET] /api/employees/getEmployee/0 >> StatusCode:: 404, Message:: Employee not found
2025-04-21 21:42:57 error: [GET] /api/employees/getEmployee/0 >> StatusCode:: 404, Message:: Employee not found
2025-04-21 21:43:11 error: [GET] /api/employees/getEmployee/0 >> StatusCode:: 404, Message:: Employee not found
2025-04-21 21:43:11 error: [GET] /api/employees/getEmployee/0 >> StatusCode:: 404, Message:: Employee not found
2025-04-21 22:28:01 error: uncaughtException: тип Unable to compile TypeScript:
[96msrc/controllers/employee/employee.controller.ts[0m:[93m28[0m:[93m29[0m - [91merror[0m[90m TS1109: [0mExpression expected.

[7m28[0m                 `Good Day ${}`
[7m  [0m [91m                            ~[0m

TSError: тип Unable to compile TypeScript:
[96msrc/controllers/employee/employee.controller.ts[0m:[93m28[0m:[93m29[0m - [91merror[0m[90m TS1109: [0mExpression expected.

[7m28[0m                 `Good Day ${}`
[7m  [0m [91m                            ~[0m

    at createTSError (C:\Users\Administrator\Desktop\Projects\eltek-timer-pay-backend\node_modules\ts-node\src\index.ts:859:12)
    at reportTSError (C:\Users\Administrator\Desktop\Projects\eltek-timer-pay-backend\node_modules\ts-node\src\index.ts:863:19)
    at C:\Users\Administrator\Desktop\Projects\eltek-timer-pay-backend\node_modules\ts-node\src\index.ts:1379:34
    at Object.compile (C:\Users\Administrator\Desktop\Projects\eltek-timer-pay-backend\node_modules\ts-node\src\index.ts:1458:13)
    at Module.m._compile (C:\Users\Administrator\Desktop\Projects\eltek-timer-pay-backend\node_modules\ts-node\src\index.ts:1617:30)
    at node:internal/modules/cjs/loader:1689:10
    at Object.require.extensions.<computed> [as .ts] (C:\Users\Administrator\Desktop\Projects\eltek-timer-pay-backend\node_modules\ts-node\src\index.ts:1621:12)
    at Module.load (node:internal/modules/cjs/loader:1318:32)
    at Function._load (node:internal/modules/cjs/loader:1128:12)
    at TracingChannel.traceSync (node:diagnostics_channel:315:14)
2025-04-21 22:32:00 error: [POST] /api/auth/signup >> StatusCode:: 400, Message:: password must be shorter than or equal to 32 characters
2025-04-21 22:39:22 error: [POST] /api/auth/signup >> StatusCode:: 400, Message:: password must be shorter than or equal to 32 characters
2025-04-21 23:03:16 error: uncaughtException: тип Unable to compile TypeScript:
[96msrc/services/auth/auth.service.ts[0m:[93m126[0m:[93m25[0m - [91merror[0m[90m TS1005: [0m',' expected.

[7m126[0m         return {otp,user.};
[7m   [0m [91m                        ~[0m
[96msrc/services/auth/auth.service.ts[0m:[93m126[0m:[93m26[0m - [91merror[0m[90m TS1003: [0mIdentifier expected.

[7m126[0m         return {otp,user.};
[7m   [0m [91m                         ~[0m

TSError: тип Unable to compile TypeScript:
[96msrc/services/auth/auth.service.ts[0m:[93m126[0m:[93m25[0m - [91merror[0m[90m TS1005: [0m',' expected.

[7m126[0m         return {otp,user.};
[7m   [0m [91m                        ~[0m
[96msrc/services/auth/auth.service.ts[0m:[93m126[0m:[93m26[0m - [91merror[0m[90m TS1003: [0mIdentifier expected.

[7m126[0m         return {otp,user.};
[7m   [0m [91m                         ~[0m

    at createTSError (C:\Users\Administrator\Desktop\Projects\eltek-timer-pay-backend\node_modules\ts-node\src\index.ts:859:12)
    at reportTSError (C:\Users\Administrator\Desktop\Projects\eltek-timer-pay-backend\node_modules\ts-node\src\index.ts:863:19)
    at C:\Users\Administrator\Desktop\Projects\eltek-timer-pay-backend\node_modules\ts-node\src\index.ts:1379:34
    at Object.compile (C:\Users\Administrator\Desktop\Projects\eltek-timer-pay-backend\node_modules\ts-node\src\index.ts:1458:13)
    at Module.m._compile (C:\Users\Administrator\Desktop\Projects\eltek-timer-pay-backend\node_modules\ts-node\src\index.ts:1617:30)
    at node:internal/modules/cjs/loader:1689:10
    at Object.require.extensions.<computed> [as .ts] (C:\Users\Administrator\Desktop\Projects\eltek-timer-pay-backend\node_modules\ts-node\src\index.ts:1621:12)
    at Module.load (node:internal/modules/cjs/loader:1318:32)
    at Function._load (node:internal/modules/cjs/loader:1128:12)
    at TracingChannel.traceSync (node:diagnostics_channel:315:14)
2025-04-21 23:03:19 error: uncaughtException: тип Unable to compile TypeScript:
[96msrc/services/auth/auth.service.ts[0m:[93m126[0m:[93m25[0m - [91merror[0m[90m TS1005: [0m',' expected.

[7m126[0m         return {otp,user.fu};
[7m   [0m [91m                        ~[0m

TSError: тип Unable to compile TypeScript:
[96msrc/services/auth/auth.service.ts[0m:[93m126[0m:[93m25[0m - [91merror[0m[90m TS1005: [0m',' expected.

[7m126[0m         return {otp,user.fu};
[7m   [0m [91m                        ~[0m

    at createTSError (C:\Users\Administrator\Desktop\Projects\eltek-timer-pay-backend\node_modules\ts-node\src\index.ts:859:12)
    at reportTSError (C:\Users\Administrator\Desktop\Projects\eltek-timer-pay-backend\node_modules\ts-node\src\index.ts:863:19)
    at C:\Users\Administrator\Desktop\Projects\eltek-timer-pay-backend\node_modules\ts-node\src\index.ts:1379:34
    at Object.compile (C:\Users\Administrator\Desktop\Projects\eltek-timer-pay-backend\node_modules\ts-node\src\index.ts:1458:13)
    at Module.m._compile (C:\Users\Administrator\Desktop\Projects\eltek-timer-pay-backend\node_modules\ts-node\src\index.ts:1617:30)
    at node:internal/modules/cjs/loader:1689:10
    at Object.require.extensions.<computed> [as .ts] (C:\Users\Administrator\Desktop\Projects\eltek-timer-pay-backend\node_modules\ts-node\src\index.ts:1621:12)
    at Module.load (node:internal/modules/cjs/loader:1318:32)
    at Function._load (node:internal/modules/cjs/loader:1128:12)
    at TracingChannel.traceSync (node:diagnostics_channel:315:14)
2025-04-21 23:03:20 error: uncaughtException: тип Unable to compile TypeScript:
[96msrc/services/auth/auth.service.ts[0m:[93m126[0m:[93m25[0m - [91merror[0m[90m TS1005: [0m',' expected.

[7m126[0m         return {otp,user.fullName};
[7m   [0m [91m                        ~[0m

TSError: тип Unable to compile TypeScript:
[96msrc/services/auth/auth.service.ts[0m:[93m126[0m:[93m25[0m - [91merror[0m[90m TS1005: [0m',' expected.

[7m126[0m         return {otp,user.fullName};
[7m   [0m [91m                        ~[0m

    at createTSError (C:\Users\Administrator\Desktop\Projects\eltek-timer-pay-backend\node_modules\ts-node\src\index.ts:859:12)
    at reportTSError (C:\Users\Administrator\Desktop\Projects\eltek-timer-pay-backend\node_modules\ts-node\src\index.ts:863:19)
    at C:\Users\Administrator\Desktop\Projects\eltek-timer-pay-backend\node_modules\ts-node\src\index.ts:1379:34
    at Object.compile (C:\Users\Administrator\Desktop\Projects\eltek-timer-pay-backend\node_modules\ts-node\src\index.ts:1458:13)
    at Module.m._compile (C:\Users\Administrator\Desktop\Projects\eltek-timer-pay-backend\node_modules\ts-node\src\index.ts:1617:30)
    at node:internal/modules/cjs/loader:1689:10
    at Object.require.extensions.<computed> [as .ts] (C:\Users\Administrator\Desktop\Projects\eltek-timer-pay-backend\node_modules\ts-node\src\index.ts:1621:12)
    at Module.load (node:internal/modules/cjs/loader:1318:32)
    at Function._load (node:internal/modules/cjs/loader:1128:12)
    at TracingChannel.traceSync (node:diagnostics_channel:315:14)
2025-04-21 23:03:42 error: uncaughtException: тип Unable to compile TypeScript:
[96msrc/services/auth/auth.service.ts[0m:[93m127[0m:[93m25[0m - [91merror[0m[90m TS1005: [0m',' expected.

[7m127[0m         return {otp,user.fullName};
[7m   [0m [91m                        ~[0m

TSError: тип Unable to compile TypeScript:
[96msrc/services/auth/auth.service.ts[0m:[93m127[0m:[93m25[0m - [91merror[0m[90m TS1005: [0m',' expected.

[7m127[0m         return {otp,user.fullName};
[7m   [0m [91m                        ~[0m

    at createTSError (C:\Users\Administrator\Desktop\Projects\eltek-timer-pay-backend\node_modules\ts-node\src\index.ts:859:12)
    at reportTSError (C:\Users\Administrator\Desktop\Projects\eltek-timer-pay-backend\node_modules\ts-node\src\index.ts:863:19)
    at C:\Users\Administrator\Desktop\Projects\eltek-timer-pay-backend\node_modules\ts-node\src\index.ts:1379:34
    at Object.compile (C:\Users\Administrator\Desktop\Projects\eltek-timer-pay-backend\node_modules\ts-node\src\index.ts:1458:13)
    at Module.m._compile (C:\Users\Administrator\Desktop\Projects\eltek-timer-pay-backend\node_modules\ts-node\src\index.ts:1617:30)
    at node:internal/modules/cjs/loader:1689:10
    at Object.require.extensions.<computed> [as .ts] (C:\Users\Administrator\Desktop\Projects\eltek-timer-pay-backend\node_modules\ts-node\src\index.ts:1621:12)
    at Module.load (node:internal/modules/cjs/loader:1318:32)
    at Function._load (node:internal/modules/cjs/loader:1128:12)
    at TracingChannel.traceSync (node:diagnostics_channel:315:14)
2025-04-21 23:03:48 error: uncaughtException: тип Unable to compile TypeScript:
[96msrc/services/auth/auth.service.ts[0m:[93m129[0m:[93m25[0m - [91merror[0m[90m TS1005: [0m',' expected.

[7m129[0m         return {otp,user.fullName};
[7m   [0m [91m                        ~[0m

TSError: тип Unable to compile TypeScript:
[96msrc/services/auth/auth.service.ts[0m:[93m129[0m:[93m25[0m - [91merror[0m[90m TS1005: [0m',' expected.

[7m129[0m         return {otp,user.fullName};
[7m   [0m [91m                        ~[0m

    at createTSError (C:\Users\Administrator\Desktop\Projects\eltek-timer-pay-backend\node_modules\ts-node\src\index.ts:859:12)
    at reportTSError (C:\Users\Administrator\Desktop\Projects\eltek-timer-pay-backend\node_modules\ts-node\src\index.ts:863:19)
    at C:\Users\Administrator\Desktop\Projects\eltek-timer-pay-backend\node_modules\ts-node\src\index.ts:1379:34
    at Object.compile (C:\Users\Administrator\Desktop\Projects\eltek-timer-pay-backend\node_modules\ts-node\src\index.ts:1458:13)
    at Module.m._compile (C:\Users\Administrator\Desktop\Projects\eltek-timer-pay-backend\node_modules\ts-node\src\index.ts:1617:30)
    at node:internal/modules/cjs/loader:1689:10
    at Object.require.extensions.<computed> [as .ts] (C:\Users\Administrator\Desktop\Projects\eltek-timer-pay-backend\node_modules\ts-node\src\index.ts:1621:12)
    at Module.load (node:internal/modules/cjs/loader:1318:32)
    at Function._load (node:internal/modules/cjs/loader:1128:12)
    at TracingChannel.traceSync (node:diagnostics_channel:315:14)
2025-04-21 23:03:54 error: uncaughtException: тип Unable to compile TypeScript:
[96msrc/services/auth/auth.service.ts[0m:[93m129[0m:[93m25[0m - [91merror[0m[90m TS1005: [0m',' expected.

[7m129[0m         return {otp,user.fullName};
[7m   [0m [91m                        ~[0m

TSError: тип Unable to compile TypeScript:
[96msrc/services/auth/auth.service.ts[0m:[93m129[0m:[93m25[0m - [91merror[0m[90m TS1005: [0m',' expected.

[7m129[0m         return {otp,user.fullName};
[7m   [0m [91m                        ~[0m

    at createTSError (C:\Users\Administrator\Desktop\Projects\eltek-timer-pay-backend\node_modules\ts-node\src\index.ts:859:12)
    at reportTSError (C:\Users\Administrator\Desktop\Projects\eltek-timer-pay-backend\node_modules\ts-node\src\index.ts:863:19)
    at C:\Users\Administrator\Desktop\Projects\eltek-timer-pay-backend\node_modules\ts-node\src\index.ts:1379:34
    at Object.compile (C:\Users\Administrator\Desktop\Projects\eltek-timer-pay-backend\node_modules\ts-node\src\index.ts:1458:13)
    at Module.m._compile (C:\Users\Administrator\Desktop\Projects\eltek-timer-pay-backend\node_modules\ts-node\src\index.ts:1617:30)
    at node:internal/modules/cjs/loader:1689:10
    at Object.require.extensions.<computed> [as .ts] (C:\Users\Administrator\Desktop\Projects\eltek-timer-pay-backend\node_modules\ts-node\src\index.ts:1621:12)
    at Module.load (node:internal/modules/cjs/loader:1318:32)
    at Function._load (node:internal/modules/cjs/loader:1128:12)
    at TracingChannel.traceSync (node:diagnostics_channel:315:14)
2025-04-21 23:04:01 error: uncaughtException: тип Unable to compile TypeScript:
[96msrc/services/auth/auth.service.ts[0m:[93m129[0m:[93m9[0m - [91merror[0m[90m TS1109: [0mExpression expected.

[7m129[0m         }
[7m   [0m [91m        ~[0m
[96msrc/services/auth/auth.service.ts[0m:[93m130[0m:[93m25[0m - [91merror[0m[90m TS1005: [0m',' expected.

[7m130[0m         return {otp,user.fullName};
[7m   [0m [91m                        ~[0m

TSError: тип Unable to compile TypeScript:
[96msrc/services/auth/auth.service.ts[0m:[93m129[0m:[93m9[0m - [91merror[0m[90m TS1109: [0mExpression expected.

[7m129[0m         }
[7m   [0m [91m        ~[0m
[96msrc/services/auth/auth.service.ts[0m:[93m130[0m:[93m25[0m - [91merror[0m[90m TS1005: [0m',' expected.

[7m130[0m         return {otp,user.fullName};
[7m   [0m [91m                        ~[0m

    at createTSError (C:\Users\Administrator\Desktop\Projects\eltek-timer-pay-backend\node_modules\ts-node\src\index.ts:859:12)
    at reportTSError (C:\Users\Administrator\Desktop\Projects\eltek-timer-pay-backend\node_modules\ts-node\src\index.ts:863:19)
    at C:\Users\Administrator\Desktop\Projects\eltek-timer-pay-backend\node_modules\ts-node\src\index.ts:1379:34
    at Object.compile (C:\Users\Administrator\Desktop\Projects\eltek-timer-pay-backend\node_modules\ts-node\src\index.ts:1458:13)
    at Module.m._compile (C:\Users\Administrator\Desktop\Projects\eltek-timer-pay-backend\node_modules\ts-node\src\index.ts:1617:30)
    at node:internal/modules/cjs/loader:1689:10
    at Object.require.extensions.<computed> [as .ts] (C:\Users\Administrator\Desktop\Projects\eltek-timer-pay-backend\node_modules\ts-node\src\index.ts:1621:12)
    at Module.load (node:internal/modules/cjs/loader:1318:32)
    at Function._load (node:internal/modules/cjs/loader:1128:12)
    at TracingChannel.traceSync (node:diagnostics_channel:315:14)
2025-04-21 23:04:06 error: uncaughtException: тип Unable to compile TypeScript:
[96msrc/services/auth/auth.service.ts[0m:[93m129[0m:[93m9[0m - [91merror[0m[90m TS1109: [0mExpression expected.

[7m129[0m         }
[7m   [0m [91m        ~[0m
[96msrc/services/auth/auth.service.ts[0m:[93m130[0m:[93m25[0m - [91merror[0m[90m TS1005: [0m',' expected.

[7m130[0m         return {otp,user.fullName};
[7m   [0m [91m                        ~[0m

TSError: тип Unable to compile TypeScript:
[96msrc/services/auth/auth.service.ts[0m:[93m129[0m:[93m9[0m - [91merror[0m[90m TS1109: [0mExpression expected.

[7m129[0m         }
[7m   [0m [91m        ~[0m
[96msrc/services/auth/auth.service.ts[0m:[93m130[0m:[93m25[0m - [91merror[0m[90m TS1005: [0m',' expected.

[7m130[0m         return {otp,user.fullName};
[7m   [0m [91m                        ~[0m

    at createTSError (C:\Users\Administrator\Desktop\Projects\eltek-timer-pay-backend\node_modules\ts-node\src\index.ts:859:12)
    at reportTSError (C:\Users\Administrator\Desktop\Projects\eltek-timer-pay-backend\node_modules\ts-node\src\index.ts:863:19)
    at C:\Users\Administrator\Desktop\Projects\eltek-timer-pay-backend\node_modules\ts-node\src\index.ts:1379:34
    at Object.compile (C:\Users\Administrator\Desktop\Projects\eltek-timer-pay-backend\node_modules\ts-node\src\index.ts:1458:13)
    at Module.m._compile (C:\Users\Administrator\Desktop\Projects\eltek-timer-pay-backend\node_modules\ts-node\src\index.ts:1617:30)
    at node:internal/modules/cjs/loader:1689:10
    at Object.require.extensions.<computed> [as .ts] (C:\Users\Administrator\Desktop\Projects\eltek-timer-pay-backend\node_modules\ts-node\src\index.ts:1621:12)
    at Module.load (node:internal/modules/cjs/loader:1318:32)
    at Function._load (node:internal/modules/cjs/loader:1128:12)
    at TracingChannel.traceSync (node:diagnostics_channel:315:14)
2025-04-21 23:04:08 error: uncaughtException: тип Unable to compile TypeScript:
[96msrc/services/auth/auth.service.ts[0m:[93m129[0m:[93m9[0m - [91merror[0m[90m TS1109: [0mExpression expected.

[7m129[0m         }
[7m   [0m [91m        ~[0m
[96msrc/services/auth/auth.service.ts[0m:[93m130[0m:[93m25[0m - [91merror[0m[90m TS1005: [0m',' expected.

[7m130[0m         return {otp,user.fullName};
[7m   [0m [91m                        ~[0m

TSError: тип Unable to compile TypeScript:
[96msrc/services/auth/auth.service.ts[0m:[93m129[0m:[93m9[0m - [91merror[0m[90m TS1109: [0mExpression expected.

[7m129[0m         }
[7m   [0m [91m        ~[0m
[96msrc/services/auth/auth.service.ts[0m:[93m130[0m:[93m25[0m - [91merror[0m[90m TS1005: [0m',' expected.

[7m130[0m         return {otp,user.fullName};
[7m   [0m [91m                        ~[0m

    at createTSError (C:\Users\Administrator\Desktop\Projects\eltek-timer-pay-backend\node_modules\ts-node\src\index.ts:859:12)
    at reportTSError (C:\Users\Administrator\Desktop\Projects\eltek-timer-pay-backend\node_modules\ts-node\src\index.ts:863:19)
    at C:\Users\Administrator\Desktop\Projects\eltek-timer-pay-backend\node_modules\ts-node\src\index.ts:1379:34
    at Object.compile (C:\Users\Administrator\Desktop\Projects\eltek-timer-pay-backend\node_modules\ts-node\src\index.ts:1458:13)
    at Module.m._compile (C:\Users\Administrator\Desktop\Projects\eltek-timer-pay-backend\node_modules\ts-node\src\index.ts:1617:30)
    at node:internal/modules/cjs/loader:1689:10
    at Object.require.extensions.<computed> [as .ts] (C:\Users\Administrator\Desktop\Projects\eltek-timer-pay-backend\node_modules\ts-node\src\index.ts:1621:12)
    at Module.load (node:internal/modules/cjs/loader:1318:32)
    at Function._load (node:internal/modules/cjs/loader:1128:12)
    at TracingChannel.traceSync (node:diagnostics_channel:315:14)
2025-04-21 23:04:13 error: uncaughtException: тип Unable to compile TypeScript:
[96msrc/services/auth/auth.service.ts[0m:[93m130[0m:[93m25[0m - [91merror[0m[90m TS1005: [0m',' expected.

[7m130[0m         return {otp,user.fullName};
[7m   [0m [91m                        ~[0m

TSError: тип Unable to compile TypeScript:
[96msrc/services/auth/auth.service.ts[0m:[93m130[0m:[93m25[0m - [91merror[0m[90m TS1005: [0m',' expected.

[7m130[0m         return {otp,user.fullName};
[7m   [0m [91m                        ~[0m

    at createTSError (C:\Users\Administrator\Desktop\Projects\eltek-timer-pay-backend\node_modules\ts-node\src\index.ts:859:12)
    at reportTSError (C:\Users\Administrator\Desktop\Projects\eltek-timer-pay-backend\node_modules\ts-node\src\index.ts:863:19)
    at C:\Users\Administrator\Desktop\Projects\eltek-timer-pay-backend\node_modules\ts-node\src\index.ts:1379:34
    at Object.compile (C:\Users\Administrator\Desktop\Projects\eltek-timer-pay-backend\node_modules\ts-node\src\index.ts:1458:13)
    at Module.m._compile (C:\Users\Administrator\Desktop\Projects\eltek-timer-pay-backend\node_modules\ts-node\src\index.ts:1617:30)
    at node:internal/modules/cjs/loader:1689:10
    at Object.require.extensions.<computed> [as .ts] (C:\Users\Administrator\Desktop\Projects\eltek-timer-pay-backend\node_modules\ts-node\src\index.ts:1621:12)
    at Module.load (node:internal/modules/cjs/loader:1318:32)
    at Function._load (node:internal/modules/cjs/loader:1128:12)
    at TracingChannel.traceSync (node:diagnostics_channel:315:14)
2025-04-21 23:08:11 error: [POST] /api/auth/send-otp >> StatusCode:: 404, Message:: User Not Found
2025-04-21 23:09:59 error: [POST] /api/auth/send-otp >> StatusCode:: 404, Message:: User Not Found
2025-04-21 23:11:29 error: [POST] /api/auth/send-otp >> StatusCode:: 404, Message:: User Not Found
2025-04-21 23:20:39 error: [GET] /api/employees/getEmployee/0 >> StatusCode:: 404, Message:: Employee not found
2025-04-21 23:20:39 error: [GET] /api/employees/getNumberOfAssignedEmployees >> StatusCode:: 500, Message:: this.employeeService.getNumberOfAssignedEmployees is not a function
2025-04-21 23:20:40 error: [GET] /api/tasks/getProjectHoursSummary >> StatusCode:: 400, Message:: Error getting all projects hours
2025-04-21 23:20:40 error: [GET] /api/employees/getEmployee/0 >> StatusCode:: 404, Message:: Employee not found
2025-04-21 23:20:40 error: [GET] /api/employees/getNumberOfAssignedEmployees >> StatusCode:: 500, Message:: this.employeeService.getNumberOfAssignedEmployees is not a function
2025-04-21 23:20:40 error: [GET] /api/tasks/getProjectHoursSummary >> StatusCode:: 400, Message:: Error getting all projects hours
2025-04-21 23:21:02 error: [POST] /api/auth/signup >> StatusCode:: 400, Message:: password must be shorter than or equal to 32 characters
2025-04-21 23:28:41 error: [GET] /api/employees/getEmployee/0 >> StatusCode:: 404, Message:: Employee not found
2025-04-21 23:28:41 error: [GET] /api/employees/getEmployee/0 >> StatusCode:: 404, Message:: Employee not found
2025-04-21 23:29:07 error: [GET] /api/employees/getEmployee/0 >> StatusCode:: 404, Message:: Employee not found
2025-04-21 23:29:07 error: [GET] /api/employees/getEmployee/0 >> StatusCode:: 404, Message:: Employee not found
2025-04-21 23:48:56 error: [POST] /api/auth/update-password >> StatusCode:: 500, Message:: this.auth.updatePassword is not a function
2025-04-21 23:49:29 error: [POST] /api/auth/update-password >> StatusCode:: 500, Message:: this.auth.updatePassword is not a function
2025-04-21 23:55:26 error: [POST] /api/auth/update-password >> StatusCode:: 500, Message:: this.auth.updatePassword is not a function
2025-04-21 23:55:31 error: [POST] /api/auth/update-password >> StatusCode:: 500, Message:: this.auth.updatePassword is not a function
2025-04-21 23:56:09 error: uncaughtException: Route.post() requires a callback function but got a [object Undefined]
Error: Route.post() requires a callback function but got a [object Undefined]
    at Route.<computed> [as post] (C:\Users\Administrator\Desktop\Projects\eltek-timer-pay-backend\node_modules\express\lib\router\route.js:216:15)
    at Function.proto.<computed> [as post] (C:\Users\Administrator\Desktop\Projects\eltek-timer-pay-backend\node_modules\express\lib\router\index.js:521:19)
    at AuthRoute.initializeRoutes (C:\Users\Administrator\Desktop\Projects\eltek-timer-pay-backend\src\routes\auth\auth.route.ts:23:21)
    at new AuthRoute (C:\Users\Administrator\Desktop\Projects\eltek-timer-pay-backend\src\routes\auth\auth.route.ts:14:14)
    at Object.<anonymous> (C:\Users\Administrator\Desktop\Projects\eltek-timer-pay-backend\src\server.ts:16:3)
    at Module._compile (node:internal/modules/cjs/loader:1546:14)
    at Module.m._compile (C:\Users\Administrator\Desktop\Projects\eltek-timer-pay-backend\node_modules\ts-node\src\index.ts:1618:23)
    at node:internal/modules/cjs/loader:1689:10
    at Object.require.extensions.<computed> [as .ts] (C:\Users\Administrator\Desktop\Projects\eltek-timer-pay-backend\node_modules\ts-node\src\index.ts:1621:12)
    at Module.load (node:internal/modules/cjs/loader:1318:32)
2025-04-21 23:56:28 error: [POST] /api/auth/update-password >> StatusCode:: 500, Message:: Cannot read properties of undefined (reading 'length')
2025-04-21 23:58:02 error: [POST] /api/auth/update-password >> StatusCode:: 409, Message:: Illegal arguments: undefined, number
