2025-05-06 11:36:33 error: [GET] /api/employees/getNumberOfAssignedEmployees >> StatusCode:: 500, Message:: this.employeeService.getNumberOfAssignedEmployees is not a function
2025-05-06 11:36:33 error: [GET] /api/tasks/getProjectHoursSummary >> StatusCode:: 400, Message:: Error getting all projects hours
2025-05-06 11:36:34 error: [GET] /api/employees/getNumberOfAssignedEmployees >> StatusCode:: 500, Message:: this.employeeService.getNumberOfAssignedEmployees is not a function
2025-05-06 11:36:35 error: [GET] /api/tasks/getProjectHoursSummary >> StatusCode:: 400, Message:: Error getting all projects hours
2025-05-06 13:19:13 error: uncaughtException: Service with "Token<IReportService>" identifier was not found in the container. Register it before usage via explicitly calling the "Container.set" function or using the "@Service()" decorator.
ServiceNotFoundError: Service with "Token<IReportService>" identifier was not found in the container. Register it before usage via explicitly calling the "Container.set" function or using the "@Service()" decorator.
    at ContainerInstance.get (C:\Users\Administrator\Desktop\Projects\eltek-timer-pay-backend\node_modules\src\container-instance.class.ts:75:11)
    at Function.get (C:\Users\Administrator\Desktop\Projects\eltek-timer-pay-backend\node_modules\src\container.class.ts:61:32)
    at new ReportController (C:\Users\Administrator\Desktop\Projects\eltek-timer-pay-backend\src\controllers\project\report.controller.ts:13:40)
    at new ReportRoute (C:\Users\Administrator\Desktop\Projects\eltek-timer-pay-backend\src\routes\project\report.routes.ts:9:32)
    at Object.<anonymous> (C:\Users\Administrator\Desktop\Projects\eltek-timer-pay-backend\src\server.ts:24:3)
    at Module._compile (node:internal/modules/cjs/loader:1546:14)
    at Module.m._compile (C:\Users\Administrator\Desktop\Projects\eltek-timer-pay-backend\node_modules\ts-node\src\index.ts:1618:23)
    at node:internal/modules/cjs/loader:1689:10
    at Object.require.extensions.<computed> [as .ts] (C:\Users\Administrator\Desktop\Projects\eltek-timer-pay-backend\node_modules\ts-node\src\index.ts:1621:12)
    at Module.load (node:internal/modules/cjs/loader:1318:32)
2025-05-06 13:19:29 error: uncaughtException: Service with "Token<IReportService>" identifier was not found in the container. Register it before usage via explicitly calling the "Container.set" function or using the "@Service()" decorator.
ServiceNotFoundError: Service with "Token<IReportService>" identifier was not found in the container. Register it before usage via explicitly calling the "Container.set" function or using the "@Service()" decorator.
    at ContainerInstance.get (C:\Users\Administrator\Desktop\Projects\eltek-timer-pay-backend\node_modules\src\container-instance.class.ts:75:11)
    at Function.get (C:\Users\Administrator\Desktop\Projects\eltek-timer-pay-backend\node_modules\src\container.class.ts:61:32)
    at new ReportController (C:\Users\Administrator\Desktop\Projects\eltek-timer-pay-backend\src\controllers\project\report.controller.ts:13:40)
    at new ReportRoute (C:\Users\Administrator\Desktop\Projects\eltek-timer-pay-backend\src\routes\project\report.routes.ts:9:32)
    at Object.<anonymous> (C:\Users\Administrator\Desktop\Projects\eltek-timer-pay-backend\src\server.ts:24:3)
    at Module._compile (node:internal/modules/cjs/loader:1546:14)
    at Module.m._compile (C:\Users\Administrator\Desktop\Projects\eltek-timer-pay-backend\node_modules\ts-node\src\index.ts:1618:23)
    at node:internal/modules/cjs/loader:1689:10
    at Object.require.extensions.<computed> [as .ts] (C:\Users\Administrator\Desktop\Projects\eltek-timer-pay-backend\node_modules\ts-node\src\index.ts:1621:12)
    at Module.load (node:internal/modules/cjs/loader:1318:32)
2025-05-06 13:19:51 error: uncaughtException: Re is not defined
ReferenceError: Re is not defined
    at App.initializeInterfaces (C:\Users\Administrator\Desktop\Projects\eltek-timer-pay-backend\src\app.ts:148:39)
    at new App (C:\Users\Administrator\Desktop\Projects\eltek-timer-pay-backend\src\app.ts:48:10)
    at Object.<anonymous> (C:\Users\Administrator\Desktop\Projects\eltek-timer-pay-backend\src\server.ts:16:13)
    at Module._compile (node:internal/modules/cjs/loader:1546:14)
    at Module.m._compile (C:\Users\Administrator\Desktop\Projects\eltek-timer-pay-backend\node_modules\ts-node\src\index.ts:1618:23)
    at node:internal/modules/cjs/loader:1689:10
    at Object.require.extensions.<computed> [as .ts] (C:\Users\Administrator\Desktop\Projects\eltek-timer-pay-backend\node_modules\ts-node\src\index.ts:1621:12)
    at Module.load (node:internal/modules/cjs/loader:1318:32)
    at Function._load (node:internal/modules/cjs/loader:1128:12)
    at TracingChannel.traceSync (node:diagnostics_channel:315:14)
2025-05-06 14:42:28 error: uncaughtException: await is only valid in async functions and the top level bodies of modules
C:\Users\Administrator\Desktop\Projects\eltek-timer-pay-backend\src\services\project\report.service.ts:26
            const phasesCompletionRate = await this.reportRepository.getPhaseCompletionPercentages(projectId);
                                         ^^^^^

SyntaxError: await is only valid in async functions and the top level bodies of modules
    at wrapSafe (node:internal/modules/cjs/loader:1469:18)
    at Module._compile (node:internal/modules/cjs/loader:1491:20)
    at Module.m._compile (C:\Users\Administrator\Desktop\Projects\eltek-timer-pay-backend\node_modules\ts-node\src\index.ts:1618:23)
    at node:internal/modules/cjs/loader:1689:10
    at Object.require.extensions.<computed> [as .ts] (C:\Users\Administrator\Desktop\Projects\eltek-timer-pay-backend\node_modules\ts-node\src\index.ts:1621:12)
    at Module.load (node:internal/modules/cjs/loader:1318:32)
    at Function._load (node:internal/modules/cjs/loader:1128:12)
    at TracingChannel.traceSync (node:diagnostics_channel:315:14)
    at wrapModuleLoad (node:internal/modules/cjs/loader:218:24)
    at Module.require (node:internal/modules/cjs/loader:1340:12)
2025-05-06 14:42:35 error: uncaughtException: тип Unable to compile TypeScript:
[96msrc/services/project/report.service.ts[0m:[93m18[0m:[93m12[0m - [91merror[0m[90m TS1435: [0mUnknown keyword or identifier. Did you mean 'get ProjectCostData'?

[7m18[0m     public getProjectCostData async (projectId: number): Promise<[number, number]> {
[7m  [0m [91m           ~~~~~~~~~~~~~~~~~~[0m

TSError: тип Unable to compile TypeScript:
[96msrc/services/project/report.service.ts[0m:[93m18[0m:[93m12[0m - [91merror[0m[90m TS1435: [0mUnknown keyword or identifier. Did you mean 'get ProjectCostData'?

[7m18[0m     public getProjectCostData async (projectId: number): Promise<[number, number]> {
[7m  [0m [91m           ~~~~~~~~~~~~~~~~~~[0m

    at createTSError (C:\Users\Administrator\Desktop\Projects\eltek-timer-pay-backend\node_modules\ts-node\src\index.ts:859:12)
    at reportTSError (C:\Users\Administrator\Desktop\Projects\eltek-timer-pay-backend\node_modules\ts-node\src\index.ts:863:19)
    at C:\Users\Administrator\Desktop\Projects\eltek-timer-pay-backend\node_modules\ts-node\src\index.ts:1379:34
    at Object.compile (C:\Users\Administrator\Desktop\Projects\eltek-timer-pay-backend\node_modules\ts-node\src\index.ts:1458:13)
    at Module.m._compile (C:\Users\Administrator\Desktop\Projects\eltek-timer-pay-backend\node_modules\ts-node\src\index.ts:1617:30)
    at node:internal/modules/cjs/loader:1689:10
    at Object.require.extensions.<computed> [as .ts] (C:\Users\Administrator\Desktop\Projects\eltek-timer-pay-backend\node_modules\ts-node\src\index.ts:1621:12)
    at Module.load (node:internal/modules/cjs/loader:1318:32)
    at Function._load (node:internal/modules/cjs/loader:1128:12)
    at TracingChannel.traceSync (node:diagnostics_channel:315:14)
2025-05-06 14:45:08 error: [GET] /api/reports/getProjectCostData/1 >> StatusCode:: 500, Message:: Error generating project cost data
2025-05-06 14:45:12 error: [GET] /api/reports/getProjectCostData/1 >> StatusCode:: 500, Message:: Error generating project cost data
2025-05-06 14:46:01 error: [GET] /api/reports/getProjectCostData/1 >> StatusCode:: 500, Message:: SequelizeEagerLoadingError: Allocation is associated to Project using an alias. You've included an alias (Allocations), but it does not match the alias(es) defined in your association (allocations).
2025-05-06 14:46:45 error: [GET] /api/reports/getProjectCostData/1 >> StatusCode:: 500, Message:: Allocation is associated to Project using an alias. You've included an alias (Allocations), but it does not match the alias(es) defined in your association (allocations).
2025-05-06 14:48:08 error: [GET] /api/reports/getProjectCostData/1 >> StatusCode:: 500, Message:: Employee is associated to Allocation using an alias. You must use the 'as' keyword to specify the alias within your include statement.
2025-05-06 14:50:38 error: [GET] /api/reports/getProjectCostData/1 >> StatusCode:: 500, Message:: Cannot read properties of undefined (reading 'find')
2025-05-06 14:52:02 error: [GET] /api/reports/getProjectCostData/1 >> StatusCode:: 500, Message:: Cannot read properties of undefined (reading 'find')
2025-05-06 14:54:43 error: [GET] /api/reports/getProjectCostData/1 >> StatusCode:: 500, Message:: Cannot read properties of undefined (reading 'find')
2025-05-06 14:54:52 error: [GET] /api/reports/getProjectCostData/1 >> StatusCode:: 500, Message:: Cannot read properties of undefined (reading 'find')
2025-05-06 14:56:51 error: [GET] /api/reports/getProjectCostData/1 >> StatusCode:: 500, Message:: Cannot read properties of undefined (reading 'find')
2025-05-06 15:01:08 error: [GET] /api/reports/getProjectCostData/1 >> StatusCode:: 500, Message:: Cannot read properties of undefined (reading 'find')
2025-05-06 15:02:19 error: [GET] /api/reports/getProjectCostData/1 >> StatusCode:: 500, Message:: Cannot read properties of undefined (reading 'find')
2025-05-06 15:41:02 error: [POST] /api/auth/login >> StatusCode:: 400, Message:: Invalid password
2025-05-06 15:41:15 error: [GET] /api/tasks/getEmployeeProjectHours/3 >> StatusCode:: 400, Message:: SequelizeDatabaseError: Unknown column 'hours' in 'field list'
2025-05-06 15:41:16 error: [GET] /api/tasks/getEmployeeProjectHours/3 >> StatusCode:: 400, Message:: SequelizeDatabaseError: Unknown column 'hours' in 'field list'
2025-05-06 15:41:36 error: [GET] /api/tasks/getEmployeeProjectHours/5 >> StatusCode:: 400, Message:: SequelizeDatabaseError: Unknown column 'hours' in 'field list'
2025-05-06 15:41:36 error: [GET] /api/tasks/getEmployeeProjectHours/5 >> StatusCode:: 400, Message:: SequelizeDatabaseError: Unknown column 'hours' in 'field list'
2025-05-06 15:42:22 error: [GET] /api/employees/getNumberOfAssignedEmployees >> StatusCode:: 500, Message:: this.employeeService.getNumberOfAssignedEmployees is not a function
2025-05-06 15:42:22 error: [GET] /api/employees/getNumberOfAssignedEmployees >> StatusCode:: 500, Message:: this.employeeService.getNumberOfAssignedEmployees is not a function
2025-05-06 15:42:23 error: [GET] /api/tasks/getProjectHoursSummary >> StatusCode:: 400, Message:: Error getting all projects hours
2025-05-06 15:42:24 error: [GET] /api/tasks/getProjectHoursSummary >> StatusCode:: 400, Message:: Error getting all projects hours
2025-05-06 15:42:54 error: [GET] /api/tasks/getEmployeeProjectHours/2 >> StatusCode:: 400, Message:: SequelizeDatabaseError: Unknown column 'hours' in 'field list'
2025-05-06 15:42:54 error: [GET] /api/tasks/getEmployeeProjectHours/2 >> StatusCode:: 400, Message:: SequelizeConnectionError: User 'aa010d_kultwano' has exceeded the 'max_user_connections' resource (current value: 10)
2025-05-06 15:43:16 error: [GET] /api/employees/getNumberOfAssignedEmployees >> StatusCode:: 500, Message:: this.employeeService.getNumberOfAssignedEmployees is not a function
2025-05-06 15:43:16 error: [GET] /api/tasks/getProjectHoursSummary >> StatusCode:: 400, Message:: Error getting all projects hours
2025-05-06 15:43:17 error: [GET] /api/employees/getNumberOfAssignedEmployees >> StatusCode:: 500, Message:: this.employeeService.getNumberOfAssignedEmployees is not a function
2025-05-06 15:43:17 error: [GET] /api/tasks/getProjectHoursSummary >> StatusCode:: 400, Message:: Error getting all projects hours
2025-05-06 15:44:24 error: [GET] /api/employees/getNumberOfAssignedEmployees >> StatusCode:: 500, Message:: this.employeeService.getNumberOfAssignedEmployees is not a function
2025-05-06 15:44:24 error: [GET] /api/tasks/getProjectHoursSummary >> StatusCode:: 400, Message:: Error getting all projects hours
2025-05-06 15:44:25 error: [GET] /api/employees/getNumberOfAssignedEmployees >> StatusCode:: 500, Message:: this.employeeService.getNumberOfAssignedEmployees is not a function
2025-05-06 15:44:25 error: [GET] /api/tasks/getProjectHoursSummary >> StatusCode:: 400, Message:: Error getting all projects hours
2025-05-06 15:45:24 error: [GET] /api/tasks/getEmployeeProjectHours/3 >> StatusCode:: 400, Message:: SequelizeDatabaseError: Unknown column 'hours' in 'field list'
2025-05-06 15:45:24 error: [GET] /api/tasks/getEmployeeProjectHours/3 >> StatusCode:: 400, Message:: SequelizeConnectionError: User 'aa010d_kultwano' has exceeded the 'max_user_connections' resource (current value: 10)
2025-05-06 15:45:24 error: [GET] /api/tasks/getEmployeeChartTaskTimeStatistics/3 >> StatusCode:: 400, Message:: SequelizeConnectionError: User 'aa010d_kultwano' has exceeded the 'max_user_connections' resource (current value: 10)
2025-05-06 15:46:14 error: [GET] /api/employees/getNumberOfAssignedEmployees >> StatusCode:: 500, Message:: this.employeeService.getNumberOfAssignedEmployees is not a function
2025-05-06 15:46:14 error: [GET] /api/tasks/getChartWeeklyTaskTimeStatistics >> StatusCode:: 400, Message:: SequelizeConnectionError: User 'aa010d_kultwano' has exceeded the 'max_user_connections' resource (current value: 10)
2025-05-06 15:46:14 error: [GET] /api/tasks/getProjectHoursSummary >> StatusCode:: 400, Message:: Error getting all projects hours
2025-05-06 15:46:15 error: [GET] /api/employees/getNumberOfAssignedEmployees >> StatusCode:: 500, Message:: this.employeeService.getNumberOfAssignedEmployees is not a function
2025-05-06 15:46:15 error: [GET] /api/tasks/getProjectHoursSummary >> StatusCode:: 400, Message:: Error getting all projects hours
2025-05-06 15:46:42 error: [GET] /api/tasks/getEmployeeProjectHours/2 >> StatusCode:: 400, Message:: SequelizeDatabaseError: Unknown column 'hours' in 'field list'
2025-05-06 15:46:43 error: [GET] /api/tasks/getEmployeeProjectHours/2 >> StatusCode:: 400, Message:: SequelizeDatabaseError: Unknown column 'hours' in 'field list'
2025-05-06 15:47:06 error: [GET] /api/tasks/getEmployeeProjectHours/5 >> StatusCode:: 400, Message:: SequelizeDatabaseError: Unknown column 'hours' in 'field list'
2025-05-06 15:47:07 error: [GET] /api/tasks/getEmployeeProjectHours/5 >> StatusCode:: 400, Message:: SequelizeDatabaseError: Unknown column 'hours' in 'field list'
2025-05-06 15:47:18 error: [GET] /api/tasks/getEmployeeProjectHours/3 >> StatusCode:: 400, Message:: SequelizeDatabaseError: Unknown column 'hours' in 'field list'
2025-05-06 15:47:18 error: [GET] /api/tasks/getEmployeeProjectHours/3 >> StatusCode:: 400, Message:: SequelizeDatabaseError: Unknown column 'hours' in 'field list'
2025-05-06 15:47:38 error: [GET] /api/employees/getNumberOfAssignedEmployees >> StatusCode:: 500, Message:: this.employeeService.getNumberOfAssignedEmployees is not a function
2025-05-06 15:47:38 error: [GET] /api/tasks/getProjectHoursSummary >> StatusCode:: 400, Message:: Error getting all projects hours
2025-05-06 15:47:39 error: [GET] /api/employees/getNumberOfAssignedEmployees >> StatusCode:: 500, Message:: this.employeeService.getNumberOfAssignedEmployees is not a function
2025-05-06 15:47:39 error: [GET] /api/tasks/getProjectHoursSummary >> StatusCode:: 400, Message:: Error getting all projects hours
2025-05-06 15:48:16 error: [GET] /api/tasks/getEmployeeProjectHours/3 >> StatusCode:: 400, Message:: SequelizeDatabaseError: Unknown column 'hours' in 'field list'
2025-05-06 15:48:17 error: [GET] /api/tasks/getEmployeeProjectHours/3 >> StatusCode:: 400, Message:: SequelizeDatabaseError: Unknown column 'hours' in 'field list'
2025-05-06 15:48:39 error: [GET] /api/tasks/getEmployeeProjectHours/2 >> StatusCode:: 400, Message:: SequelizeDatabaseError: Unknown column 'hours' in 'field list'
2025-05-06 15:48:39 error: [GET] /api/tasks/getEmployeeProjectHours/2 >> StatusCode:: 400, Message:: SequelizeDatabaseError: Unknown column 'hours' in 'field list'
2025-05-06 15:48:58 error: [GET] /api/employees/getNumberOfAssignedEmployees >> StatusCode:: 500, Message:: this.employeeService.getNumberOfAssignedEmployees is not a function
2025-05-06 15:48:58 error: [GET] /api/tasks/getProjectHoursSummary >> StatusCode:: 400, Message:: Error getting all projects hours
2025-05-06 15:48:59 error: [GET] /api/employees/getNumberOfAssignedEmployees >> StatusCode:: 500, Message:: this.employeeService.getNumberOfAssignedEmployees is not a function
2025-05-06 15:48:59 error: [GET] /api/tasks/getProjectHoursSummary >> StatusCode:: 400, Message:: Error getting all projects hours
2025-05-06 16:51:16 error: [GET] /api/employees/getNumberOfAssignedEmployees >> StatusCode:: 500, Message:: this.employeeService.getNumberOfAssignedEmployees is not a function
2025-05-06 16:51:16 error: [GET] /api/employees/getNumberOfAssignedEmployees >> StatusCode:: 500, Message:: this.employeeService.getNumberOfAssignedEmployees is not a function
2025-05-06 16:51:17 error: [GET] /api/tasks/getProjectHoursSummary >> StatusCode:: 400, Message:: Error getting all projects hours
2025-05-06 16:51:18 error: [GET] /api/tasks/getProjectHoursSummary >> StatusCode:: 400, Message:: Error getting all projects hours
