2025-03-31 00:16:58 error: [GET] /api/employees/getNumberOfAssignedEmployees >> StatusCode:: 401, Message:: jwt expired
2025-03-31 00:38:22 error: [POST] /api/tasks/createTask >> StatusCode:: 400, Message:: projectId must be a positive number,projectId must be an integer number
2025-03-31 00:38:41 error: [POST] /api/tasks/createTask >> StatusCode:: 400, Message:: projectId must be a positive number,projectId must be an integer number
2025-03-31 00:40:26 error: [POST] /api/tasks/createTask >> StatusCode:: 400, Message:: projectId must be a positive number,projectId must be an integer number
2025-03-31 00:40:47 error: [POST] /api/tasks/createTask >> StatusCode:: 400, Message:: projectId must be a positive number,projectId must be an integer number
2025-03-31 01:01:56 error: [POST] /api/auth/login >> StatusCode:: 400, Message:: Invalid password
2025-03-31 01:23:11 error: uncaughtException: тип Unable to compile TypeScript:
[96msrc/repositories/employee/employee.repository.ts[0m:[93m231[0m:[93m15[0m - [91merror[0m[90m TS1005: [0m',' expected.

[7m231[0m           date: task.createdAt.toISOString().split('T')[0]
[7m   [0m [91m              ~[0m
[96msrc/repositories/employee/employee.repository.ts[0m:[93m231[0m:[93m21[0m - [91merror[0m[90m TS1005: [0m',' expected.

[7m231[0m           date: task.createdAt.toISOString().split('T')[0]
[7m   [0m [91m                    ~[0m

TSError: тип Unable to compile TypeScript:
[96msrc/repositories/employee/employee.repository.ts[0m:[93m231[0m:[93m15[0m - [91merror[0m[90m TS1005: [0m',' expected.

[7m231[0m           date: task.createdAt.toISOString().split('T')[0]
[7m   [0m [91m              ~[0m
[96msrc/repositories/employee/employee.repository.ts[0m:[93m231[0m:[93m21[0m - [91merror[0m[90m TS1005: [0m',' expected.

[7m231[0m           date: task.createdAt.toISOString().split('T')[0]
[7m   [0m [91m                    ~[0m

    at createTSError (C:\Users\Administrator\Desktop\Projects\eltek-timer-pay-backend\node_modules\ts-node\src\index.ts:859:12)
    at reportTSError (C:\Users\Administrator\Desktop\Projects\eltek-timer-pay-backend\node_modules\ts-node\src\index.ts:863:19)
    at C:\Users\Administrator\Desktop\Projects\eltek-timer-pay-backend\node_modules\ts-node\src\index.ts:1379:34
    at Object.compile (C:\Users\Administrator\Desktop\Projects\eltek-timer-pay-backend\node_modules\ts-node\src\index.ts:1458:13)
    at Module.m._compile (C:\Users\Administrator\Desktop\Projects\eltek-timer-pay-backend\node_modules\ts-node\src\index.ts:1617:30)
    at node:internal/modules/cjs/loader:1689:10
    at Object.require.extensions.<computed> [as .ts] (C:\Users\Administrator\Desktop\Projects\eltek-timer-pay-backend\node_modules\ts-node\src\index.ts:1621:12)
    at Module.load (node:internal/modules/cjs/loader:1318:32)
    at Function._load (node:internal/modules/cjs/loader:1128:12)
    at TracingChannel.traceSync (node:diagnostics_channel:315:14)
2025-03-31 01:23:17 error: uncaughtException: тип Unable to compile TypeScript:
[96msrc/repositories/employee/employee.repository.ts[0m:[93m231[0m:[93m11[0m - [91merror[0m[90m TS1005: [0m',' expected.

[7m231[0m           date: task.createdAt.toISOString().split('T')[0]
[7m   [0m [91m          ~~~~[0m

TSError: тип Unable to compile TypeScript:
[96msrc/repositories/employee/employee.repository.ts[0m:[93m231[0m:[93m11[0m - [91merror[0m[90m TS1005: [0m',' expected.

[7m231[0m           date: task.createdAt.toISOString().split('T')[0]
[7m   [0m [91m          ~~~~[0m

    at createTSError (C:\Users\Administrator\Desktop\Projects\eltek-timer-pay-backend\node_modules\ts-node\src\index.ts:859:12)
    at reportTSError (C:\Users\Administrator\Desktop\Projects\eltek-timer-pay-backend\node_modules\ts-node\src\index.ts:863:19)
    at C:\Users\Administrator\Desktop\Projects\eltek-timer-pay-backend\node_modules\ts-node\src\index.ts:1379:34
    at Object.compile (C:\Users\Administrator\Desktop\Projects\eltek-timer-pay-backend\node_modules\ts-node\src\index.ts:1458:13)
    at Module.m._compile (C:\Users\Administrator\Desktop\Projects\eltek-timer-pay-backend\node_modules\ts-node\src\index.ts:1617:30)
    at node:internal/modules/cjs/loader:1689:10
    at Object.require.extensions.<computed> [as .ts] (C:\Users\Administrator\Desktop\Projects\eltek-timer-pay-backend\node_modules\ts-node\src\index.ts:1621:12)
    at Module.load (node:internal/modules/cjs/loader:1318:32)
    at Function._load (node:internal/modules/cjs/loader:1128:12)
    at TracingChannel.traceSync (node:diagnostics_channel:315:14)
2025-03-31 01:24:01 error: uncaughtException: тип Unable to compile TypeScript:
[96msrc/repositories/employee/employee.repository.ts[0m:[93m231[0m:[93m23[0m - [91merror[0m[90m TS1005: [0m',' expected.

[7m231[0m           employeeName:task.employeeName,
[7m   [0m [91m                      ~[0m
[96msrc/repositories/employee/employee.repository.ts[0m:[93m231[0m:[93m28[0m - [91merror[0m[90m TS1005: [0m',' expected.

[7m231[0m           employeeName:task.employeeName,
[7m   [0m [91m                           ~[0m

TSError: тип Unable to compile TypeScript:
[96msrc/repositories/employee/employee.repository.ts[0m:[93m231[0m:[93m23[0m - [91merror[0m[90m TS1005: [0m',' expected.

[7m231[0m           employeeName:task.employeeName,
[7m   [0m [91m                      ~[0m
[96msrc/repositories/employee/employee.repository.ts[0m:[93m231[0m:[93m28[0m - [91merror[0m[90m TS1005: [0m',' expected.

[7m231[0m           employeeName:task.employeeName,
[7m   [0m [91m                           ~[0m

    at createTSError (C:\Users\Administrator\Desktop\Projects\eltek-timer-pay-backend\node_modules\ts-node\src\index.ts:859:12)
    at reportTSError (C:\Users\Administrator\Desktop\Projects\eltek-timer-pay-backend\node_modules\ts-node\src\index.ts:863:19)
    at C:\Users\Administrator\Desktop\Projects\eltek-timer-pay-backend\node_modules\ts-node\src\index.ts:1379:34
    at Object.compile (C:\Users\Administrator\Desktop\Projects\eltek-timer-pay-backend\node_modules\ts-node\src\index.ts:1458:13)
    at Module.m._compile (C:\Users\Administrator\Desktop\Projects\eltek-timer-pay-backend\node_modules\ts-node\src\index.ts:1617:30)
    at node:internal/modules/cjs/loader:1689:10
    at Object.require.extensions.<computed> [as .ts] (C:\Users\Administrator\Desktop\Projects\eltek-timer-pay-backend\node_modules\ts-node\src\index.ts:1621:12)
    at Module.load (node:internal/modules/cjs/loader:1318:32)
    at Function._load (node:internal/modules/cjs/loader:1128:12)
    at TracingChannel.traceSync (node:diagnostics_channel:315:14)
2025-03-31 01:24:04 error: uncaughtException: тип Unable to compile TypeScript:
[96msrc/repositories/employee/employee.repository.ts[0m:[93m231[0m:[93m23[0m - [91merror[0m[90m TS1005: [0m',' expected.

[7m231[0m           employeeName:task.employeeName,
[7m   [0m [91m                      ~[0m
[96msrc/repositories/employee/employee.repository.ts[0m:[93m231[0m:[93m28[0m - [91merror[0m[90m TS1005: [0m',' expected.

[7m231[0m           employeeName:task.employeeName,
[7m   [0m [91m                           ~[0m

TSError: тип Unable to compile TypeScript:
[96msrc/repositories/employee/employee.repository.ts[0m:[93m231[0m:[93m23[0m - [91merror[0m[90m TS1005: [0m',' expected.

[7m231[0m           employeeName:task.employeeName,
[7m   [0m [91m                      ~[0m
[96msrc/repositories/employee/employee.repository.ts[0m:[93m231[0m:[93m28[0m - [91merror[0m[90m TS1005: [0m',' expected.

[7m231[0m           employeeName:task.employeeName,
[7m   [0m [91m                           ~[0m

    at createTSError (C:\Users\Administrator\Desktop\Projects\eltek-timer-pay-backend\node_modules\ts-node\src\index.ts:859:12)
    at reportTSError (C:\Users\Administrator\Desktop\Projects\eltek-timer-pay-backend\node_modules\ts-node\src\index.ts:863:19)
    at C:\Users\Administrator\Desktop\Projects\eltek-timer-pay-backend\node_modules\ts-node\src\index.ts:1379:34
    at Object.compile (C:\Users\Administrator\Desktop\Projects\eltek-timer-pay-backend\node_modules\ts-node\src\index.ts:1458:13)
    at Module.m._compile (C:\Users\Administrator\Desktop\Projects\eltek-timer-pay-backend\node_modules\ts-node\src\index.ts:1617:30)
    at node:internal/modules/cjs/loader:1689:10
    at Object.require.extensions.<computed> [as .ts] (C:\Users\Administrator\Desktop\Projects\eltek-timer-pay-backend\node_modules\ts-node\src\index.ts:1621:12)
    at Module.load (node:internal/modules/cjs/loader:1318:32)
    at Function._load (node:internal/modules/cjs/loader:1128:12)
    at TracingChannel.traceSync (node:diagnostics_channel:315:14)
2025-03-31 01:24:06 error: uncaughtException: тип Unable to compile TypeScript:
[96msrc/repositories/employee/employee.repository.ts[0m:[93m231[0m:[93m11[0m - [91merror[0m[90m TS1005: [0m',' expected.

[7m231[0m           employeeName:task.employeeName,
[7m   [0m [91m          ~~~~~~~~~~~~[0m

TSError: тип Unable to compile TypeScript:
[96msrc/repositories/employee/employee.repository.ts[0m:[93m231[0m:[93m11[0m - [91merror[0m[90m TS1005: [0m',' expected.

[7m231[0m           employeeName:task.employeeName,
[7m   [0m [91m          ~~~~~~~~~~~~[0m

    at createTSError (C:\Users\Administrator\Desktop\Projects\eltek-timer-pay-backend\node_modules\ts-node\src\index.ts:859:12)
    at reportTSError (C:\Users\Administrator\Desktop\Projects\eltek-timer-pay-backend\node_modules\ts-node\src\index.ts:863:19)
    at C:\Users\Administrator\Desktop\Projects\eltek-timer-pay-backend\node_modules\ts-node\src\index.ts:1379:34
    at Object.compile (C:\Users\Administrator\Desktop\Projects\eltek-timer-pay-backend\node_modules\ts-node\src\index.ts:1458:13)
    at Module.m._compile (C:\Users\Administrator\Desktop\Projects\eltek-timer-pay-backend\node_modules\ts-node\src\index.ts:1617:30)
    at node:internal/modules/cjs/loader:1689:10
    at Object.require.extensions.<computed> [as .ts] (C:\Users\Administrator\Desktop\Projects\eltek-timer-pay-backend\node_modules\ts-node\src\index.ts:1621:12)
    at Module.load (node:internal/modules/cjs/loader:1318:32)
    at Function._load (node:internal/modules/cjs/loader:1128:12)
    at TracingChannel.traceSync (node:diagnostics_channel:315:14)
2025-03-31 01:26:26 error: uncaughtException: Unexpected token ';'
C:\Users\Administrator\Desktop\Projects\eltek-timer-pay-backend\src\controllers\project\task.controller.ts:227
                const ;
                      ^

SyntaxError: Unexpected token ';'
    at wrapSafe (node:internal/modules/cjs/loader:1469:18)
    at Module._compile (node:internal/modules/cjs/loader:1491:20)
    at Module.m._compile (C:\Users\Administrator\Desktop\Projects\eltek-timer-pay-backend\node_modules\ts-node\src\index.ts:1618:23)
    at node:internal/modules/cjs/loader:1689:10
    at Object.require.extensions.<computed> [as .ts] (C:\Users\Administrator\Desktop\Projects\eltek-timer-pay-backend\node_modules\ts-node\src\index.ts:1621:12)
    at Module.load (node:internal/modules/cjs/loader:1318:32)
    at Function._load (node:internal/modules/cjs/loader:1128:12)
    at TracingChannel.traceSync (node:diagnostics_channel:315:14)
    at wrapModuleLoad (node:internal/modules/cjs/loader:218:24)
    at Module.require (node:internal/modules/cjs/loader:1340:12)
2025-03-31 01:26:31 error: uncaughtException: Missing initializer in const declaration
C:\Users\Administrator\Desktop\Projects\eltek-timer-pay-backend\src\controllers\project\task.controller.ts:227
                const employeeId;
                      ^^^^^^^^^^

SyntaxError: Missing initializer in const declaration
    at wrapSafe (node:internal/modules/cjs/loader:1469:18)
    at Module._compile (node:internal/modules/cjs/loader:1491:20)
    at Module.m._compile (C:\Users\Administrator\Desktop\Projects\eltek-timer-pay-backend\node_modules\ts-node\src\index.ts:1618:23)
    at node:internal/modules/cjs/loader:1689:10
    at Object.require.extensions.<computed> [as .ts] (C:\Users\Administrator\Desktop\Projects\eltek-timer-pay-backend\node_modules\ts-node\src\index.ts:1621:12)
    at Module.load (node:internal/modules/cjs/loader:1318:32)
    at Function._load (node:internal/modules/cjs/loader:1128:12)
    at TracingChannel.traceSync (node:diagnostics_channel:315:14)
    at wrapModuleLoad (node:internal/modules/cjs/loader:218:24)
    at Module.require (node:internal/modules/cjs/loader:1340:12)
2025-03-31 01:26:33 error: uncaughtException: тип Unable to compile TypeScript:
[96msrc/controllers/project/task.controller.ts[0m:[93m250[0m:[93m36[0m - [91merror[0m[90m TS1003: [0mIdentifier expected.

[7m250[0m             const employeeId = req.
[7m   [0m [91m                                   [0m

TSError: тип Unable to compile TypeScript:
[96msrc/controllers/project/task.controller.ts[0m:[93m250[0m:[93m36[0m - [91merror[0m[90m TS1003: [0mIdentifier expected.

[7m250[0m             const employeeId = req.
[7m   [0m [91m                                   [0m

    at createTSError (C:\Users\Administrator\Desktop\Projects\eltek-timer-pay-backend\node_modules\ts-node\src\index.ts:859:12)
    at reportTSError (C:\Users\Administrator\Desktop\Projects\eltek-timer-pay-backend\node_modules\ts-node\src\index.ts:863:19)
    at C:\Users\Administrator\Desktop\Projects\eltek-timer-pay-backend\node_modules\ts-node\src\index.ts:1379:34
    at Object.compile (C:\Users\Administrator\Desktop\Projects\eltek-timer-pay-backend\node_modules\ts-node\src\index.ts:1458:13)
    at Module.m._compile (C:\Users\Administrator\Desktop\Projects\eltek-timer-pay-backend\node_modules\ts-node\src\index.ts:1617:30)
    at node:internal/modules/cjs/loader:1689:10
    at Object.require.extensions.<computed> [as .ts] (C:\Users\Administrator\Desktop\Projects\eltek-timer-pay-backend\node_modules\ts-node\src\index.ts:1621:12)
    at Module.load (node:internal/modules/cjs/loader:1318:32)
    at Function._load (node:internal/modules/cjs/loader:1128:12)
    at TracingChannel.traceSync (node:diagnostics_channel:315:14)
2025-03-31 01:28:29 error: uncaughtException: тип Unable to compile TypeScript:
[96msrc/routes/project/task.routes.ts[0m:[93m30[0m:[93m138[0m - [91merror[0m[90m TS1003: [0mIdentifier expected.

[7m30[0m         this.router.get(`${this.path}/:getTaskByEmployeeAndProject/:employeeId/:projectId`, authorizationMiddleware, this.taskController.);
[7m  [0m [91m                                                                                                                                         ~[0m

TSError: тип Unable to compile TypeScript:
[96msrc/routes/project/task.routes.ts[0m:[93m30[0m:[93m138[0m - [91merror[0m[90m TS1003: [0mIdentifier expected.

[7m30[0m         this.router.get(`${this.path}/:getTaskByEmployeeAndProject/:employeeId/:projectId`, authorizationMiddleware, this.taskController.);
[7m  [0m [91m                                                                                                                                         ~[0m

    at createTSError (C:\Users\Administrator\Desktop\Projects\eltek-timer-pay-backend\node_modules\ts-node\src\index.ts:859:12)
    at reportTSError (C:\Users\Administrator\Desktop\Projects\eltek-timer-pay-backend\node_modules\ts-node\src\index.ts:863:19)
    at C:\Users\Administrator\Desktop\Projects\eltek-timer-pay-backend\node_modules\ts-node\src\index.ts:1379:34
    at Object.compile (C:\Users\Administrator\Desktop\Projects\eltek-timer-pay-backend\node_modules\ts-node\src\index.ts:1458:13)
    at Module.m._compile (C:\Users\Administrator\Desktop\Projects\eltek-timer-pay-backend\node_modules\ts-node\src\index.ts:1617:30)
    at node:internal/modules/cjs/loader:1689:10
    at Object.require.extensions.<computed> [as .ts] (C:\Users\Administrator\Desktop\Projects\eltek-timer-pay-backend\node_modules\ts-node\src\index.ts:1621:12)
    at Module.load (node:internal/modules/cjs/loader:1318:32)
    at Function._load (node:internal/modules/cjs/loader:1128:12)
    at TracingChannel.traceSync (node:diagnostics_channel:315:14)
2025-03-31 01:32:13 error: [GET] /api/tasks/getTaskByEmployeeAndProject/1/undefined >> StatusCode:: 500, Message:: Error fetching tasks: Unknown column 'NaN' in 'where clause'
2025-03-31 01:32:50 error: [GET] /api/tasks/getTaskByEmployeeAndProject/1/undefined >> StatusCode:: 500, Message:: Error fetching tasks: Unknown column 'NaN' in 'where clause'
2025-03-31 01:32:50 error: [GET] /api/tasks/getTaskByEmployeeAndProject/1/undefined >> StatusCode:: 500, Message:: Error fetching tasks: Unknown column 'NaN' in 'where clause'
2025-03-31 01:44:50 error: [POST] /api/auth/refreshToken >> StatusCode:: 401, Message:: Invalid or expired token
2025-03-31 01:45:43 error: [GET] /api/projects/getEmployeeProjects/2 >> StatusCode:: 401, Message:: jwt malformed
2025-03-31 01:45:43 error: [GET] /api/projects/getEmployeeProjects/2 >> StatusCode:: 401, Message:: jwt malformed
2025-03-31 02:01:05 error: uncaughtException: тип Unable to compile TypeScript:
[96msrc/repositories/project/task.repository.ts[0m:[93m145[0m:[93m17[0m - [91merror[0m[90m TS1005: [0m',' expected.

[7m145[0m                 createdAt: { [Op.between]: [start, end] }
[7m   [0m [91m                ~~~~~~~~~[0m

TSError: тип Unable to compile TypeScript:
[96msrc/repositories/project/task.repository.ts[0m:[93m145[0m:[93m17[0m - [91merror[0m[90m TS1005: [0m',' expected.

[7m145[0m                 createdAt: { [Op.between]: [start, end] }
[7m   [0m [91m                ~~~~~~~~~[0m

    at createTSError (C:\Users\Administrator\Desktop\Projects\eltek-timer-pay-backend\node_modules\ts-node\src\index.ts:859:12)
    at reportTSError (C:\Users\Administrator\Desktop\Projects\eltek-timer-pay-backend\node_modules\ts-node\src\index.ts:863:19)
    at C:\Users\Administrator\Desktop\Projects\eltek-timer-pay-backend\node_modules\ts-node\src\index.ts:1379:34
    at Object.compile (C:\Users\Administrator\Desktop\Projects\eltek-timer-pay-backend\node_modules\ts-node\src\index.ts:1458:13)
    at Module.m._compile (C:\Users\Administrator\Desktop\Projects\eltek-timer-pay-backend\node_modules\ts-node\src\index.ts:1617:30)
    at node:internal/modules/cjs/loader:1689:10
    at Object.require.extensions.<computed> [as .ts] (C:\Users\Administrator\Desktop\Projects\eltek-timer-pay-backend\node_modules\ts-node\src\index.ts:1621:12)
    at Module.load (node:internal/modules/cjs/loader:1318:32)
    at Function._load (node:internal/modules/cjs/loader:1128:12)
    at TracingChannel.traceSync (node:diagnostics_channel:315:14)
2025-03-31 02:06:46 error: [GET] /api/projects/getEmployeeProjects/2 >> StatusCode:: 401, Message:: jwt malformed
2025-03-31 02:06:46 error: [GET] /api/projects/getEmployeeProjects/2 >> StatusCode:: 401, Message:: jwt malformed
2025-03-31 02:24:06 error: [POST] /api/auth/refreshToken >> StatusCode:: 401, Message:: Invalid or expired token
2025-03-31 02:24:07 error: [POST] /api/auth/refreshToken >> StatusCode:: 401, Message:: Invalid or expired token
2025-03-31 02:25:25 error: [POST] /api/auth/login >> StatusCode:: 400, Message:: Invalid password
2025-03-31 02:25:38 error: [POST] /api/auth/login >> StatusCode:: 400, Message:: Invalid password
2025-03-31 03:18:17 error: [POST] /api/auth/refreshToken >> StatusCode:: 401, Message:: Invalid or expired token
2025-03-31 03:39:42 error: [POST] /api/auth/refreshToken >> StatusCode:: 401, Message:: Invalid or expired token
2025-03-31 03:39:42 error: [POST] /api/auth/refreshToken >> StatusCode:: 401, Message:: Invalid or expired token
2025-03-31 03:39:42 error: [POST] /api/auth/refreshToken >> StatusCode:: 401, Message:: Invalid or expired token
2025-03-31 03:39:42 error: [POST] /api/auth/refreshToken >> StatusCode:: 401, Message:: Invalid or expired token
2025-03-31 03:40:08 error: [POST] /api/auth/refreshToken >> StatusCode:: 404, Message:: Token not provided
2025-03-31 03:40:08 error: [POST] /api/auth/refreshToken >> StatusCode:: 404, Message:: Token not provided
2025-03-31 03:40:08 error: [POST] /api/auth/refreshToken >> StatusCode:: 404, Message:: Token not provided
2025-03-31 03:40:08 error: [POST] /api/auth/refreshToken >> StatusCode:: 404, Message:: Token not provided
2025-03-31 03:40:08 error: [POST] /api/auth/refreshToken >> StatusCode:: 404, Message:: Token not provided
2025-03-31 03:40:08 error: [POST] /api/auth/refreshToken >> StatusCode:: 404, Message:: Token not provided
2025-03-31 03:42:09 error: [POST] /api/auth/refreshToken >> StatusCode:: 401, Message:: Invalid or expired token
2025-03-31 03:42:09 error: [POST] /api/auth/refreshToken >> StatusCode:: 401, Message:: Invalid or expired token
2025-03-31 03:42:09 error: [POST] /api/auth/refreshToken >> StatusCode:: 401, Message:: Invalid or expired token
2025-03-31 03:42:09 error: [POST] /api/auth/refreshToken >> StatusCode:: 401, Message:: Invalid or expired token
2025-03-31 03:42:26 error: [GET] /api/employees/getEmployee/0 >> StatusCode:: 401, Message:: jwt malformed
2025-03-31 03:42:26 error: [GET] /api/employees/getAllEmployees >> StatusCode:: 401, Message:: jwt malformed
2025-03-31 03:42:26 error: [GET] /api/employees/getNumberOfAssignedEmployees >> StatusCode:: 401, Message:: jwt malformed
2025-03-31 03:42:26 error: [GET] /api/projects/getAllProjects >> StatusCode:: 401, Message:: jwt malformed
2025-03-31 03:42:26 error: [GET] /api/employees/getEmployee/0 >> StatusCode:: 401, Message:: jwt malformed
2025-03-31 03:42:26 error: [GET] /api/employees/getAllEmployees >> StatusCode:: 401, Message:: jwt malformed
2025-03-31 03:42:26 error: [GET] /api/projects/getAllProjects >> StatusCode:: 401, Message:: jwt malformed
2025-03-31 03:42:26 error: [GET] /api/employees/getNumberOfAssignedEmployees >> StatusCode:: 401, Message:: jwt malformed
2025-03-31 03:46:35 error: [POST] /api/auth/refreshToken >> StatusCode:: 401, Message:: Invalid or expired token
2025-03-31 03:46:35 error: [POST] /api/auth/refreshToken >> StatusCode:: 401, Message:: Invalid or expired token
2025-03-31 03:47:02 error: [POST] /api/auth/refreshToken >> StatusCode:: 401, Message:: Invalid or expired token
2025-03-31 03:47:43 error: [POST] /api/auth/refreshToken >> StatusCode:: 401, Message:: Invalid or expired token
2025-03-31 03:47:43 error: [POST] /api/auth/refreshToken >> StatusCode:: 401, Message:: Invalid or expired token
2025-03-31 03:50:09 error: [POST] /api/auth/refreshToken >> StatusCode:: 401, Message:: Invalid or expired token
2025-03-31 04:00:35 error: [POST] /api/auth/refreshToken >> StatusCode:: 401, Message:: Invalid or expired token
2025-03-31 04:03:08 error: [GET] /api/employees/getEmployee/0 >> StatusCode:: 401, Message:: jwt malformed
2025-03-31 04:03:08 error: [GET] /api/employees/getAllEmployees >> StatusCode:: 401, Message:: jwt malformed
2025-03-31 04:03:08 error: [GET] /api/projects/getAllProjects >> StatusCode:: 401, Message:: jwt malformed
2025-03-31 04:03:08 error: [GET] /api/employees/getNumberOfAssignedEmployees >> StatusCode:: 401, Message:: jwt malformed
2025-03-31 04:03:08 error: [GET] /api/employees/getEmployee/0 >> StatusCode:: 401, Message:: jwt malformed
2025-03-31 04:03:08 error: [GET] /api/employees/getAllEmployees >> StatusCode:: 401, Message:: jwt malformed
2025-03-31 04:03:08 error: [GET] /api/projects/getAllProjects >> StatusCode:: 401, Message:: jwt malformed
2025-03-31 04:03:08 error: [GET] /api/employees/getNumberOfAssignedEmployees >> StatusCode:: 401, Message:: jwt malformed
2025-03-31 04:17:19 error: [POST] /api/auth/refreshToken >> StatusCode:: 401, Message:: Invalid or expired token
2025-03-31 04:41:16 error: [POST] /api/auth/refreshToken >> StatusCode:: 401, Message:: Invalid or expired token
2025-03-31 10:12:05 error: uncaughtException: listen EADDRINUSE: address already in use :::5000
Error: listen EADDRINUSE: address already in use :::5000
    at Server.setupListenHandle [as _listen2] (node:net:1907:16)
    at listenInCluster (node:net:1964:12)
    at Server.listen (node:net:2066:7)
    at Function.listen (C:\Users\Administrator\Desktop\Projects\eltek-timer-pay-backend\node_modules\express\lib\application.js:635:24)
    at App.listen (C:\Users\Administrator\Desktop\Projects\eltek-timer-pay-backend\src\app.ts:47:14)
    at Object.<anonymous> (C:\Users\Administrator\Desktop\Projects\eltek-timer-pay-backend\src\server.ts:20:5)
    at Module._compile (node:internal/modules/cjs/loader:1546:14)
    at Module.m._compile (C:\Users\Administrator\Desktop\Projects\eltek-timer-pay-backend\node_modules\ts-node\src\index.ts:1618:23)
    at node:internal/modules/cjs/loader:1689:10
    at Object.require.extensions.<computed> [as .ts] (C:\Users\Administrator\Desktop\Projects\eltek-timer-pay-backend\node_modules\ts-node\src\index.ts:1621:12)
2025-03-31 10:52:41 error: uncaughtException: listen EADDRINUSE: address already in use :::5000
Error: listen EADDRINUSE: address already in use :::5000
    at Server.setupListenHandle [as _listen2] (node:net:1907:16)
    at listenInCluster (node:net:1964:12)
    at Server.listen (node:net:2066:7)
    at Function.listen (C:\Users\Administrator\Desktop\Projects\eltek-timer-pay-backend\node_modules\express\lib\application.js:635:24)
    at App.listen (C:\Users\Administrator\Desktop\Projects\eltek-timer-pay-backend\src\app.ts:47:14)
    at Object.<anonymous> (C:\Users\Administrator\Desktop\Projects\eltek-timer-pay-backend\src\server.ts:20:5)
    at Module._compile (node:internal/modules/cjs/loader:1546:14)
    at Module.m._compile (C:\Users\Administrator\Desktop\Projects\eltek-timer-pay-backend\node_modules\ts-node\src\index.ts:1618:23)
    at node:internal/modules/cjs/loader:1689:10
    at Object.require.extensions.<computed> [as .ts] (C:\Users\Administrator\Desktop\Projects\eltek-timer-pay-backend\node_modules\ts-node\src\index.ts:1621:12)
2025-03-31 10:53:32 error: [GET] /api/employees/getEmployee/0 >> StatusCode:: 401, Message:: jwt malformed
2025-03-31 10:53:39 error: [GET] /api/employees/getEmployee/0 >> StatusCode:: 401, Message:: jwt malformed
2025-03-31 10:53:40 error: [GET] /api/employees/getAllEmployees >> StatusCode:: 401, Message:: jwt malformed
2025-03-31 10:53:40 error: [GET] /api/projects/getAllProjects >> StatusCode:: 401, Message:: jwt malformed
2025-03-31 10:53:40 error: [GET] /api/employees/getNumberOfAssignedEmployees >> StatusCode:: 401, Message:: jwt malformed
2025-03-31 10:54:07 error: [GET] /api/employees/getEmployee/0 >> StatusCode:: 401, Message:: jwt malformed
2025-03-31 10:54:36 error: [GET] /api/employees/getEmployee/0 >> StatusCode:: 401, Message:: jwt malformed
2025-03-31 10:54:39 error: [GET] /api/employees/getEmployee/0 >> StatusCode:: 401, Message:: jwt malformed
2025-03-31 10:54:57 error: [GET] /api/employees/getEmployee/0 >> StatusCode:: 401, Message:: jwt malformed
2025-03-31 10:55:17 error: [GET] /api/employees/getEmployee/0 >> StatusCode:: 401, Message:: jwt malformed
2025-03-31 10:55:25 error: [GET] /api/employees/getEmployee/0 >> StatusCode:: 401, Message:: jwt malformed
2025-03-31 10:55:25 error: [GET] /api/employees/getAllEmployees >> StatusCode:: 401, Message:: jwt malformed
2025-03-31 10:55:25 error: [GET] /api/employees/getNumberOfAssignedEmployees >> StatusCode:: 401, Message:: jwt malformed
2025-03-31 10:55:25 error: [GET] /api/projects/getAllProjects >> StatusCode:: 401, Message:: jwt malformed
2025-03-31 10:55:45 error: [GET] /api/employees/getEmployee/0 >> StatusCode:: 401, Message:: jwt malformed
2025-03-31 10:55:46 error: [GET] /api/employees/getEmployee/0 >> StatusCode:: 401, Message:: jwt malformed
2025-03-31 10:55:53 error: [GET] /api/employees/getEmployee/0 >> StatusCode:: 401, Message:: jwt malformed
2025-03-31 10:55:54 error: [GET] /api/employees/getEmployee/0 >> StatusCode:: 401, Message:: jwt malformed
2025-03-31 10:56:15 error: [GET] /api/employees/getEmployee/0 >> StatusCode:: 401, Message:: jwt malformed
2025-03-31 10:56:15 error: [GET] /api/employees/getAllEmployees >> StatusCode:: 401, Message:: jwt malformed
2025-03-31 10:56:15 error: [GET] /api/projects/getAllProjects >> StatusCode:: 401, Message:: jwt malformed
2025-03-31 10:56:15 error: [GET] /api/employees/getNumberOfAssignedEmployees >> StatusCode:: 401, Message:: jwt malformed
2025-03-31 10:56:15 error: [GET] /api/employees/getEmployee/0 >> StatusCode:: 401, Message:: jwt malformed
2025-03-31 10:56:15 error: [GET] /api/employees/getAllEmployees >> StatusCode:: 401, Message:: jwt malformed
2025-03-31 10:56:15 error: [GET] /api/projects/getAllProjects >> StatusCode:: 401, Message:: jwt malformed
2025-03-31 10:56:15 error: [GET] /api/employees/getNumberOfAssignedEmployees >> StatusCode:: 401, Message:: jwt malformed
2025-03-31 10:57:38 error: [GET] /api/employees/getEmployee/0 >> StatusCode:: 401, Message:: jwt malformed
2025-03-31 10:57:46 error: [GET] /api/employees/getEmployee/0 >> StatusCode:: 401, Message:: jwt malformed
2025-03-31 10:57:46 error: [GET] /api/employees/getAllEmployees >> StatusCode:: 401, Message:: jwt malformed
2025-03-31 10:57:46 error: [GET] /api/projects/getAllProjects >> StatusCode:: 401, Message:: jwt malformed
2025-03-31 10:57:46 error: [GET] /api/employees/getNumberOfAssignedEmployees >> StatusCode:: 401, Message:: jwt malformed
2025-03-31 10:58:15 error: [GET] /api/employees/getEmployee/0 >> StatusCode:: 401, Message:: jwt malformed
2025-03-31 10:58:15 error: [GET] /api/employees/getAllEmployees >> StatusCode:: 401, Message:: jwt malformed
2025-03-31 10:58:15 error: [GET] /api/projects/getAllProjects >> StatusCode:: 401, Message:: jwt malformed
2025-03-31 10:58:15 error: [GET] /api/employees/getNumberOfAssignedEmployees >> StatusCode:: 401, Message:: jwt malformed
2025-03-31 10:58:15 error: [GET] /api/employees/getEmployee/0 >> StatusCode:: 401, Message:: jwt malformed
2025-03-31 10:58:15 error: [GET] /api/employees/getAllEmployees >> StatusCode:: 401, Message:: jwt malformed
2025-03-31 10:58:15 error: [GET] /api/projects/getAllProjects >> StatusCode:: 401, Message:: jwt malformed
2025-03-31 10:58:15 error: [GET] /api/employees/getNumberOfAssignedEmployees >> StatusCode:: 401, Message:: jwt malformed
2025-03-31 11:17:27 error: [GET] /api/tasks/1/employees/2/tasks >> StatusCode:: 400, Message:: Error: Missing required parameters
2025-03-31 11:17:32 error: [GET] /api/tasks/1/employees/2/tasks >> StatusCode:: 400, Message:: Error: Missing required parameters
2025-03-31 11:17:59 error: [GET] /api/tasks/1/employees/2/tasks >> StatusCode:: 400, Message:: Error: Missing required parameters
2025-03-31 11:18:04 error: [GET] /api/tasks/1/employees/2/tasks >> StatusCode:: 400, Message:: Error: Missing required parameters
2025-03-31 11:18:09 error: [GET] /api/tasks/1/employees/2/tasks >> StatusCode:: 400, Message:: Error: Missing required parameters
2025-03-31 11:19:26 error: [GET] /api/tasks/1/employees/2/tasks >> StatusCode:: 400, Message:: Error: Missing required parameters
2025-03-31 11:19:38 error: [GET] /api/tasks/1/employees/2/tasks >> StatusCode:: 400, Message:: Error: Missing required parameters
2025-03-31 11:19:45 error: [GET] /api/tasks/1/employees/2/tasks >> StatusCode:: 400, Message:: Error: Missing required parameters
2025-03-31 11:19:45 error: [GET] /api/tasks/1/employees/2/tasks >> StatusCode:: 400, Message:: Error: Missing required parameters
2025-03-31 11:19:49 error: [GET] /api/tasks/1/employees/2/tasks >> StatusCode:: 400, Message:: Error: Missing required parameters
2025-03-31 11:19:58 error: [GET] /api/tasks/1/employees/2/tasks >> StatusCode:: 400, Message:: Error: Missing required parameters
2025-03-31 11:20:14 error: [GET] /api/tasks/1/employees/2/tasks >> StatusCode:: 400, Message:: Error: Missing required parameters
2025-03-31 11:20:30 error: [GET] /api/tasks/1/employees/2/tasks >> StatusCode:: 400, Message:: Error: Missing required parameters
2025-03-31 11:21:21 error: [GET] /api/tasks/1/employees/2/tasks >> StatusCode:: 400, Message:: Error: Missing required parameters
2025-03-31 11:21:30 error: [GET] /api/tasks/1/employees/2/tasks >> StatusCode:: 400, Message:: Error: Missing required parameters
2025-03-31 11:21:33 error: [GET] /api/tasks/1/employees/2/tasks >> StatusCode:: 400, Message:: Error: Missing required parameters
2025-03-31 11:21:48 error: [GET] /api/tasks/1/employees/2/tasks >> StatusCode:: 400, Message:: Error: Missing required parameters
2025-03-31 11:22:08 error: [POST] /api/auth/refreshToken >> StatusCode:: 401, Message:: Invalid or expired token
2025-03-31 11:22:08 error: [POST] /api/auth/refreshToken >> StatusCode:: 401, Message:: Invalid or expired token
2025-03-31 11:22:49 error: [GET] /api/tasks/1/employees/2/tasks >> StatusCode:: 401, Message:: jwt malformed
2025-03-31 11:22:49 error: [GET] /api/employees/getEmployee/2 >> StatusCode:: 401, Message:: jwt malformed
2025-03-31 11:23:01 error: [GET] /api/employees/getEmployee/2 >> StatusCode:: 401, Message:: jwt malformed
2025-03-31 11:23:01 error: [GET] /api/tasks/1/employees/2/tasks >> StatusCode:: 401, Message:: jwt malformed
2025-03-31 11:23:08 error: [GET] /api/employees/getEmployee/0 >> StatusCode:: 401, Message:: jwt malformed
2025-03-31 11:23:08 error: [GET] /api/employees/getAllEmployees >> StatusCode:: 401, Message:: jwt malformed
2025-03-31 11:23:08 error: [GET] /api/employees/getEmployee/0 >> StatusCode:: 401, Message:: jwt malformed
2025-03-31 11:23:08 error: [GET] /api/projects/getAllProjects >> StatusCode:: 401, Message:: jwt malformed
2025-03-31 11:23:08 error: [GET] /api/employees/getAllEmployees >> StatusCode:: 401, Message:: jwt malformed
2025-03-31 11:23:08 error: [GET] /api/employees/getNumberOfAssignedEmployees >> StatusCode:: 401, Message:: jwt malformed
2025-03-31 11:23:08 error: [GET] /api/projects/getAllProjects >> StatusCode:: 401, Message:: jwt malformed
2025-03-31 11:23:08 error: [GET] /api/employees/getNumberOfAssignedEmployees >> StatusCode:: 401, Message:: jwt malformed
2025-03-31 11:24:05 error: [GET] /api/employees/getEmployee/0 >> StatusCode:: 401, Message:: jwt malformed
2025-03-31 11:24:05 error: [GET] /api/employees/getAllEmployees >> StatusCode:: 401, Message:: jwt malformed
2025-03-31 11:24:05 error: [GET] /api/projects/getAllProjects >> StatusCode:: 401, Message:: jwt malformed
2025-03-31 11:24:05 error: [GET] /api/employees/getNumberOfAssignedEmployees >> StatusCode:: 401, Message:: jwt malformed
2025-03-31 11:24:43 error: [GET] /api/employees/getEmployee/0 >> StatusCode:: 401, Message:: jwt malformed
2025-03-31 11:24:43 error: [GET] /api/employees/getAllEmployees >> StatusCode:: 401, Message:: jwt malformed
2025-03-31 11:24:43 error: [GET] /api/projects/getAllProjects >> StatusCode:: 401, Message:: jwt malformed
2025-03-31 11:24:43 error: [GET] /api/employees/getNumberOfAssignedEmployees >> StatusCode:: 401, Message:: jwt malformed
2025-03-31 11:24:43 error: [GET] /api/employees/getEmployee/0 >> StatusCode:: 401, Message:: jwt malformed
2025-03-31 11:24:43 error: [GET] /api/employees/getAllEmployees >> StatusCode:: 401, Message:: jwt malformed
2025-03-31 11:24:43 error: [GET] /api/projects/getAllProjects >> StatusCode:: 401, Message:: jwt malformed
2025-03-31 11:24:43 error: [GET] /api/employees/getNumberOfAssignedEmployees >> StatusCode:: 401, Message:: jwt malformed
2025-03-31 11:30:33 error: [GET] /api/employees/getEmployee/0 >> StatusCode:: 401, Message:: jwt malformed
2025-03-31 11:30:33 error: [GET] /api/employees/getAllEmployees >> StatusCode:: 401, Message:: jwt malformed
2025-03-31 11:30:33 error: [GET] /api/projects/getAllProjects >> StatusCode:: 401, Message:: jwt malformed
2025-03-31 11:30:33 error: [GET] /api/employees/getNumberOfAssignedEmployees >> StatusCode:: 401, Message:: jwt malformed
2025-03-31 11:30:41 error: [GET] /api/tasks/getProjectHoursSummary >> StatusCode:: 401, Message:: jwt malformed
2025-03-31 11:30:41 error: [GET] /api/projects/getAllProjects >> StatusCode:: 401, Message:: jwt malformed
2025-03-31 11:30:45 error: [GET] /api/projects/getAllProjects >> StatusCode:: 401, Message:: jwt malformed
2025-03-31 11:31:03 error: [GET] /api/employees/getEmployee/0 >> StatusCode:: 401, Message:: jwt malformed
2025-03-31 11:31:03 error: [GET] /api/employees/getAllEmployees >> StatusCode:: 401, Message:: jwt malformed
2025-03-31 11:31:03 error: [GET] /api/projects/getAllProjects >> StatusCode:: 401, Message:: jwt malformed
2025-03-31 11:31:03 error: [GET] /api/employees/getNumberOfAssignedEmployees >> StatusCode:: 401, Message:: jwt malformed
2025-03-31 11:34:34 error: [POST] /api/auth/refreshToken >> StatusCode:: 401, Message:: Invalid or expired token
2025-03-31 11:36:39 error: [POST] /api/auth/refreshToken >> StatusCode:: 401, Message:: Invalid or expired token
2025-03-31 13:24:45 error: uncaughtException: listen EADDRINUSE: address already in use :::5000
Error: listen EADDRINUSE: address already in use :::5000
    at Server.setupListenHandle [as _listen2] (node:net:1907:16)
    at listenInCluster (node:net:1964:12)
    at Server.listen (node:net:2066:7)
    at Function.listen (C:\Users\Administrator\Desktop\Projects\eltek-timer-pay-backend\node_modules\express\lib\application.js:635:24)
    at App.listen (C:\Users\Administrator\Desktop\Projects\eltek-timer-pay-backend\src\app.ts:47:14)
    at Object.<anonymous> (C:\Users\Administrator\Desktop\Projects\eltek-timer-pay-backend\src\server.ts:20:5)
    at Module._compile (node:internal/modules/cjs/loader:1546:14)
    at Module.m._compile (C:\Users\Administrator\Desktop\Projects\eltek-timer-pay-backend\node_modules\ts-node\src\index.ts:1618:23)
    at node:internal/modules/cjs/loader:1689:10
    at Object.require.extensions.<computed> [as .ts] (C:\Users\Administrator\Desktop\Projects\eltek-timer-pay-backend\node_modules\ts-node\src\index.ts:1621:12)
2025-03-31 13:24:50 error: uncaughtException: listen EADDRINUSE: address already in use :::5000
Error: listen EADDRINUSE: address already in use :::5000
    at Server.setupListenHandle [as _listen2] (node:net:1907:16)
    at listenInCluster (node:net:1964:12)
    at Server.listen (node:net:2066:7)
    at Function.listen (C:\Users\Administrator\Desktop\Projects\eltek-timer-pay-backend\node_modules\express\lib\application.js:635:24)
    at App.listen (C:\Users\Administrator\Desktop\Projects\eltek-timer-pay-backend\src\app.ts:47:14)
    at Object.<anonymous> (C:\Users\Administrator\Desktop\Projects\eltek-timer-pay-backend\src\server.ts:20:5)
    at Module._compile (node:internal/modules/cjs/loader:1546:14)
    at Module.m._compile (C:\Users\Administrator\Desktop\Projects\eltek-timer-pay-backend\node_modules\ts-node\src\index.ts:1618:23)
    at node:internal/modules/cjs/loader:1689:10
    at Object.require.extensions.<computed> [as .ts] (C:\Users\Administrator\Desktop\Projects\eltek-timer-pay-backend\node_modules\ts-node\src\index.ts:1621:12)
2025-03-31 16:38:02 error: uncaughtException: listen EADDRINUSE: address already in use :::5000
Error: listen EADDRINUSE: address already in use :::5000
    at Server.setupListenHandle [as _listen2] (node:net:1907:16)
    at listenInCluster (node:net:1964:12)
    at Server.listen (node:net:2066:7)
    at Function.listen (C:\Users\Administrator\Desktop\Projects\eltek-timer-pay-backend\node_modules\express\lib\application.js:635:24)
    at App.listen (C:\Users\Administrator\Desktop\Projects\eltek-timer-pay-backend\src\app.ts:47:14)
    at Object.<anonymous> (C:\Users\Administrator\Desktop\Projects\eltek-timer-pay-backend\src\server.ts:20:5)
    at Module._compile (node:internal/modules/cjs/loader:1546:14)
    at Module.m._compile (C:\Users\Administrator\Desktop\Projects\eltek-timer-pay-backend\node_modules\ts-node\src\index.ts:1618:23)
    at node:internal/modules/cjs/loader:1689:10
    at Object.require.extensions.<computed> [as .ts] (C:\Users\Administrator\Desktop\Projects\eltek-timer-pay-backend\node_modules\ts-node\src\index.ts:1621:12)
2025-03-31 18:09:24 error: uncaughtException: listen EADDRINUSE: address already in use :::5000
Error: listen EADDRINUSE: address already in use :::5000
    at Server.setupListenHandle [as _listen2] (node:net:1907:16)
    at listenInCluster (node:net:1964:12)
    at Server.listen (node:net:2066:7)
    at Function.listen (C:\Users\Administrator\Desktop\Projects\eltek-timer-pay-backend\node_modules\express\lib\application.js:635:24)
    at App.listen (C:\Users\Administrator\Desktop\Projects\eltek-timer-pay-backend\src\app.ts:47:14)
    at Object.<anonymous> (C:\Users\Administrator\Desktop\Projects\eltek-timer-pay-backend\src\server.ts:19:5)
    at Module._compile (node:internal/modules/cjs/loader:1546:14)
    at Module.m._compile (C:\Users\Administrator\Desktop\Projects\eltek-timer-pay-backend\node_modules\ts-node\src\index.ts:1618:23)
    at node:internal/modules/cjs/loader:1689:10
    at Object.require.extensions.<computed> [as .ts] (C:\Users\Administrator\Desktop\Projects\eltek-timer-pay-backend\node_modules\ts-node\src\index.ts:1621:12)
2025-03-31 18:09:30 error: uncaughtException: listen EADDRINUSE: address already in use :::5000
Error: listen EADDRINUSE: address already in use :::5000
    at Server.setupListenHandle [as _listen2] (node:net:1907:16)
    at listenInCluster (node:net:1964:12)
    at Server.listen (node:net:2066:7)
    at Function.listen (C:\Users\Administrator\Desktop\Projects\eltek-timer-pay-backend\node_modules\express\lib\application.js:635:24)
    at App.listen (C:\Users\Administrator\Desktop\Projects\eltek-timer-pay-backend\src\app.ts:47:14)
    at Object.<anonymous> (C:\Users\Administrator\Desktop\Projects\eltek-timer-pay-backend\src\server.ts:19:5)
    at Module._compile (node:internal/modules/cjs/loader:1546:14)
    at Module.m._compile (C:\Users\Administrator\Desktop\Projects\eltek-timer-pay-backend\node_modules\ts-node\src\index.ts:1618:23)
    at node:internal/modules/cjs/loader:1689:10
    at Object.require.extensions.<computed> [as .ts] (C:\Users\Administrator\Desktop\Projects\eltek-timer-pay-backend\node_modules\ts-node\src\index.ts:1621:12)
2025-03-31 18:53:34 error: Unable to connect to the database: Cannot add foreign key constraint
2025-03-31 18:53:40 error: Unable to connect to the database: Cannot add foreign key constraint
2025-03-31 18:55:32 error: uncaughtException: listen EADDRINUSE: address already in use :::5000
Error: listen EADDRINUSE: address already in use :::5000
    at Server.setupListenHandle [as _listen2] (node:net:1907:16)
    at listenInCluster (node:net:1964:12)
    at Server.listen (node:net:2066:7)
    at Function.listen (C:\Users\Administrator\Desktop\Projects\eltek-timer-pay-backend\node_modules\express\lib\application.js:635:24)
    at App.listen (C:\Users\Administrator\Desktop\Projects\eltek-timer-pay-backend\src\app.ts:47:14)
    at Object.<anonymous> (C:\Users\Administrator\Desktop\Projects\eltek-timer-pay-backend\src\server.ts:19:5)
    at Module._compile (node:internal/modules/cjs/loader:1546:14)
    at Module.m._compile (C:\Users\Administrator\Desktop\Projects\eltek-timer-pay-backend\node_modules\ts-node\src\index.ts:1618:23)
    at node:internal/modules/cjs/loader:1689:10
    at Object.require.extensions.<computed> [as .ts] (C:\Users\Administrator\Desktop\Projects\eltek-timer-pay-backend\node_modules\ts-node\src\index.ts:1621:12)
