2025-04-07 10:19:05 error: [PUT] /api/employees/updateEmployee >> StatusCode:: 400, Message:: phoneNumber must be a valid phone number
2025-04-07 10:19:43 error: [PUT] /api/employees/updateEmployee >> StatusCode:: 400, Message:: phoneNumber must be a valid phone number
2025-04-07 10:22:21 error: [PUT] /api/employees/updateEmployee >> StatusCode:: 409, Message:: Email already exists
2025-04-07 10:22:32 error: [PUT] /api/employees/updateEmployee >> StatusCode:: 400, Message:: phoneNumber must be a valid phone number
2025-04-07 10:23:04 error: [PUT] /api/employees/updateEmployee >> StatusCode:: 409, Message:: Email already exists
2025-04-07 10:25:05 error: [PUT] /api/employees/updateEmployee >> StatusCode:: 409, Message:: Email already exists
2025-04-07 10:25:29 error: [PUT] /api/employees/updateEmployee >> StatusCode:: 409, Message:: Email already exists
2025-04-07 10:26:43 error: uncaughtException: тип Unable to compile TypeScript:
[96msrc/services/employee/employee.service.ts[0m:[93m85[0m:[93m10[0m - [91merror[0m[90m TS1109: [0mExpression expected.

[7m85[0m       if()
[7m  [0m [91m         ~[0m
[96msrc/services/employee/employee.service.ts[0m:[93m86[0m:[93m5[0m - [91merror[0m[90m TS1109: [0mExpression expected.

[7m86[0m     }
[7m  [0m [91m    ~[0m

TSError: тип Unable to compile TypeScript:
[96msrc/services/employee/employee.service.ts[0m:[93m85[0m:[93m10[0m - [91merror[0m[90m TS1109: [0mExpression expected.

[7m85[0m       if()
[7m  [0m [91m         ~[0m
[96msrc/services/employee/employee.service.ts[0m:[93m86[0m:[93m5[0m - [91merror[0m[90m TS1109: [0mExpression expected.

[7m86[0m     }
[7m  [0m [91m    ~[0m

    at createTSError (C:\Users\Administrator\Desktop\Projects\eltek-timer-pay-backend\node_modules\ts-node\src\index.ts:859:12)
    at reportTSError (C:\Users\Administrator\Desktop\Projects\eltek-timer-pay-backend\node_modules\ts-node\src\index.ts:863:19)
    at C:\Users\Administrator\Desktop\Projects\eltek-timer-pay-backend\node_modules\ts-node\src\index.ts:1379:34
    at Object.compile (C:\Users\Administrator\Desktop\Projects\eltek-timer-pay-backend\node_modules\ts-node\src\index.ts:1458:13)
    at Module.m._compile (C:\Users\Administrator\Desktop\Projects\eltek-timer-pay-backend\node_modules\ts-node\src\index.ts:1617:30)
    at node:internal/modules/cjs/loader:1689:10
    at Object.require.extensions.<computed> [as .ts] (C:\Users\Administrator\Desktop\Projects\eltek-timer-pay-backend\node_modules\ts-node\src\index.ts:1621:12)
    at Module.load (node:internal/modules/cjs/loader:1318:32)
    at Function._load (node:internal/modules/cjs/loader:1128:12)
    at TracingChannel.traceSync (node:diagnostics_channel:315:14)
2025-04-07 10:26:48 error: uncaughtException: тип Unable to compile TypeScript:
[96msrc/services/employee/employee.service.ts[0m:[93m86[0m:[93m5[0m - [91merror[0m[90m TS1109: [0mExpression expected.

[7m86[0m     }
[7m  [0m [91m    ~[0m

TSError: тип Unable to compile TypeScript:
[96msrc/services/employee/employee.service.ts[0m:[93m86[0m:[93m5[0m - [91merror[0m[90m TS1109: [0mExpression expected.

[7m86[0m     }
[7m  [0m [91m    ~[0m

    at createTSError (C:\Users\Administrator\Desktop\Projects\eltek-timer-pay-backend\node_modules\ts-node\src\index.ts:859:12)
    at reportTSError (C:\Users\Administrator\Desktop\Projects\eltek-timer-pay-backend\node_modules\ts-node\src\index.ts:863:19)
    at C:\Users\Administrator\Desktop\Projects\eltek-timer-pay-backend\node_modules\ts-node\src\index.ts:1379:34
    at Object.compile (C:\Users\Administrator\Desktop\Projects\eltek-timer-pay-backend\node_modules\ts-node\src\index.ts:1458:13)
    at Module.m._compile (C:\Users\Administrator\Desktop\Projects\eltek-timer-pay-backend\node_modules\ts-node\src\index.ts:1617:30)
    at node:internal/modules/cjs/loader:1689:10
    at Object.require.extensions.<computed> [as .ts] (C:\Users\Administrator\Desktop\Projects\eltek-timer-pay-backend\node_modules\ts-node\src\index.ts:1621:12)
    at Module.load (node:internal/modules/cjs/loader:1318:32)
    at Function._load (node:internal/modules/cjs/loader:1128:12)
    at TracingChannel.traceSync (node:diagnostics_channel:315:14)
2025-04-07 10:26:57 error: uncaughtException: тип Unable to compile TypeScript:
[96msrc/services/employee/employee.service.ts[0m:[93m86[0m:[93m5[0m - [91merror[0m[90m TS1109: [0mExpression expected.

[7m86[0m     }
[7m  [0m [91m    ~[0m

TSError: тип Unable to compile TypeScript:
[96msrc/services/employee/employee.service.ts[0m:[93m86[0m:[93m5[0m - [91merror[0m[90m TS1109: [0mExpression expected.

[7m86[0m     }
[7m  [0m [91m    ~[0m

    at createTSError (C:\Users\Administrator\Desktop\Projects\eltek-timer-pay-backend\node_modules\ts-node\src\index.ts:859:12)
    at reportTSError (C:\Users\Administrator\Desktop\Projects\eltek-timer-pay-backend\node_modules\ts-node\src\index.ts:863:19)
    at C:\Users\Administrator\Desktop\Projects\eltek-timer-pay-backend\node_modules\ts-node\src\index.ts:1379:34
    at Object.compile (C:\Users\Administrator\Desktop\Projects\eltek-timer-pay-backend\node_modules\ts-node\src\index.ts:1458:13)
    at Module.m._compile (C:\Users\Administrator\Desktop\Projects\eltek-timer-pay-backend\node_modules\ts-node\src\index.ts:1617:30)
    at node:internal/modules/cjs/loader:1689:10
    at Object.require.extensions.<computed> [as .ts] (C:\Users\Administrator\Desktop\Projects\eltek-timer-pay-backend\node_modules\ts-node\src\index.ts:1621:12)
    at Module.load (node:internal/modules/cjs/loader:1318:32)
    at Function._load (node:internal/modules/cjs/loader:1128:12)
    at TracingChannel.traceSync (node:diagnostics_channel:315:14)
2025-04-07 10:28:39 error: [PUT] /api/employees/updateEmployee >> StatusCode:: 400, Message:: phoneNumber must be a valid phone number
2025-04-07 11:11:38 error: [POST] /api/employees/createEmployee >> StatusCode:: 400, Message:: role must be a valid enum value
2025-04-07 11:14:43 error: [POST] /api/employees/createEmployee >> StatusCode:: 409, Message:: Email already exists
2025-04-07 11:33:00 error: uncaughtException: тип Unable to compile TypeScript:
[96msrc/services/auth/auth.service.ts[0m:[93m156[0m:[93m47[0m - [91merror[0m[90m TS1005: [0m'>' expected.

[7m156[0m     public async updateUser(userData: Partial<): Promise<TokenData> {
[7m   [0m [91m                                              ~[0m

TSError: тип Unable to compile TypeScript:
[96msrc/services/auth/auth.service.ts[0m:[93m156[0m:[93m47[0m - [91merror[0m[90m TS1005: [0m'>' expected.

[7m156[0m     public async updateUser(userData: Partial<): Promise<TokenData> {
[7m   [0m [91m                                              ~[0m

    at createTSError (C:\Users\Administrator\Desktop\Projects\eltek-timer-pay-backend\node_modules\ts-node\src\index.ts:859:12)
    at reportTSError (C:\Users\Administrator\Desktop\Projects\eltek-timer-pay-backend\node_modules\ts-node\src\index.ts:863:19)
    at C:\Users\Administrator\Desktop\Projects\eltek-timer-pay-backend\node_modules\ts-node\src\index.ts:1379:34
    at Object.compile (C:\Users\Administrator\Desktop\Projects\eltek-timer-pay-backend\node_modules\ts-node\src\index.ts:1458:13)
    at Module.m._compile (C:\Users\Administrator\Desktop\Projects\eltek-timer-pay-backend\node_modules\ts-node\src\index.ts:1617:30)
    at node:internal/modules/cjs/loader:1689:10
    at Object.require.extensions.<computed> [as .ts] (C:\Users\Administrator\Desktop\Projects\eltek-timer-pay-backend\node_modules\ts-node\src\index.ts:1621:12)
    at Module.load (node:internal/modules/cjs/loader:1318:32)
    at Function._load (node:internal/modules/cjs/loader:1128:12)
    at TracingChannel.traceSync (node:diagnostics_channel:315:14)
2025-04-07 11:36:22 error: [PUT] /api/employees/updateEmployee >> StatusCode:: 400, Message:: role should not be empty,role must be a valid enum value
2025-04-07 11:37:45 error: [PUT] /api/employees/updateEmployee >> StatusCode:: 400, Message:: role should not be empty,role must be a valid enum value
2025-04-07 11:51:04 error: [POST] /api/auth/login >> StatusCode:: 400, Message:: Invalid password
2025-04-07 11:52:46 error: [POST] /api/auth/login >> StatusCode:: 400, Message:: Invalid password
2025-04-07 11:52:53 error: [POST] /api/auth/login >> StatusCode:: 400, Message:: Invalid password
