2025-04-17 00:00:32 error: [GET] /api/employees/getEmployee/0 >> StatusCode:: 404, Message:: Employee not found
2025-04-17 00:01:03 error: [GET] /api/employees/getEmployee/0 >> StatusCode:: 404, Message:: Employee not found
2025-04-17 00:01:14 error: [GET] /api/employees/getEmployee/0 >> StatusCode:: 404, Message:: Employee not found
2025-04-17 00:02:24 error: [GET] /api/employees/getEmployee/0 >> StatusCode:: 404, Message:: Employee not found
2025-04-17 00:03:29 error: [GET] /api/employees/getEmployee/0 >> StatusCode:: 404, Message:: Employee not found
2025-04-17 00:03:55 error: [GET] /api/employees/getEmployee/0 >> StatusCode:: 404, Message:: Employee not found
2025-04-17 00:05:33 error: [GET] /api/employees/getEmployee/0 >> StatusCode:: 404, Message:: Employee not found
2025-04-17 00:05:38 error: [GET] /api/employees/getEmployee/0 >> StatusCode:: 404, Message:: Employee not found
2025-04-17 00:06:12 error: [GET] /api/employees/getEmployee/0 >> StatusCode:: 404, Message:: Employee not found
2025-04-17 00:08:10 error: [GET] /api/employees/getEmployee/0 >> StatusCode:: 404, Message:: Employee not found
2025-04-17 00:08:11 error: [GET] /api/employees/getEmployee/0 >> StatusCode:: 404, Message:: Employee not found
2025-04-17 00:12:47 error: [GET] /api/employees/getEmployee/0 >> StatusCode:: 404, Message:: Employee not found
2025-04-17 00:19:57 error: [GET] /api/employees/getEmployee/0 >> StatusCode:: 404, Message:: Employee not found
2025-04-17 00:31:40 error: [GET] /api/employees/getEmployee/0 >> StatusCode:: 404, Message:: Employee not found
2025-04-17 00:31:41 error: [GET] /api/employees/getEmployee/0 >> StatusCode:: 404, Message:: Employee not found
2025-04-17 00:31:48 error: [GET] /api/employees/getEmployee/0 >> StatusCode:: 404, Message:: Employee not found
2025-04-17 00:38:38 error: [GET] /api/employees/getEmployee/0 >> StatusCode:: 404, Message:: Employee not found
2025-04-17 00:38:49 error: [GET] /api/employees/getEmployee/0 >> StatusCode:: 404, Message:: Employee not found
2025-04-17 00:46:44 error: [GET] /api/employees/getEmployee/0 >> StatusCode:: 404, Message:: Employee not found
2025-04-17 00:50:14 error: [GET] /api/employees/getEmployee/0 >> StatusCode:: 404, Message:: Employee not found
2025-04-17 00:52:13 error: [GET] /api/employees/getEmployee/0 >> StatusCode:: 404, Message:: Employee not found
2025-04-17 00:54:44 error: [GET] /api/employees/getEmployee/0 >> StatusCode:: 404, Message:: Employee not found
2025-04-17 00:56:06 error: [GET] /api/employees/getEmployee/0 >> StatusCode:: 404, Message:: Employee not found
2025-04-17 00:57:01 error: [GET] /api/employees/getEmployee/0 >> StatusCode:: 404, Message:: Employee not found
2025-04-17 00:57:15 error: [GET] /api/employees/getEmployee/0 >> StatusCode:: 404, Message:: Employee not found
2025-04-17 00:58:34 error: [GET] /api/employees/getEmployee/0 >> StatusCode:: 404, Message:: Employee not found
2025-04-17 00:59:16 error: [GET] /api/employees/getEmployee/0 >> StatusCode:: 404, Message:: Employee not found
2025-04-17 00:59:42 error: [GET] /api/employees/getEmployee/0 >> StatusCode:: 404, Message:: Employee not found
2025-04-17 01:10:25 error: [GET] /api/employees/getEmployee/0 >> StatusCode:: 404, Message:: Employee not found
2025-04-17 01:11:36 error: [GET] /api/employees/getEmployee/0 >> StatusCode:: 404, Message:: Employee not found
2025-04-17 01:11:36 error: [GET] /api/employees/getEmployee/0 >> StatusCode:: 404, Message:: Employee not found
2025-04-17 01:11:39 error: [GET] /api/employees/getEmployee/0 >> StatusCode:: 404, Message:: Employee not found
2025-04-17 01:13:42 error: [GET] /api/employees/getEmployee/0 >> StatusCode:: 404, Message:: Employee not found
2025-04-17 01:13:56 error: [GET] /api/employees/getEmployee/0 >> StatusCode:: 404, Message:: Employee not found
2025-04-17 01:14:59 error: [GET] /api/employees/getEmployee/0 >> StatusCode:: 404, Message:: Employee not found
2025-04-17 01:15:12 error: [GET] /api/employees/getEmployee/0 >> StatusCode:: 404, Message:: Employee not found
2025-04-17 01:18:12 error: [GET] /api/employees/getEmployee/0 >> StatusCode:: 404, Message:: Employee not found
2025-04-17 01:21:07 error: [GET] /api/employees/getEmployee/0 >> StatusCode:: 404, Message:: Employee not found
2025-04-17 01:26:30 error: [GET] /api/employees/getEmployee/0 >> StatusCode:: 404, Message:: Employee not found
2025-04-17 08:02:55 error: [GET] /api/employees/getEmployee/0 >> StatusCode:: 404, Message:: Employee not found
2025-04-17 08:03:41 error: [GET] /api/employees/getEmployee/0 >> StatusCode:: 404, Message:: Employee not found
2025-04-17 08:09:35 error: [GET] /api/employees/getEmployee/0 >> StatusCode:: 404, Message:: Employee not found
2025-04-17 08:28:33 error: [GET] /api/employees/getEmployee/0 >> StatusCode:: 404, Message:: Employee not found
2025-04-17 08:28:38 error: [GET] /api/employees/getEmployee/0 >> StatusCode:: 404, Message:: Employee not found
2025-04-17 08:35:50 error: [GET] /api/employees/getEmployee/0 >> StatusCode:: 404, Message:: Employee not found
2025-04-17 08:37:17 error: [GET] /api/employees/getEmployee/0 >> StatusCode:: 404, Message:: Employee not found
2025-04-17 08:52:38 error: [GET] /api/employees/getEmployee/0 >> StatusCode:: 404, Message:: Employee not found
2025-04-17 08:54:59 error: [GET] /api/employees/getEmployee/0 >> StatusCode:: 404, Message:: Employee not found
2025-04-17 08:55:00 error: [GET] /api/employees/getEmployee/0 >> StatusCode:: 404, Message:: Employee not found
2025-04-17 08:55:17 error: [GET] /api/employees/getEmployee/0 >> StatusCode:: 404, Message:: Employee not found
2025-04-17 08:56:20 error: [GET] /api/employees/getEmployee/0 >> StatusCode:: 404, Message:: Employee not found
2025-04-17 09:06:04 error: [GET] /api/employees/getEmployee/0 >> StatusCode:: 404, Message:: Employee not found
2025-04-17 09:07:11 error: [POST] /api/auth/signup >> StatusCode:: 400, Message:: password must be shorter than or equal to 32 characters
2025-04-17 09:07:28 error: [GET] /api/employees/getEmployee/0 >> StatusCode:: 404, Message:: Employee not found
2025-04-17 09:07:28 error: [GET] /api/employees/getEmployee/0 >> StatusCode:: 404, Message:: Employee not found
2025-04-17 09:10:23 error: [GET] /api/employees/getEmployee/0 >> StatusCode:: 404, Message:: Employee not found
2025-04-17 09:26:05 error: [GET] /api/employees/getEmployee/0 >> StatusCode:: 404, Message:: Employee not found
2025-04-17 09:33:56 error: [GET] /api/employees/getEmployee/0 >> StatusCode:: 404, Message:: Employee not found
2025-04-17 09:41:58 error: [GET] /api/employees/getEmployee/0 >> StatusCode:: 404, Message:: Employee not found
2025-04-17 09:48:56 error: [POST] /api/allocations/createAllocation >> StatusCode:: 500, Message:: Unknown column 'phases' in 'field list'
2025-04-17 09:52:17 error: [POST] /api/allocations/createAllocation >> StatusCode:: 500, Message:: Unknown column 'Allocation.phase' in 'where clause'
2025-04-17 09:57:50 error: [POST] /api/allocations/createAllocation >> StatusCode:: 500, Message:: You have an error in your SQL syntax; check the manual that corresponds to your MySQL server version for the right syntax to use near '@> '[\"Development\"]' AND `Allocation`.`phases` @> '[\"Testiing\"]') AND `Alloc' at line 1
2025-04-17 10:01:55 error: [POST] /api/allocations/createAllocation >> StatusCode:: 500, Message:: Unknown column 'Allocation.normalizedPhases' in 'where clause'
2025-04-17 10:01:58 error: [POST] /api/allocations/createAllocation >> StatusCode:: 500, Message:: Unknown column 'Allocation.normalizedPhases' in 'where clause'
2025-04-17 10:10:08 error: uncaughtException: тип Unable to compile TypeScript:
[96msrc/controllers/allocation/allocation.controller.ts[0m:[93m19[0m:[93m86[0m - [91merror[0m[90m TS1005: [0m')' expected.

[7m19[0m         normalizedPhases: JSON.stringify(req.body. JSON.stringify([...phases].sort());
[7m  [0m [91m                                                                                     ~[0m
[96msrc/controllers/allocation/allocation.controller.ts[0m:[93m20[0m:[93m7[0m - [91merror[0m[90m TS1136: [0mProperty assignment expected.

[7m20[0m       )
[7m  [0m [91m      ~[0m
[96msrc/controllers/allocation/allocation.controller.ts[0m:[93m22[0m:[93m7[0m - [91merror[0m[90m TS1472: [0m'catch' or 'finally' expected.

[7m22[0m       const allocation = await this.allocationService.createAllocation(allocationData);
[7m  [0m [91m      ~~~~~[0m
[96msrc/controllers/allocation/allocation.controller.ts[0m:[93m30[0m:[93m7[0m - [91merror[0m[90m TS1005: [0m';' expected.

[7m30[0m     } catch (error) {
[7m  [0m [91m      ~~~~~[0m
[96msrc/controllers/allocation/allocation.controller.ts[0m:[93m35[0m:[93m3[0m - [91merror[0m[90m TS1128: [0mDeclaration or statement expected.

[7m35[0m   public updateAllocation = async (req: Request, res: Response, next: NextFunction) => {
[7m  [0m [91m  ~~~~~~[0m
[96msrc/controllers/allocation/allocation.controller.ts[0m:[93m52[0m:[93m3[0m - [91merror[0m[90m TS1128: [0mDeclaration or statement expected.

[7m52[0m   public deleteAllocation = async (req: Request, res: Response, next: NextFunction) => {
[7m  [0m [91m  ~~~~~~[0m
[96msrc/controllers/allocation/allocation.controller.ts[0m:[93m68[0m:[93m3[0m - [91merror[0m[90m TS1128: [0mDeclaration or statement expected.

[7m68[0m   public getEmployeeAllocations = async (req: Request, res: Response, next: NextFunction) => {
[7m  [0m [91m  ~~~~~~[0m
[96msrc/controllers/allocation/allocation.controller.ts[0m:[93m84[0m:[93m3[0m - [91merror[0m[90m TS1128: [0mDeclaration or statement expected.

[7m84[0m   public getProjectAllocations = async (req: Request, res: Response, next: NextFunction) => {
[7m  [0m [91m  ~~~~~~[0m
[96msrc/controllers/allocation/allocation.controller.ts[0m:[93m100[0m:[93m3[0m - [91merror[0m[90m TS1128: [0mDeclaration or statement expected.

[7m100[0m   public getAllocationById = async (req: Request, res: Response, next: NextFunction) => {
[7m   [0m [91m  ~~~~~~[0m
[96msrc/controllers/allocation/allocation.controller.ts[0m:[93m115[0m:[93m1[0m - [91merror[0m[90m TS1128: [0mDeclaration or statement expected.

[7m115[0m }
[7m   [0m [91m~[0m

TSError: тип Unable to compile TypeScript:
[96msrc/controllers/allocation/allocation.controller.ts[0m:[93m19[0m:[93m86[0m - [91merror[0m[90m TS1005: [0m')' expected.

[7m19[0m         normalizedPhases: JSON.stringify(req.body. JSON.stringify([...phases].sort());
[7m  [0m [91m                                                                                     ~[0m
[96msrc/controllers/allocation/allocation.controller.ts[0m:[93m20[0m:[93m7[0m - [91merror[0m[90m TS1136: [0mProperty assignment expected.

[7m20[0m       )
[7m  [0m [91m      ~[0m
[96msrc/controllers/allocation/allocation.controller.ts[0m:[93m22[0m:[93m7[0m - [91merror[0m[90m TS1472: [0m'catch' or 'finally' expected.

[7m22[0m       const allocation = await this.allocationService.createAllocation(allocationData);
[7m  [0m [91m      ~~~~~[0m
[96msrc/controllers/allocation/allocation.controller.ts[0m:[93m30[0m:[93m7[0m - [91merror[0m[90m TS1005: [0m';' expected.

[7m30[0m     } catch (error) {
[7m  [0m [91m      ~~~~~[0m
[96msrc/controllers/allocation/allocation.controller.ts[0m:[93m35[0m:[93m3[0m - [91merror[0m[90m TS1128: [0mDeclaration or statement expected.

[7m35[0m   public updateAllocation = async (req: Request, res: Response, next: NextFunction) => {
[7m  [0m [91m  ~~~~~~[0m
[96msrc/controllers/allocation/allocation.controller.ts[0m:[93m52[0m:[93m3[0m - [91merror[0m[90m TS1128: [0mDeclaration or statement expected.

[7m52[0m   public deleteAllocation = async (req: Request, res: Response, next: NextFunction) => {
[7m  [0m [91m  ~~~~~~[0m
[96msrc/controllers/allocation/allocation.controller.ts[0m:[93m68[0m:[93m3[0m - [91merror[0m[90m TS1128: [0mDeclaration or statement expected.

[7m68[0m   public getEmployeeAllocations = async (req: Request, res: Response, next: NextFunction) => {
[7m  [0m [91m  ~~~~~~[0m
[96msrc/controllers/allocation/allocation.controller.ts[0m:[93m84[0m:[93m3[0m - [91merror[0m[90m TS1128: [0mDeclaration or statement expected.

[7m84[0m   public getProjectAllocations = async (req: Request, res: Response, next: NextFunction) => {
[7m  [0m [91m  ~~~~~~[0m
[96msrc/controllers/allocation/allocation.controller.ts[0m:[93m100[0m:[93m3[0m - [91merror[0m[90m TS1128: [0mDeclaration or statement expected.

[7m100[0m   public getAllocationById = async (req: Request, res: Response, next: NextFunction) => {
[7m   [0m [91m  ~~~~~~[0m
[96msrc/controllers/allocation/allocation.controller.ts[0m:[93m115[0m:[93m1[0m - [91merror[0m[90m TS1128: [0mDeclaration or statement expected.

[7m115[0m }
[7m   [0m [91m~[0m

    at createTSError (C:\Users\Administrator\Desktop\Projects\eltek-timer-pay-backend\node_modules\ts-node\src\index.ts:859:12)
    at reportTSError (C:\Users\Administrator\Desktop\Projects\eltek-timer-pay-backend\node_modules\ts-node\src\index.ts:863:19)
    at C:\Users\Administrator\Desktop\Projects\eltek-timer-pay-backend\node_modules\ts-node\src\index.ts:1379:34
    at Object.compile (C:\Users\Administrator\Desktop\Projects\eltek-timer-pay-backend\node_modules\ts-node\src\index.ts:1458:13)
    at Module.m._compile (C:\Users\Administrator\Desktop\Projects\eltek-timer-pay-backend\node_modules\ts-node\src\index.ts:1617:30)
    at node:internal/modules/cjs/loader:1689:10
    at Object.require.extensions.<computed> [as .ts] (C:\Users\Administrator\Desktop\Projects\eltek-timer-pay-backend\node_modules\ts-node\src\index.ts:1621:12)
    at Module.load (node:internal/modules/cjs/loader:1318:32)
    at Function._load (node:internal/modules/cjs/loader:1128:12)
    at TracingChannel.traceSync (node:diagnostics_channel:315:14)
2025-04-17 10:10:12 error: uncaughtException: тип Unable to compile TypeScript:
[96msrc/controllers/allocation/allocation.controller.ts[0m:[93m19[0m:[93m62[0m - [91merror[0m[90m TS1005: [0m',' expected.

[7m19[0m         normalizedPhases:  JSON.stringify([...phases].sort());
[7m  [0m [91m                                                             ~[0m
[96msrc/controllers/allocation/allocation.controller.ts[0m:[93m21[0m:[93m7[0m - [91merror[0m[90m TS1136: [0mProperty assignment expected.

[7m21[0m       )
[7m  [0m [91m      ~[0m
[96msrc/controllers/allocation/allocation.controller.ts[0m:[93m23[0m:[93m7[0m - [91merror[0m[90m TS1472: [0m'catch' or 'finally' expected.

[7m23[0m       const allocation = await this.allocationService.createAllocation(allocationData);
[7m  [0m [91m      ~~~~~[0m
[96msrc/controllers/allocation/allocation.controller.ts[0m:[93m31[0m:[93m7[0m - [91merror[0m[90m TS1005: [0m';' expected.

[7m31[0m     } catch (error) {
[7m  [0m [91m      ~~~~~[0m
[96msrc/controllers/allocation/allocation.controller.ts[0m:[93m36[0m:[93m3[0m - [91merror[0m[90m TS1128: [0mDeclaration or statement expected.

[7m36[0m   public updateAllocation = async (req: Request, res: Response, next: NextFunction) => {
[7m  [0m [91m  ~~~~~~[0m
[96msrc/controllers/allocation/allocation.controller.ts[0m:[93m53[0m:[93m3[0m - [91merror[0m[90m TS1128: [0mDeclaration or statement expected.

[7m53[0m   public deleteAllocation = async (req: Request, res: Response, next: NextFunction) => {
[7m  [0m [91m  ~~~~~~[0m
[96msrc/controllers/allocation/allocation.controller.ts[0m:[93m69[0m:[93m3[0m - [91merror[0m[90m TS1128: [0mDeclaration or statement expected.

[7m69[0m   public getEmployeeAllocations = async (req: Request, res: Response, next: NextFunction) => {
[7m  [0m [91m  ~~~~~~[0m
[96msrc/controllers/allocation/allocation.controller.ts[0m:[93m85[0m:[93m3[0m - [91merror[0m[90m TS1128: [0mDeclaration or statement expected.

[7m85[0m   public getProjectAllocations = async (req: Request, res: Response, next: NextFunction) => {
[7m  [0m [91m  ~~~~~~[0m
[96msrc/controllers/allocation/allocation.controller.ts[0m:[93m101[0m:[93m3[0m - [91merror[0m[90m TS1128: [0mDeclaration or statement expected.

[7m101[0m   public getAllocationById = async (req: Request, res: Response, next: NextFunction) => {
[7m   [0m [91m  ~~~~~~[0m
[96msrc/controllers/allocation/allocation.controller.ts[0m:[93m116[0m:[93m1[0m - [91merror[0m[90m TS1128: [0mDeclaration or statement expected.

[7m116[0m }
[7m   [0m [91m~[0m

TSError: тип Unable to compile TypeScript:
[96msrc/controllers/allocation/allocation.controller.ts[0m:[93m19[0m:[93m62[0m - [91merror[0m[90m TS1005: [0m',' expected.

[7m19[0m         normalizedPhases:  JSON.stringify([...phases].sort());
[7m  [0m [91m                                                             ~[0m
[96msrc/controllers/allocation/allocation.controller.ts[0m:[93m21[0m:[93m7[0m - [91merror[0m[90m TS1136: [0mProperty assignment expected.

[7m21[0m       )
[7m  [0m [91m      ~[0m
[96msrc/controllers/allocation/allocation.controller.ts[0m:[93m23[0m:[93m7[0m - [91merror[0m[90m TS1472: [0m'catch' or 'finally' expected.

[7m23[0m       const allocation = await this.allocationService.createAllocation(allocationData);
[7m  [0m [91m      ~~~~~[0m
[96msrc/controllers/allocation/allocation.controller.ts[0m:[93m31[0m:[93m7[0m - [91merror[0m[90m TS1005: [0m';' expected.

[7m31[0m     } catch (error) {
[7m  [0m [91m      ~~~~~[0m
[96msrc/controllers/allocation/allocation.controller.ts[0m:[93m36[0m:[93m3[0m - [91merror[0m[90m TS1128: [0mDeclaration or statement expected.

[7m36[0m   public updateAllocation = async (req: Request, res: Response, next: NextFunction) => {
[7m  [0m [91m  ~~~~~~[0m
[96msrc/controllers/allocation/allocation.controller.ts[0m:[93m53[0m:[93m3[0m - [91merror[0m[90m TS1128: [0mDeclaration or statement expected.

[7m53[0m   public deleteAllocation = async (req: Request, res: Response, next: NextFunction) => {
[7m  [0m [91m  ~~~~~~[0m
[96msrc/controllers/allocation/allocation.controller.ts[0m:[93m69[0m:[93m3[0m - [91merror[0m[90m TS1128: [0mDeclaration or statement expected.

[7m69[0m   public getEmployeeAllocations = async (req: Request, res: Response, next: NextFunction) => {
[7m  [0m [91m  ~~~~~~[0m
[96msrc/controllers/allocation/allocation.controller.ts[0m:[93m85[0m:[93m3[0m - [91merror[0m[90m TS1128: [0mDeclaration or statement expected.

[7m85[0m   public getProjectAllocations = async (req: Request, res: Response, next: NextFunction) => {
[7m  [0m [91m  ~~~~~~[0m
[96msrc/controllers/allocation/allocation.controller.ts[0m:[93m101[0m:[93m3[0m - [91merror[0m[90m TS1128: [0mDeclaration or statement expected.

[7m101[0m   public getAllocationById = async (req: Request, res: Response, next: NextFunction) => {
[7m   [0m [91m  ~~~~~~[0m
[96msrc/controllers/allocation/allocation.controller.ts[0m:[93m116[0m:[93m1[0m - [91merror[0m[90m TS1128: [0mDeclaration or statement expected.

[7m116[0m }
[7m   [0m [91m~[0m

    at createTSError (C:\Users\Administrator\Desktop\Projects\eltek-timer-pay-backend\node_modules\ts-node\src\index.ts:859:12)
    at reportTSError (C:\Users\Administrator\Desktop\Projects\eltek-timer-pay-backend\node_modules\ts-node\src\index.ts:863:19)
    at C:\Users\Administrator\Desktop\Projects\eltek-timer-pay-backend\node_modules\ts-node\src\index.ts:1379:34
    at Object.compile (C:\Users\Administrator\Desktop\Projects\eltek-timer-pay-backend\node_modules\ts-node\src\index.ts:1458:13)
    at Module.m._compile (C:\Users\Administrator\Desktop\Projects\eltek-timer-pay-backend\node_modules\ts-node\src\index.ts:1617:30)
    at node:internal/modules/cjs/loader:1689:10
    at Object.require.extensions.<computed> [as .ts] (C:\Users\Administrator\Desktop\Projects\eltek-timer-pay-backend\node_modules\ts-node\src\index.ts:1621:12)
    at Module.load (node:internal/modules/cjs/loader:1318:32)
    at Function._load (node:internal/modules/cjs/loader:1128:12)
    at TracingChannel.traceSync (node:diagnostics_channel:315:14)
2025-04-17 10:10:16 error: uncaughtException: тип Unable to compile TypeScript:
[96msrc/controllers/allocation/allocation.controller.ts[0m:[93m19[0m:[93m62[0m - [91merror[0m[90m TS1005: [0m',' expected.

[7m19[0m         normalizedPhases:  JSON.stringify([...phases].sort());
[7m  [0m [91m                                                             ~[0m

TSError: тип Unable to compile TypeScript:
[96msrc/controllers/allocation/allocation.controller.ts[0m:[93m19[0m:[93m62[0m - [91merror[0m[90m TS1005: [0m',' expected.

[7m19[0m         normalizedPhases:  JSON.stringify([...phases].sort());
[7m  [0m [91m                                                             ~[0m

    at createTSError (C:\Users\Administrator\Desktop\Projects\eltek-timer-pay-backend\node_modules\ts-node\src\index.ts:859:12)
    at reportTSError (C:\Users\Administrator\Desktop\Projects\eltek-timer-pay-backend\node_modules\ts-node\src\index.ts:863:19)
    at C:\Users\Administrator\Desktop\Projects\eltek-timer-pay-backend\node_modules\ts-node\src\index.ts:1379:34
    at Object.compile (C:\Users\Administrator\Desktop\Projects\eltek-timer-pay-backend\node_modules\ts-node\src\index.ts:1458:13)
    at Module.m._compile (C:\Users\Administrator\Desktop\Projects\eltek-timer-pay-backend\node_modules\ts-node\src\index.ts:1617:30)
    at node:internal/modules/cjs/loader:1689:10
    at Object.require.extensions.<computed> [as .ts] (C:\Users\Administrator\Desktop\Projects\eltek-timer-pay-backend\node_modules\ts-node\src\index.ts:1621:12)
    at Module.load (node:internal/modules/cjs/loader:1318:32)
    at Function._load (node:internal/modules/cjs/loader:1128:12)
    at TracingChannel.traceSync (node:diagnostics_channel:315:14)
2025-04-17 10:10:19 error: uncaughtException: тип Unable to compile TypeScript:
[96msrc/controllers/allocation/allocation.controller.ts[0m:[93m19[0m:[93m60[0m - [91merror[0m[90m TS1005: [0m',' expected.

[7m19[0m         normalizedPhases:JSON.stringify([...phases].sort());
[7m  [0m [91m                                                           ~[0m

TSError: тип Unable to compile TypeScript:
[96msrc/controllers/allocation/allocation.controller.ts[0m:[93m19[0m:[93m60[0m - [91merror[0m[90m TS1005: [0m',' expected.

[7m19[0m         normalizedPhases:JSON.stringify([...phases].sort());
[7m  [0m [91m                                                           ~[0m

    at createTSError (C:\Users\Administrator\Desktop\Projects\eltek-timer-pay-backend\node_modules\ts-node\src\index.ts:859:12)
    at reportTSError (C:\Users\Administrator\Desktop\Projects\eltek-timer-pay-backend\node_modules\ts-node\src\index.ts:863:19)
    at C:\Users\Administrator\Desktop\Projects\eltek-timer-pay-backend\node_modules\ts-node\src\index.ts:1379:34
    at Object.compile (C:\Users\Administrator\Desktop\Projects\eltek-timer-pay-backend\node_modules\ts-node\src\index.ts:1458:13)
    at Module.m._compile (C:\Users\Administrator\Desktop\Projects\eltek-timer-pay-backend\node_modules\ts-node\src\index.ts:1617:30)
    at node:internal/modules/cjs/loader:1689:10
    at Object.require.extensions.<computed> [as .ts] (C:\Users\Administrator\Desktop\Projects\eltek-timer-pay-backend\node_modules\ts-node\src\index.ts:1621:12)
    at Module.load (node:internal/modules/cjs/loader:1318:32)
    at Function._load (node:internal/modules/cjs/loader:1128:12)
    at TracingChannel.traceSync (node:diagnostics_channel:315:14)
2025-04-17 10:10:26 error: uncaughtException: тип Unable to compile TypeScript:
[96msrc/controllers/allocation/allocation.controller.ts[0m:[93m19[0m:[93m69[0m - [91merror[0m[90m TS1005: [0m',' expected.

[7m19[0m         normalizedPhases:JSON.stringify([...req.body.phases].sort());
[7m  [0m [91m                                                                    ~[0m

TSError: тип Unable to compile TypeScript:
[96msrc/controllers/allocation/allocation.controller.ts[0m:[93m19[0m:[93m69[0m - [91merror[0m[90m TS1005: [0m',' expected.

[7m19[0m         normalizedPhases:JSON.stringify([...req.body.phases].sort());
[7m  [0m [91m                                                                    ~[0m

    at createTSError (C:\Users\Administrator\Desktop\Projects\eltek-timer-pay-backend\node_modules\ts-node\src\index.ts:859:12)
    at reportTSError (C:\Users\Administrator\Desktop\Projects\eltek-timer-pay-backend\node_modules\ts-node\src\index.ts:863:19)
    at C:\Users\Administrator\Desktop\Projects\eltek-timer-pay-backend\node_modules\ts-node\src\index.ts:1379:34
    at Object.compile (C:\Users\Administrator\Desktop\Projects\eltek-timer-pay-backend\node_modules\ts-node\src\index.ts:1458:13)
    at Module.m._compile (C:\Users\Administrator\Desktop\Projects\eltek-timer-pay-backend\node_modules\ts-node\src\index.ts:1617:30)
    at node:internal/modules/cjs/loader:1689:10
    at Object.require.extensions.<computed> [as .ts] (C:\Users\Administrator\Desktop\Projects\eltek-timer-pay-backend\node_modules\ts-node\src\index.ts:1621:12)
    at Module.load (node:internal/modules/cjs/loader:1318:32)
    at Function._load (node:internal/modules/cjs/loader:1128:12)
    at TracingChannel.traceSync (node:diagnostics_channel:315:14)
2025-04-17 10:10:31 error: uncaughtException: тип Unable to compile TypeScript:
[96msrc/controllers/allocation/allocation.controller.ts[0m:[93m19[0m:[93m69[0m - [91merror[0m[90m TS1005: [0m',' expected.

[7m19[0m         normalizedPhases:JSON.stringify([...req.body.phases].sort());
[7m  [0m [91m                                                                    ~[0m

TSError: тип Unable to compile TypeScript:
[96msrc/controllers/allocation/allocation.controller.ts[0m:[93m19[0m:[93m69[0m - [91merror[0m[90m TS1005: [0m',' expected.

[7m19[0m         normalizedPhases:JSON.stringify([...req.body.phases].sort());
[7m  [0m [91m                                                                    ~[0m

    at createTSError (C:\Users\Administrator\Desktop\Projects\eltek-timer-pay-backend\node_modules\ts-node\src\index.ts:859:12)
    at reportTSError (C:\Users\Administrator\Desktop\Projects\eltek-timer-pay-backend\node_modules\ts-node\src\index.ts:863:19)
    at C:\Users\Administrator\Desktop\Projects\eltek-timer-pay-backend\node_modules\ts-node\src\index.ts:1379:34
    at Object.compile (C:\Users\Administrator\Desktop\Projects\eltek-timer-pay-backend\node_modules\ts-node\src\index.ts:1458:13)
    at Module.m._compile (C:\Users\Administrator\Desktop\Projects\eltek-timer-pay-backend\node_modules\ts-node\src\index.ts:1617:30)
    at node:internal/modules/cjs/loader:1689:10
    at Object.require.extensions.<computed> [as .ts] (C:\Users\Administrator\Desktop\Projects\eltek-timer-pay-backend\node_modules\ts-node\src\index.ts:1621:12)
    at Module.load (node:internal/modules/cjs/loader:1318:32)
    at Function._load (node:internal/modules/cjs/loader:1128:12)
    at TracingChannel.traceSync (node:diagnostics_channel:315:14)
2025-04-17 10:10:54 error: uncaughtException: тип Unable to compile TypeScript:
[96msrc/controllers/allocation/allocation.controller.ts[0m:[93m19[0m:[93m86[0m - [91merror[0m[90m TS1005: [0m')' expected.

[7m19[0m         normalizedPhases: JSON.stringify(req.body. JSON.stringify([...phases].sort());
[7m  [0m [91m                                                                                     ~[0m
[96msrc/controllers/allocation/allocation.controller.ts[0m:[93m20[0m:[93m7[0m - [91merror[0m[90m TS1136: [0mProperty assignment expected.

[7m20[0m       )
[7m  [0m [91m      ~[0m
[96msrc/controllers/allocation/allocation.controller.ts[0m:[93m22[0m:[93m7[0m - [91merror[0m[90m TS1472: [0m'catch' or 'finally' expected.

[7m22[0m       const allocation = await this.allocationService.createAllocation(allocationData);
[7m  [0m [91m      ~~~~~[0m
[96msrc/controllers/allocation/allocation.controller.ts[0m:[93m30[0m:[93m7[0m - [91merror[0m[90m TS1005: [0m';' expected.

[7m30[0m     } catch (error) {
[7m  [0m [91m      ~~~~~[0m
[96msrc/controllers/allocation/allocation.controller.ts[0m:[93m35[0m:[93m3[0m - [91merror[0m[90m TS1128: [0mDeclaration or statement expected.

[7m35[0m   public updateAllocation = async (req: Request, res: Response, next: NextFunction) => {
[7m  [0m [91m  ~~~~~~[0m
[96msrc/controllers/allocation/allocation.controller.ts[0m:[93m52[0m:[93m3[0m - [91merror[0m[90m TS1128: [0mDeclaration or statement expected.

[7m52[0m   public deleteAllocation = async (req: Request, res: Response, next: NextFunction) => {
[7m  [0m [91m  ~~~~~~[0m
[96msrc/controllers/allocation/allocation.controller.ts[0m:[93m68[0m:[93m3[0m - [91merror[0m[90m TS1128: [0mDeclaration or statement expected.

[7m68[0m   public getEmployeeAllocations = async (req: Request, res: Response, next: NextFunction) => {
[7m  [0m [91m  ~~~~~~[0m
[96msrc/controllers/allocation/allocation.controller.ts[0m:[93m84[0m:[93m3[0m - [91merror[0m[90m TS1128: [0mDeclaration or statement expected.

[7m84[0m   public getProjectAllocations = async (req: Request, res: Response, next: NextFunction) => {
[7m  [0m [91m  ~~~~~~[0m
[96msrc/controllers/allocation/allocation.controller.ts[0m:[93m100[0m:[93m3[0m - [91merror[0m[90m TS1128: [0mDeclaration or statement expected.

[7m100[0m   public getAllocationById = async (req: Request, res: Response, next: NextFunction) => {
[7m   [0m [91m  ~~~~~~[0m
[96msrc/controllers/allocation/allocation.controller.ts[0m:[93m115[0m:[93m1[0m - [91merror[0m[90m TS1128: [0mDeclaration or statement expected.

[7m115[0m }
[7m   [0m [91m~[0m

TSError: тип Unable to compile TypeScript:
[96msrc/controllers/allocation/allocation.controller.ts[0m:[93m19[0m:[93m86[0m - [91merror[0m[90m TS1005: [0m')' expected.

[7m19[0m         normalizedPhases: JSON.stringify(req.body. JSON.stringify([...phases].sort());
[7m  [0m [91m                                                                                     ~[0m
[96msrc/controllers/allocation/allocation.controller.ts[0m:[93m20[0m:[93m7[0m - [91merror[0m[90m TS1136: [0mProperty assignment expected.

[7m20[0m       )
[7m  [0m [91m      ~[0m
[96msrc/controllers/allocation/allocation.controller.ts[0m:[93m22[0m:[93m7[0m - [91merror[0m[90m TS1472: [0m'catch' or 'finally' expected.

[7m22[0m       const allocation = await this.allocationService.createAllocation(allocationData);
[7m  [0m [91m      ~~~~~[0m
[96msrc/controllers/allocation/allocation.controller.ts[0m:[93m30[0m:[93m7[0m - [91merror[0m[90m TS1005: [0m';' expected.

[7m30[0m     } catch (error) {
[7m  [0m [91m      ~~~~~[0m
[96msrc/controllers/allocation/allocation.controller.ts[0m:[93m35[0m:[93m3[0m - [91merror[0m[90m TS1128: [0mDeclaration or statement expected.

[7m35[0m   public updateAllocation = async (req: Request, res: Response, next: NextFunction) => {
[7m  [0m [91m  ~~~~~~[0m
[96msrc/controllers/allocation/allocation.controller.ts[0m:[93m52[0m:[93m3[0m - [91merror[0m[90m TS1128: [0mDeclaration or statement expected.

[7m52[0m   public deleteAllocation = async (req: Request, res: Response, next: NextFunction) => {
[7m  [0m [91m  ~~~~~~[0m
[96msrc/controllers/allocation/allocation.controller.ts[0m:[93m68[0m:[93m3[0m - [91merror[0m[90m TS1128: [0mDeclaration or statement expected.

[7m68[0m   public getEmployeeAllocations = async (req: Request, res: Response, next: NextFunction) => {
[7m  [0m [91m  ~~~~~~[0m
[96msrc/controllers/allocation/allocation.controller.ts[0m:[93m84[0m:[93m3[0m - [91merror[0m[90m TS1128: [0mDeclaration or statement expected.

[7m84[0m   public getProjectAllocations = async (req: Request, res: Response, next: NextFunction) => {
[7m  [0m [91m  ~~~~~~[0m
[96msrc/controllers/allocation/allocation.controller.ts[0m:[93m100[0m:[93m3[0m - [91merror[0m[90m TS1128: [0mDeclaration or statement expected.

[7m100[0m   public getAllocationById = async (req: Request, res: Response, next: NextFunction) => {
[7m   [0m [91m  ~~~~~~[0m
[96msrc/controllers/allocation/allocation.controller.ts[0m:[93m115[0m:[93m1[0m - [91merror[0m[90m TS1128: [0mDeclaration or statement expected.

[7m115[0m }
[7m   [0m [91m~[0m

    at createTSError (C:\Users\Administrator\Desktop\Projects\eltek-timer-pay-backend\node_modules\ts-node\src\index.ts:859:12)
    at reportTSError (C:\Users\Administrator\Desktop\Projects\eltek-timer-pay-backend\node_modules\ts-node\src\index.ts:863:19)
    at C:\Users\Administrator\Desktop\Projects\eltek-timer-pay-backend\node_modules\ts-node\src\index.ts:1379:34
    at Object.compile (C:\Users\Administrator\Desktop\Projects\eltek-timer-pay-backend\node_modules\ts-node\src\index.ts:1458:13)
    at Module.m._compile (C:\Users\Administrator\Desktop\Projects\eltek-timer-pay-backend\node_modules\ts-node\src\index.ts:1617:30)
    at node:internal/modules/cjs/loader:1689:10
    at Object.require.extensions.<computed> [as .ts] (C:\Users\Administrator\Desktop\Projects\eltek-timer-pay-backend\node_modules\ts-node\src\index.ts:1621:12)
    at Module.load (node:internal/modules/cjs/loader:1318:32)
    at Function._load (node:internal/modules/cjs/loader:1128:12)
    at TracingChannel.traceSync (node:diagnostics_channel:315:14)
2025-04-17 10:10:57 error: uncaughtException: тип Unable to compile TypeScript:
[96msrc/controllers/allocation/allocation.controller.ts[0m:[93m19[0m:[93m51[0m - [91merror[0m[90m TS1003: [0mIdentifier expected.

[7m19[0m         normalizedPhases: JSON.stringify(req.body.)
[7m  [0m [91m                                                  ~[0m

TSError: тип Unable to compile TypeScript:
[96msrc/controllers/allocation/allocation.controller.ts[0m:[93m19[0m:[93m51[0m - [91merror[0m[90m TS1003: [0mIdentifier expected.

[7m19[0m         normalizedPhases: JSON.stringify(req.body.)
[7m  [0m [91m                                                  ~[0m

    at createTSError (C:\Users\Administrator\Desktop\Projects\eltek-timer-pay-backend\node_modules\ts-node\src\index.ts:859:12)
    at reportTSError (C:\Users\Administrator\Desktop\Projects\eltek-timer-pay-backend\node_modules\ts-node\src\index.ts:863:19)
    at C:\Users\Administrator\Desktop\Projects\eltek-timer-pay-backend\node_modules\ts-node\src\index.ts:1379:34
    at Object.compile (C:\Users\Administrator\Desktop\Projects\eltek-timer-pay-backend\node_modules\ts-node\src\index.ts:1458:13)
    at Module.m._compile (C:\Users\Administrator\Desktop\Projects\eltek-timer-pay-backend\node_modules\ts-node\src\index.ts:1617:30)
    at node:internal/modules/cjs/loader:1689:10
    at Object.require.extensions.<computed> [as .ts] (C:\Users\Administrator\Desktop\Projects\eltek-timer-pay-backend\node_modules\ts-node\src\index.ts:1621:12)
    at Module.load (node:internal/modules/cjs/loader:1318:32)
    at Function._load (node:internal/modules/cjs/loader:1128:12)
    at TracingChannel.traceSync (node:diagnostics_channel:315:14)
2025-04-17 10:14:06 error: uncaughtException: allocation_controller_1.AllocationController is not a constructor
TypeError: allocation_controller_1.AllocationController is not a constructor
    at new AllocationRoute (C:\Users\Administrator\Desktop\Projects\eltek-timer-pay-backend\src\routes\allocation\allocation.routes.ts:9:33)
    at Object.<anonymous> (C:\Users\Administrator\Desktop\Projects\eltek-timer-pay-backend\src\server.ts:22:3)
    at Module._compile (node:internal/modules/cjs/loader:1546:14)
    at Module.m._compile (C:\Users\Administrator\Desktop\Projects\eltek-timer-pay-backend\node_modules\ts-node\src\index.ts:1618:23)
    at node:internal/modules/cjs/loader:1689:10
    at Object.require.extensions.<computed> [as .ts] (C:\Users\Administrator\Desktop\Projects\eltek-timer-pay-backend\node_modules\ts-node\src\index.ts:1621:12)
    at Module.load (node:internal/modules/cjs/loader:1318:32)
    at Function._load (node:internal/modules/cjs/loader:1128:12)
    at TracingChannel.traceSync (node:diagnostics_channel:315:14)
    at wrapModuleLoad (node:internal/modules/cjs/loader:218:24)
2025-04-17 10:14:10 error: uncaughtException: Cannot find module '@/interfaces/allocation/IAllocationService'
Require stack:
- C:\Users\Administrator\Desktop\Projects\eltek-timer-pay-backend\src\controllers\allocation\allocation.controller.ts
- C:\Users\Administrator\Desktop\Projects\eltek-timer-pay-backend\src\routes\allocation\allocation.routes.ts
- C:\Users\Administrator\Desktop\Projects\eltek-timer-pay-backend\src\server.ts
Error: Cannot find module '@/interfaces/allocation/IAllocationService'
Require stack:
- C:\Users\Administrator\Desktop\Projects\eltek-timer-pay-backend\src\controllers\allocation\allocation.controller.ts
- C:\Users\Administrator\Desktop\Projects\eltek-timer-pay-backend\src\routes\allocation\allocation.routes.ts
- C:\Users\Administrator\Desktop\Projects\eltek-timer-pay-backend\src\server.ts
    at Function.<anonymous> (node:internal/modules/cjs/loader:1249:15)
    at Function.Module._resolveFilename.sharedData.moduleResolveFilenameHook.installedValue (C:\Users\Administrator\Desktop\Projects\eltek-timer-pay-backend\node_modules\@cspotcode\source-map-support\source-map-support.js:811:30)
    at Function.Module._resolveFilename (C:\Users\Administrator\Desktop\Projects\eltek-timer-pay-backend\node_modules\tsconfig-paths\src\register.ts:115:36)
    at Function._load (node:internal/modules/cjs/loader:1075:27)
    at TracingChannel.traceSync (node:diagnostics_channel:315:14)
    at wrapModuleLoad (node:internal/modules/cjs/loader:218:24)
    at Module.require (node:internal/modules/cjs/loader:1340:12)
    at require (node:internal/modules/helpers:141:16)
    at Object.<anonymous> (C:\Users\Administrator\Desktop\Projects\eltek-timer-pay-backend\src\controllers\allocation\allocation.controller.ts:5:1)
    at Module._compile (node:internal/modules/cjs/loader:1546:14)
2025-04-17 10:15:23 error: [POST] /api/allocations/createAllocation >> StatusCode:: 409, Message:: Allocation for this phase already exists
2025-04-17 10:23:56 error: [GET] /api/employees/getAllEmployees >> StatusCode:: 500, Message:: Error fetching employees
2025-04-17 10:25:08 error: [POST] /api/employees/createEmployee >> StatusCode:: 409, Message:: Email already exists
2025-04-17 10:26:11 error: [GET] /api/employees/getAllEmployees >> StatusCode:: 500, Message:: Error fetching employees
2025-04-17 10:27:33 error: [GET] /api/employees/getAllEmployees >> StatusCode:: 500, Message:: Error fetching employees
2025-04-17 10:27:34 error: [GET] /api/employees/getAllEmployees >> StatusCode:: 500, Message:: Error fetching employees
2025-04-17 10:28:00 error: [GET] /api/employees/getAllEmployees >> StatusCode:: 500, Message:: SequelizeDatabaseError: Unknown column 'allocations.phase' in 'field list'
2025-04-17 10:28:36 error: [GET] /api/employees/getAllEmployees >> StatusCode:: 500, Message:: Unknown column 'allocations.phase' in 'field list'
2025-04-17 10:38:07 error: [GET] /api/employees/getEmployee/0 >> StatusCode:: 404, Message:: Employee not found
2025-04-17 10:41:01 error: [GET] /api/employees/getEmployee/0 >> StatusCode:: 404, Message:: Employee not found
2025-04-17 10:41:23 error: [POST] /api/allocations/createAllocation >> StatusCode:: 500, Message:: phases is not iterable
2025-04-17 10:41:45 error: [GET] /api/employees/getEmployee/0 >> StatusCode:: 404, Message:: Employee not found
2025-04-17 10:42:12 error: [POST] /api/allocations/createAllocation >> StatusCode:: 500, Message:: phases is not iterable
2025-04-17 10:47:14 error: [GET] /api/employees/getEmployee/0 >> StatusCode:: 404, Message:: Employee not found
2025-04-17 10:49:06 error: [POST] /api/allocations/createAllocation >> StatusCode:: 500, Message:: phases is not iterable
2025-04-17 10:52:28 error: [GET] /api/employees/getEmployee/0 >> StatusCode:: 404, Message:: Employee not found
2025-04-17 10:52:55 error: [POST] /api/allocations/createAllocation >> StatusCode:: 409, Message:: Allocation for this phase already exists
2025-04-17 10:54:59 error: [POST] /api/allocations/createAllocation >> StatusCode:: 500, Message:: phases is not iterable
2025-04-17 10:56:02 error: [GET] /api/employees/getEmployee/0 >> StatusCode:: 404, Message:: Employee not found
2025-04-17 10:56:25 error: [GET] /api/employees/getEmployee/0 >> StatusCode:: 404, Message:: Employee not found
2025-04-17 10:56:25 error: [GET] /api/employees/getEmployee/0 >> StatusCode:: 404, Message:: Employee not found
2025-04-17 10:58:32 error: [GET] /api/employees/getEmployee/0 >> StatusCode:: 404, Message:: Employee not found
2025-04-17 10:58:57 error: [GET] /api/employees/getEmployee/0 >> StatusCode:: 404, Message:: Employee not found
2025-04-17 10:58:57 error: [GET] /api/employees/getEmployee/0 >> StatusCode:: 404, Message:: Employee not found
