2025-05-04 08:37:16 error: [PUT] /api/allocations/solveResourceConflicts >> StatusCode:: 400, Message:: Cannot override conflicting allocations. Non-overridable conflicts: 2
2025-05-04 09:58:26 error: uncaughtException: тип Unable to compile TypeScript:
[96msrc/repositories/project/project.repository.ts[0m:[93m1[0m:[93m1[0m - [91merror[0m[90m TS1435: [0mUnknown keyword or identifier. Did you mean 'import'?

[7m1[0m fimport { Service } from "typedi";
[7m [0m [91m~~~~~~~[0m
[96msrc/repositories/project/project.repository.ts[0m:[93m1[0m:[93m21[0m - [91merror[0m[90m TS1434: [0mUnexpected keyword or identifier.

[7m1[0m fimport { Service } from "typedi";
[7m [0m [91m                    ~~~~[0m

TSError: тип Unable to compile TypeScript:
[96msrc/repositories/project/project.repository.ts[0m:[93m1[0m:[93m1[0m - [91merror[0m[90m TS1435: [0mUnknown keyword or identifier. Did you mean 'import'?

[7m1[0m fimport { Service } from "typedi";
[7m [0m [91m~~~~~~~[0m
[96msrc/repositories/project/project.repository.ts[0m:[93m1[0m:[93m21[0m - [91merror[0m[90m TS1434: [0mUnexpected keyword or identifier.

[7m1[0m fimport { Service } from "typedi";
[7m [0m [91m                    ~~~~[0m

    at createTSError (C:\Users\Administrator\Desktop\Projects\eltek-timer-pay-backend\node_modules\ts-node\src\index.ts:859:12)
    at reportTSError (C:\Users\Administrator\Desktop\Projects\eltek-timer-pay-backend\node_modules\ts-node\src\index.ts:863:19)
    at C:\Users\Administrator\Desktop\Projects\eltek-timer-pay-backend\node_modules\ts-node\src\index.ts:1379:34
    at Object.compile (C:\Users\Administrator\Desktop\Projects\eltek-timer-pay-backend\node_modules\ts-node\src\index.ts:1458:13)
    at Module.m._compile (C:\Users\Administrator\Desktop\Projects\eltek-timer-pay-backend\node_modules\ts-node\src\index.ts:1617:30)
    at node:internal/modules/cjs/loader:1689:10
    at Object.require.extensions.<computed> [as .ts] (C:\Users\Administrator\Desktop\Projects\eltek-timer-pay-backend\node_modules\ts-node\src\index.ts:1621:12)
    at Module.load (node:internal/modules/cjs/loader:1318:32)
    at Function._load (node:internal/modules/cjs/loader:1128:12)
    at TracingChannel.traceSync (node:diagnostics_channel:315:14)
2025-05-04 09:58:53 error: uncaughtException: тип Unable to compile TypeScript:
[96msrc/repositories/project/project.repository.ts[0m:[93m1[0m:[93m1[0m - [91merror[0m[90m TS1435: [0mUnknown keyword or identifier. Did you mean 'import'?

[7m1[0m fimport { Service } from "typedi";
[7m [0m [91m~~~~~~~[0m
[96msrc/repositories/project/project.repository.ts[0m:[93m1[0m:[93m21[0m - [91merror[0m[90m TS1434: [0mUnexpected keyword or identifier.

[7m1[0m fimport { Service } from "typedi";
[7m [0m [91m                    ~~~~[0m

TSError: тип Unable to compile TypeScript:
[96msrc/repositories/project/project.repository.ts[0m:[93m1[0m:[93m1[0m - [91merror[0m[90m TS1435: [0mUnknown keyword or identifier. Did you mean 'import'?

[7m1[0m fimport { Service } from "typedi";
[7m [0m [91m~~~~~~~[0m
[96msrc/repositories/project/project.repository.ts[0m:[93m1[0m:[93m21[0m - [91merror[0m[90m TS1434: [0mUnexpected keyword or identifier.

[7m1[0m fimport { Service } from "typedi";
[7m [0m [91m                    ~~~~[0m

    at createTSError (C:\Users\Administrator\Desktop\Projects\eltek-timer-pay-backend\node_modules\ts-node\src\index.ts:859:12)
    at reportTSError (C:\Users\Administrator\Desktop\Projects\eltek-timer-pay-backend\node_modules\ts-node\src\index.ts:863:19)
    at C:\Users\Administrator\Desktop\Projects\eltek-timer-pay-backend\node_modules\ts-node\src\index.ts:1379:34
    at Object.compile (C:\Users\Administrator\Desktop\Projects\eltek-timer-pay-backend\node_modules\ts-node\src\index.ts:1458:13)
    at Module.m._compile (C:\Users\Administrator\Desktop\Projects\eltek-timer-pay-backend\node_modules\ts-node\src\index.ts:1617:30)
    at node:internal/modules/cjs/loader:1689:10
    at Object.require.extensions.<computed> [as .ts] (C:\Users\Administrator\Desktop\Projects\eltek-timer-pay-backend\node_modules\ts-node\src\index.ts:1621:12)
    at Module.load (node:internal/modules/cjs/loader:1318:32)
    at Function._load (node:internal/modules/cjs/loader:1128:12)
    at TracingChannel.traceSync (node:diagnostics_channel:315:14)
2025-05-04 10:00:54 error: uncaughtException: тип Unable to compile TypeScript:
[96msrc/repositories/project/project.repository.ts[0m:[93m1[0m:[93m1[0m - [91merror[0m[90m TS1435: [0mUnknown keyword or identifier. Did you mean 'import'?

[7m1[0m fimport { Service } from "typedi";
[7m [0m [91m~~~~~~~[0m
[96msrc/repositories/project/project.repository.ts[0m:[93m1[0m:[93m21[0m - [91merror[0m[90m TS1434: [0mUnexpected keyword or identifier.

[7m1[0m fimport { Service } from "typedi";
[7m [0m [91m                    ~~~~[0m

TSError: тип Unable to compile TypeScript:
[96msrc/repositories/project/project.repository.ts[0m:[93m1[0m:[93m1[0m - [91merror[0m[90m TS1435: [0mUnknown keyword or identifier. Did you mean 'import'?

[7m1[0m fimport { Service } from "typedi";
[7m [0m [91m~~~~~~~[0m
[96msrc/repositories/project/project.repository.ts[0m:[93m1[0m:[93m21[0m - [91merror[0m[90m TS1434: [0mUnexpected keyword or identifier.

[7m1[0m fimport { Service } from "typedi";
[7m [0m [91m                    ~~~~[0m

    at createTSError (C:\Users\Administrator\Desktop\Projects\eltek-timer-pay-backend\node_modules\ts-node\src\index.ts:859:12)
    at reportTSError (C:\Users\Administrator\Desktop\Projects\eltek-timer-pay-backend\node_modules\ts-node\src\index.ts:863:19)
    at C:\Users\Administrator\Desktop\Projects\eltek-timer-pay-backend\node_modules\ts-node\src\index.ts:1379:34
    at Object.compile (C:\Users\Administrator\Desktop\Projects\eltek-timer-pay-backend\node_modules\ts-node\src\index.ts:1458:13)
    at Module.m._compile (C:\Users\Administrator\Desktop\Projects\eltek-timer-pay-backend\node_modules\ts-node\src\index.ts:1617:30)
    at node:internal/modules/cjs/loader:1689:10
    at Object.require.extensions.<computed> [as .ts] (C:\Users\Administrator\Desktop\Projects\eltek-timer-pay-backend\node_modules\ts-node\src\index.ts:1621:12)
    at Module.load (node:internal/modules/cjs/loader:1318:32)
    at Function._load (node:internal/modules/cjs/loader:1128:12)
    at TracingChannel.traceSync (node:diagnostics_channel:315:14)
2025-05-04 10:01:14 error: uncaughtException: тип Unable to compile TypeScript:
[96msrc/repositories/project/project.repository.ts[0m:[93m1[0m:[93m1[0m - [91merror[0m[90m TS1435: [0mUnknown keyword or identifier. Did you mean 'import'?

[7m1[0m fimport { Service } from "typedi";
[7m [0m [91m~~~~~~~[0m
[96msrc/repositories/project/project.repository.ts[0m:[93m1[0m:[93m21[0m - [91merror[0m[90m TS1434: [0mUnexpected keyword or identifier.

[7m1[0m fimport { Service } from "typedi";
[7m [0m [91m                    ~~~~[0m

TSError: тип Unable to compile TypeScript:
[96msrc/repositories/project/project.repository.ts[0m:[93m1[0m:[93m1[0m - [91merror[0m[90m TS1435: [0mUnknown keyword or identifier. Did you mean 'import'?

[7m1[0m fimport { Service } from "typedi";
[7m [0m [91m~~~~~~~[0m
[96msrc/repositories/project/project.repository.ts[0m:[93m1[0m:[93m21[0m - [91merror[0m[90m TS1434: [0mUnexpected keyword or identifier.

[7m1[0m fimport { Service } from "typedi";
[7m [0m [91m                    ~~~~[0m

    at createTSError (C:\Users\Administrator\Desktop\Projects\eltek-timer-pay-backend\node_modules\ts-node\src\index.ts:859:12)
    at reportTSError (C:\Users\Administrator\Desktop\Projects\eltek-timer-pay-backend\node_modules\ts-node\src\index.ts:863:19)
    at C:\Users\Administrator\Desktop\Projects\eltek-timer-pay-backend\node_modules\ts-node\src\index.ts:1379:34
    at Object.compile (C:\Users\Administrator\Desktop\Projects\eltek-timer-pay-backend\node_modules\ts-node\src\index.ts:1458:13)
    at Module.m._compile (C:\Users\Administrator\Desktop\Projects\eltek-timer-pay-backend\node_modules\ts-node\src\index.ts:1617:30)
    at node:internal/modules/cjs/loader:1689:10
    at Object.require.extensions.<computed> [as .ts] (C:\Users\Administrator\Desktop\Projects\eltek-timer-pay-backend\node_modules\ts-node\src\index.ts:1621:12)
    at Module.load (node:internal/modules/cjs/loader:1318:32)
    at Function._load (node:internal/modules/cjs/loader:1128:12)
    at TracingChannel.traceSync (node:diagnostics_channel:315:14)
2025-05-04 10:04:10 error: uncaughtException: тип Unable to compile TypeScript:
[96msrc/repositories/project/project.repository.ts[0m:[93m1[0m:[93m1[0m - [91merror[0m[90m TS1435: [0mUnknown keyword or identifier. Did you mean 'import'?

[7m1[0m ffimport { Service } from "typedi";
[7m [0m [91m~~~~~~~~[0m
[96msrc/repositories/project/project.repository.ts[0m:[93m1[0m:[93m22[0m - [91merror[0m[90m TS1434: [0mUnexpected keyword or identifier.

[7m1[0m ffimport { Service } from "typedi";
[7m [0m [91m                     ~~~~[0m

TSError: тип Unable to compile TypeScript:
[96msrc/repositories/project/project.repository.ts[0m:[93m1[0m:[93m1[0m - [91merror[0m[90m TS1435: [0mUnknown keyword or identifier. Did you mean 'import'?

[7m1[0m ffimport { Service } from "typedi";
[7m [0m [91m~~~~~~~~[0m
[96msrc/repositories/project/project.repository.ts[0m:[93m1[0m:[93m22[0m - [91merror[0m[90m TS1434: [0mUnexpected keyword or identifier.

[7m1[0m ffimport { Service } from "typedi";
[7m [0m [91m                     ~~~~[0m

    at createTSError (C:\Users\Administrator\Desktop\Projects\eltek-timer-pay-backend\node_modules\ts-node\src\index.ts:859:12)
    at reportTSError (C:\Users\Administrator\Desktop\Projects\eltek-timer-pay-backend\node_modules\ts-node\src\index.ts:863:19)
    at C:\Users\Administrator\Desktop\Projects\eltek-timer-pay-backend\node_modules\ts-node\src\index.ts:1379:34
    at Object.compile (C:\Users\Administrator\Desktop\Projects\eltek-timer-pay-backend\node_modules\ts-node\src\index.ts:1458:13)
    at Module.m._compile (C:\Users\Administrator\Desktop\Projects\eltek-timer-pay-backend\node_modules\ts-node\src\index.ts:1617:30)
    at node:internal/modules/cjs/loader:1689:10
    at Object.require.extensions.<computed> [as .ts] (C:\Users\Administrator\Desktop\Projects\eltek-timer-pay-backend\node_modules\ts-node\src\index.ts:1621:12)
    at Module.load (node:internal/modules/cjs/loader:1318:32)
    at Function._load (node:internal/modules/cjs/loader:1128:12)
    at TracingChannel.traceSync (node:diagnostics_channel:315:14)
2025-05-04 10:04:55 error: uncaughtException: тип Unable to compile TypeScript:
[96msrc/repositories/project/project.repository.ts[0m:[93m1[0m:[93m1[0m - [91merror[0m[90m TS1435: [0mUnknown keyword or identifier. Did you mean 'import'?

[7m1[0m ffimport { Service } from "typedi";
[7m [0m [91m~~~~~~~~[0m
[96msrc/repositories/project/project.repository.ts[0m:[93m1[0m:[93m22[0m - [91merror[0m[90m TS1434: [0mUnexpected keyword or identifier.

[7m1[0m ffimport { Service } from "typedi";
[7m [0m [91m                     ~~~~[0m

TSError: тип Unable to compile TypeScript:
[96msrc/repositories/project/project.repository.ts[0m:[93m1[0m:[93m1[0m - [91merror[0m[90m TS1435: [0mUnknown keyword or identifier. Did you mean 'import'?

[7m1[0m ffimport { Service } from "typedi";
[7m [0m [91m~~~~~~~~[0m
[96msrc/repositories/project/project.repository.ts[0m:[93m1[0m:[93m22[0m - [91merror[0m[90m TS1434: [0mUnexpected keyword or identifier.

[7m1[0m ffimport { Service } from "typedi";
[7m [0m [91m                     ~~~~[0m

    at createTSError (C:\Users\Administrator\Desktop\Projects\eltek-timer-pay-backend\node_modules\ts-node\src\index.ts:859:12)
    at reportTSError (C:\Users\Administrator\Desktop\Projects\eltek-timer-pay-backend\node_modules\ts-node\src\index.ts:863:19)
    at C:\Users\Administrator\Desktop\Projects\eltek-timer-pay-backend\node_modules\ts-node\src\index.ts:1379:34
    at Object.compile (C:\Users\Administrator\Desktop\Projects\eltek-timer-pay-backend\node_modules\ts-node\src\index.ts:1458:13)
    at Module.m._compile (C:\Users\Administrator\Desktop\Projects\eltek-timer-pay-backend\node_modules\ts-node\src\index.ts:1617:30)
    at node:internal/modules/cjs/loader:1689:10
    at Object.require.extensions.<computed> [as .ts] (C:\Users\Administrator\Desktop\Projects\eltek-timer-pay-backend\node_modules\ts-node\src\index.ts:1621:12)
    at Module.load (node:internal/modules/cjs/loader:1318:32)
    at Function._load (node:internal/modules/cjs/loader:1128:12)
    at TracingChannel.traceSync (node:diagnostics_channel:315:14)
2025-05-04 10:05:14 error: uncaughtException: тип Unable to compile TypeScript:
[96msrc/repositories/project/project.repository.ts[0m:[93m241[0m:[93m24[0m - [91merror[0m[90m TS1003: [0mIdentifier expected.

[7m241[0m       status: project. || 'active',
[7m   [0m [91m                       ~~[0m

TSError: тип Unable to compile TypeScript:
[96msrc/repositories/project/project.repository.ts[0m:[93m241[0m:[93m24[0m - [91merror[0m[90m TS1003: [0mIdentifier expected.

[7m241[0m       status: project. || 'active',
[7m   [0m [91m                       ~~[0m

    at createTSError (C:\Users\Administrator\Desktop\Projects\eltek-timer-pay-backend\node_modules\ts-node\src\index.ts:859:12)
    at reportTSError (C:\Users\Administrator\Desktop\Projects\eltek-timer-pay-backend\node_modules\ts-node\src\index.ts:863:19)
    at C:\Users\Administrator\Desktop\Projects\eltek-timer-pay-backend\node_modules\ts-node\src\index.ts:1379:34
    at Object.compile (C:\Users\Administrator\Desktop\Projects\eltek-timer-pay-backend\node_modules\ts-node\src\index.ts:1458:13)
    at Module.m._compile (C:\Users\Administrator\Desktop\Projects\eltek-timer-pay-backend\node_modules\ts-node\src\index.ts:1617:30)
    at node:internal/modules/cjs/loader:1689:10
    at Object.require.extensions.<computed> [as .ts] (C:\Users\Administrator\Desktop\Projects\eltek-timer-pay-backend\node_modules\ts-node\src\index.ts:1621:12)
    at Module.load (node:internal/modules/cjs/loader:1318:32)
    at Function._load (node:internal/modules/cjs/loader:1128:12)
    at TracingChannel.traceSync (node:diagnostics_channel:315:14)
2025-05-04 10:06:04 error: uncaughtException: тип Unable to compile TypeScript:
[96msrc/repositories/project/project.repository.ts[0m:[93m231[0m:[93m1[0m - [91merror[0m[90m TS1435: [0mUnknown keyword or identifier. Did you mean 'async'?

[7m231[0m fasync resumeProject(projectId: number): Promise<IProject> {
[7m   [0m [91m~~~~~~[0m

TSError: тип Unable to compile TypeScript:
[96msrc/repositories/project/project.repository.ts[0m:[93m231[0m:[93m1[0m - [91merror[0m[90m TS1435: [0mUnknown keyword or identifier. Did you mean 'async'?

[7m231[0m fasync resumeProject(projectId: number): Promise<IProject> {
[7m   [0m [91m~~~~~~[0m

    at createTSError (C:\Users\Administrator\Desktop\Projects\eltek-timer-pay-backend\node_modules\ts-node\src\index.ts:859:12)
    at reportTSError (C:\Users\Administrator\Desktop\Projects\eltek-timer-pay-backend\node_modules\ts-node\src\index.ts:863:19)
    at C:\Users\Administrator\Desktop\Projects\eltek-timer-pay-backend\node_modules\ts-node\src\index.ts:1379:34
    at Object.compile (C:\Users\Administrator\Desktop\Projects\eltek-timer-pay-backend\node_modules\ts-node\src\index.ts:1458:13)
    at Module.m._compile (C:\Users\Administrator\Desktop\Projects\eltek-timer-pay-backend\node_modules\ts-node\src\index.ts:1617:30)
    at node:internal/modules/cjs/loader:1689:10
    at Object.require.extensions.<computed> [as .ts] (C:\Users\Administrator\Desktop\Projects\eltek-timer-pay-backend\node_modules\ts-node\src\index.ts:1621:12)
    at Module.load (node:internal/modules/cjs/loader:1318:32)
    at Function._load (node:internal/modules/cjs/loader:1128:12)
    at TracingChannel.traceSync (node:diagnostics_channel:315:14)
2025-05-04 10:09:40 error: uncaughtException: тип Unable to compile TypeScript:
[96msrc/repositories/project/project.repository.ts[0m:[93m237[0m:[93m42[0m - [91merror[0m[90m TS1003: [0mIdentifier expected.

[7m237[0m     if (project.status !== ProjectStatus.) throw new HttpException(400, "Project is not on hold");
[7m   [0m [91m                                         ~[0m

TSError: тип Unable to compile TypeScript:
[96msrc/repositories/project/project.repository.ts[0m:[93m237[0m:[93m42[0m - [91merror[0m[90m TS1003: [0mIdentifier expected.

[7m237[0m     if (project.status !== ProjectStatus.) throw new HttpException(400, "Project is not on hold");
[7m   [0m [91m                                         ~[0m

    at createTSError (C:\Users\Administrator\Desktop\Projects\eltek-timer-pay-backend\node_modules\ts-node\src\index.ts:859:12)
    at reportTSError (C:\Users\Administrator\Desktop\Projects\eltek-timer-pay-backend\node_modules\ts-node\src\index.ts:863:19)
    at C:\Users\Administrator\Desktop\Projects\eltek-timer-pay-backend\node_modules\ts-node\src\index.ts:1379:34
    at Object.compile (C:\Users\Administrator\Desktop\Projects\eltek-timer-pay-backend\node_modules\ts-node\src\index.ts:1458:13)
    at Module.m._compile (C:\Users\Administrator\Desktop\Projects\eltek-timer-pay-backend\node_modules\ts-node\src\index.ts:1617:30)
    at node:internal/modules/cjs/loader:1689:10
    at Object.require.extensions.<computed> [as .ts] (C:\Users\Administrator\Desktop\Projects\eltek-timer-pay-backend\node_modules\ts-node\src\index.ts:1621:12)
    at Module.load (node:internal/modules/cjs/loader:1318:32)
    at Function._load (node:internal/modules/cjs/loader:1128:12)
    at TracingChannel.traceSync (node:diagnostics_channel:315:14)
2025-05-04 10:09:50 error: uncaughtException: тип Unable to compile TypeScript:
[96msrc/repositories/project/project.repository.ts[0m:[93m237[0m:[93m31[0m - [91merror[0m[90m TS1003: [0mIdentifier expected.

[7m237[0m     if (project.status !== pr.) throw new HttpException(400, "Project is not on hold");
[7m   [0m [91m                              ~[0m

TSError: тип Unable to compile TypeScript:
[96msrc/repositories/project/project.repository.ts[0m:[93m237[0m:[93m31[0m - [91merror[0m[90m TS1003: [0mIdentifier expected.

[7m237[0m     if (project.status !== pr.) throw new HttpException(400, "Project is not on hold");
[7m   [0m [91m                              ~[0m

    at createTSError (C:\Users\Administrator\Desktop\Projects\eltek-timer-pay-backend\node_modules\ts-node\src\index.ts:859:12)
    at reportTSError (C:\Users\Administrator\Desktop\Projects\eltek-timer-pay-backend\node_modules\ts-node\src\index.ts:863:19)
    at C:\Users\Administrator\Desktop\Projects\eltek-timer-pay-backend\node_modules\ts-node\src\index.ts:1379:34
    at Object.compile (C:\Users\Administrator\Desktop\Projects\eltek-timer-pay-backend\node_modules\ts-node\src\index.ts:1458:13)
    at Module.m._compile (C:\Users\Administrator\Desktop\Projects\eltek-timer-pay-backend\node_modules\ts-node\src\index.ts:1617:30)
    at node:internal/modules/cjs/loader:1689:10
    at Object.require.extensions.<computed> [as .ts] (C:\Users\Administrator\Desktop\Projects\eltek-timer-pay-backend\node_modules\ts-node\src\index.ts:1621:12)
    at Module.load (node:internal/modules/cjs/loader:1318:32)
    at Function._load (node:internal/modules/cjs/loader:1128:12)
    at TracingChannel.traceSync (node:diagnostics_channel:315:14)
2025-05-04 10:10:15 error: uncaughtException: тип Unable to compile TypeScript:
[96msrc/repositories/project/project.repository.ts[0m:[93m237[0m:[93m42[0m - [91merror[0m[90m TS1003: [0mIdentifier expected.

[7m237[0m     if (project.status !== ProjectStatus.) throw new HttpException(400, "Project is not on hold");
[7m   [0m [91m                                         ~[0m

TSError: тип Unable to compile TypeScript:
[96msrc/repositories/project/project.repository.ts[0m:[93m237[0m:[93m42[0m - [91merror[0m[90m TS1003: [0mIdentifier expected.

[7m237[0m     if (project.status !== ProjectStatus.) throw new HttpException(400, "Project is not on hold");
[7m   [0m [91m                                         ~[0m

    at createTSError (C:\Users\Administrator\Desktop\Projects\eltek-timer-pay-backend\node_modules\ts-node\src\index.ts:859:12)
    at reportTSError (C:\Users\Administrator\Desktop\Projects\eltek-timer-pay-backend\node_modules\ts-node\src\index.ts:863:19)
    at C:\Users\Administrator\Desktop\Projects\eltek-timer-pay-backend\node_modules\ts-node\src\index.ts:1379:34
    at Object.compile (C:\Users\Administrator\Desktop\Projects\eltek-timer-pay-backend\node_modules\ts-node\src\index.ts:1458:13)
    at Module.m._compile (C:\Users\Administrator\Desktop\Projects\eltek-timer-pay-backend\node_modules\ts-node\src\index.ts:1617:30)
    at node:internal/modules/cjs/loader:1689:10
    at Object.require.extensions.<computed> [as .ts] (C:\Users\Administrator\Desktop\Projects\eltek-timer-pay-backend\node_modules\ts-node\src\index.ts:1621:12)
    at Module.load (node:internal/modules/cjs/loader:1318:32)
    at Function._load (node:internal/modules/cjs/loader:1128:12)
    at TracingChannel.traceSync (node:diagnostics_channel:315:14)
2025-05-04 10:10:18 error: uncaughtException: тип Unable to compile TypeScript:
[96msrc/repositories/project/project.repository.ts[0m:[93m237[0m:[93m42[0m - [91merror[0m[90m TS1003: [0mIdentifier expected.

[7m237[0m     if (project.status !== ProjectStatus.) throw new HttpException(400, "Project is not on hold");
[7m   [0m [91m                                         ~[0m

TSError: тип Unable to compile TypeScript:
[96msrc/repositories/project/project.repository.ts[0m:[93m237[0m:[93m42[0m - [91merror[0m[90m TS1003: [0mIdentifier expected.

[7m237[0m     if (project.status !== ProjectStatus.) throw new HttpException(400, "Project is not on hold");
[7m   [0m [91m                                         ~[0m

    at createTSError (C:\Users\Administrator\Desktop\Projects\eltek-timer-pay-backend\node_modules\ts-node\src\index.ts:859:12)
    at reportTSError (C:\Users\Administrator\Desktop\Projects\eltek-timer-pay-backend\node_modules\ts-node\src\index.ts:863:19)
    at C:\Users\Administrator\Desktop\Projects\eltek-timer-pay-backend\node_modules\ts-node\src\index.ts:1379:34
    at Object.compile (C:\Users\Administrator\Desktop\Projects\eltek-timer-pay-backend\node_modules\ts-node\src\index.ts:1458:13)
    at Module.m._compile (C:\Users\Administrator\Desktop\Projects\eltek-timer-pay-backend\node_modules\ts-node\src\index.ts:1617:30)
    at node:internal/modules/cjs/loader:1689:10
    at Object.require.extensions.<computed> [as .ts] (C:\Users\Administrator\Desktop\Projects\eltek-timer-pay-backend\node_modules\ts-node\src\index.ts:1621:12)
    at Module.load (node:internal/modules/cjs/loader:1318:32)
    at Function._load (node:internal/modules/cjs/loader:1128:12)
    at TracingChannel.traceSync (node:diagnostics_channel:315:14)
2025-05-04 10:10:30 error: uncaughtException: тип Unable to compile TypeScript:
[96msrc/repositories/project/project.repository.ts[0m:[93m237[0m:[93m42[0m - [91merror[0m[90m TS1003: [0mIdentifier expected.

[7m237[0m     if (project.status !== ProjectStatus.) throw new HttpException(400, "Project is not on hold");
[7m   [0m [91m                                         ~[0m

TSError: тип Unable to compile TypeScript:
[96msrc/repositories/project/project.repository.ts[0m:[93m237[0m:[93m42[0m - [91merror[0m[90m TS1003: [0mIdentifier expected.

[7m237[0m     if (project.status !== ProjectStatus.) throw new HttpException(400, "Project is not on hold");
[7m   [0m [91m                                         ~[0m

    at createTSError (C:\Users\Administrator\Desktop\Projects\eltek-timer-pay-backend\node_modules\ts-node\src\index.ts:859:12)
    at reportTSError (C:\Users\Administrator\Desktop\Projects\eltek-timer-pay-backend\node_modules\ts-node\src\index.ts:863:19)
    at C:\Users\Administrator\Desktop\Projects\eltek-timer-pay-backend\node_modules\ts-node\src\index.ts:1379:34
    at Object.compile (C:\Users\Administrator\Desktop\Projects\eltek-timer-pay-backend\node_modules\ts-node\src\index.ts:1458:13)
    at Module.m._compile (C:\Users\Administrator\Desktop\Projects\eltek-timer-pay-backend\node_modules\ts-node\src\index.ts:1617:30)
    at node:internal/modules/cjs/loader:1689:10
    at Object.require.extensions.<computed> [as .ts] (C:\Users\Administrator\Desktop\Projects\eltek-timer-pay-backend\node_modules\ts-node\src\index.ts:1621:12)
    at Module.load (node:internal/modules/cjs/loader:1318:32)
    at Function._load (node:internal/modules/cjs/loader:1128:12)
    at TracingChannel.traceSync (node:diagnostics_channel:315:14)
2025-05-04 10:11:42 error: uncaughtException: тип Unable to compile TypeScript:
[96msrc/repositories/project/project.repository.ts[0m:[93m239[0m:[93m58[0m - [91merror[0m[90m TS1005: [0m',' expected.

[7m239[0m     const newStatus = project.lastPausedAt && "on going" : "active";
[7m   [0m [91m                                                         ~[0m
[96msrc/repositories/project/project.repository.ts[0m:[93m239[0m:[93m60[0m - [91merror[0m[90m TS1134: [0mVariable declaration expected.

[7m239[0m     const newStatus = project.lastPausedAt && "on going" : "active";
[7m   [0m [91m                                                           ~~~~~~~~[0m

TSError: тип Unable to compile TypeScript:
[96msrc/repositories/project/project.repository.ts[0m:[93m239[0m:[93m58[0m - [91merror[0m[90m TS1005: [0m',' expected.

[7m239[0m     const newStatus = project.lastPausedAt && "on going" : "active";
[7m   [0m [91m                                                         ~[0m
[96msrc/repositories/project/project.repository.ts[0m:[93m239[0m:[93m60[0m - [91merror[0m[90m TS1134: [0mVariable declaration expected.

[7m239[0m     const newStatus = project.lastPausedAt && "on going" : "active";
[7m   [0m [91m                                                           ~~~~~~~~[0m

    at createTSError (C:\Users\Administrator\Desktop\Projects\eltek-timer-pay-backend\node_modules\ts-node\src\index.ts:859:12)
    at reportTSError (C:\Users\Administrator\Desktop\Projects\eltek-timer-pay-backend\node_modules\ts-node\src\index.ts:863:19)
    at C:\Users\Administrator\Desktop\Projects\eltek-timer-pay-backend\node_modules\ts-node\src\index.ts:1379:34
    at Object.compile (C:\Users\Administrator\Desktop\Projects\eltek-timer-pay-backend\node_modules\ts-node\src\index.ts:1458:13)
    at Module.m._compile (C:\Users\Administrator\Desktop\Projects\eltek-timer-pay-backend\node_modules\ts-node\src\index.ts:1617:30)
    at node:internal/modules/cjs/loader:1689:10
    at Object.require.extensions.<computed> [as .ts] (C:\Users\Administrator\Desktop\Projects\eltek-timer-pay-backend\node_modules\ts-node\src\index.ts:1621:12)
    at Module.load (node:internal/modules/cjs/loader:1318:32)
    at Function._load (node:internal/modules/cjs/loader:1128:12)
    at TracingChannel.traceSync (node:diagnostics_channel:315:14)
2025-05-04 10:14:29 error: uncaughtException: тип Unable to compile TypeScript:
[96msrc/repositories/project/project.repository.ts[0m:[93m241[0m:[93m7[0m - [91merror[0m[90m TS1005: [0m',' expected.

[7m241[0m       lastPausedAt: null
[7m   [0m [91m      ~~~~~~~~~~~~[0m

TSError: тип Unable to compile TypeScript:
[96msrc/repositories/project/project.repository.ts[0m:[93m241[0m:[93m7[0m - [91merror[0m[90m TS1005: [0m',' expected.

[7m241[0m       lastPausedAt: null
[7m   [0m [91m      ~~~~~~~~~~~~[0m

    at createTSError (C:\Users\Administrator\Desktop\Projects\eltek-timer-pay-backend\node_modules\ts-node\src\index.ts:859:12)
    at reportTSError (C:\Users\Administrator\Desktop\Projects\eltek-timer-pay-backend\node_modules\ts-node\src\index.ts:863:19)
    at C:\Users\Administrator\Desktop\Projects\eltek-timer-pay-backend\node_modules\ts-node\src\index.ts:1379:34
    at Object.compile (C:\Users\Administrator\Desktop\Projects\eltek-timer-pay-backend\node_modules\ts-node\src\index.ts:1458:13)
    at Module.m._compile (C:\Users\Administrator\Desktop\Projects\eltek-timer-pay-backend\node_modules\ts-node\src\index.ts:1617:30)
    at node:internal/modules/cjs/loader:1689:10
    at Object.require.extensions.<computed> [as .ts] (C:\Users\Administrator\Desktop\Projects\eltek-timer-pay-backend\node_modules\ts-node\src\index.ts:1621:12)
    at Module.load (node:internal/modules/cjs/loader:1318:32)
    at Function._load (node:internal/modules/cjs/loader:1128:12)
    at TracingChannel.traceSync (node:diagnostics_channel:315:14)
2025-05-04 10:44:44 error: [GET] /api/projects/getAllProjects >> StatusCode:: 500, Message:: Error retrieving projects: Error: Unknown column 'Project.pauseHistory' in 'field list'
2025-05-04 10:45:27 error: [GET] /api/projects/getAllProjects >> StatusCode:: 500, Message:: Error retrieving projects: Error: Unknown column 'Project.pauseHistory' in 'field list'
2025-05-04 10:48:15 error: [GET] /api/projects/getAllProjects >> StatusCode:: 500, Message:: Error retrieving projects: Error: Unknown column 'Project.pauseHistory' in 'field list'
2025-05-04 10:49:09 error: [GET] /api/projects/getAllProjects >> StatusCode:: 500, Message:: Error retrieving projects: Error: Unknown column 'Project.pauseHistory' in 'field list'
2025-05-04 10:49:15 error: [GET] /api/projects/getAllProjects >> StatusCode:: 500, Message:: Error retrieving projects: Error: Unknown column 'Project.pauseHistory' in 'field list'
2025-05-04 10:52:29 error: Unable to connect to the database: Cannot add foreign key constraint
2025-05-04 10:53:17 error: Unable to connect to the database: Table 'db_aa010d_eltek.employees' doesn't exist
2025-05-04 10:54:05 error: Unable to connect to the database: Table 'db_aa010d_eltek.employees' doesn't exist
2025-05-04 10:54:39 error: [POST] /api/auth/signupAdmin >> StatusCode:: 400, Message:: fullName must be shorter than or equal to 32 characters,fullName should not be empty,fullName must be a string
2025-05-04 11:04:00 error: [GET] /api/employees/getNumberOfAssignedEmployees >> StatusCode:: 500, Message:: this.employeeService.getNumberOfAssignedEmployees is not a function
2025-05-04 11:04:02 error: [GET] /api/employees/getNumberOfAssignedEmployees >> StatusCode:: 500, Message:: this.employeeService.getNumberOfAssignedEmployees is not a function
2025-05-04 11:04:04 error: [GET] /api/tasks/getProjectHoursSummary >> StatusCode:: 400, Message:: Error getting all projects hours
2025-05-04 11:04:04 error: [GET] /api/tasks/getProjectHoursSummary >> StatusCode:: 400, Message:: Error getting all projects hours
2025-05-04 11:05:20 error: [POST] /api/auth/signup >> StatusCode:: 409, Message:: This email kwanelendaba69@gmail.com already exists
2025-05-04 11:06:22 error: [POST] /api/employees/createEmployee >> StatusCode:: 409, Message:: ID Number already exists
2025-05-04 11:07:50 error: [POST] /api/auth/signup >> StatusCode:: 409, Message:: This email kwanelendaba113@gmail.com already exists
2025-05-04 11:13:38 error: [POST] /api/auth/login >> StatusCode:: 400, Message:: Invalid password
2025-05-04 11:14:22 error: [GET] /api/tasks/getEmployeeProjectHours/3 >> StatusCode:: 400, Message:: SequelizeDatabaseError: Unknown column 'hours' in 'field list'
2025-05-04 11:14:22 error: [GET] /api/tasks/getEmployeeProjectHours/3 >> StatusCode:: 400, Message:: SequelizeDatabaseError: Unknown column 'hours' in 'field list'
2025-05-04 11:16:10 error: [GET] /api/employees/getNumberOfAssignedEmployees >> StatusCode:: 500, Message:: this.employeeService.getNumberOfAssignedEmployees is not a function
2025-05-04 11:16:11 error: [GET] /api/employees/getNumberOfAssignedEmployees >> StatusCode:: 500, Message:: this.employeeService.getNumberOfAssignedEmployees is not a function
2025-05-04 11:16:13 error: [GET] /api/tasks/getProjectHoursSummary >> StatusCode:: 400, Message:: Error getting all projects hours
2025-05-04 11:16:13 error: [GET] /api/tasks/getProjectHoursSummary >> StatusCode:: 400, Message:: Error getting all projects hours
2025-05-04 11:19:21 error: [POST] /api/tasks/createTask >> StatusCode:: 500, Message:: Error creating task: Cannot add or update a child row: a foreign key constraint fails (`db_aa010d_eltek`.`tasks`, CONSTRAINT `tasks_ibfk_1` FOREIGN KEY (`employeeId`) REFERENCES `employees` (`id`) ON DELETE CASCADE ON UPDATE CASCADE)
2025-05-04 11:23:09 error: [POST] /api/tasks/createTask >> StatusCode:: 500, Message:: Error creating task: Cannot add or update a child row: a foreign key constraint fails (`db_aa010d_eltek`.`tasks`, CONSTRAINT `tasks_ibfk_1` FOREIGN KEY (`employeeId`) REFERENCES `employees` (`id`) ON DELETE CASCADE ON UPDATE CASCADE)
2025-05-04 11:23:26 error: [POST] /api/tasks/createTask >> StatusCode:: 500, Message:: Error creating task: Cannot add or update a child row: a foreign key constraint fails (`db_aa010d_eltek`.`tasks`, CONSTRAINT `tasks_ibfk_1` FOREIGN KEY (`employeeId`) REFERENCES `employees` (`id`) ON DELETE CASCADE ON UPDATE CASCADE)
2025-05-04 11:23:56 error: [GET] /api/employees/getNumberOfAssignedEmployees >> StatusCode:: 500, Message:: this.employeeService.getNumberOfAssignedEmployees is not a function
2025-05-04 11:23:56 error: [GET] /api/employees/getNumberOfAssignedEmployees >> StatusCode:: 500, Message:: this.employeeService.getNumberOfAssignedEmployees is not a function
2025-05-04 11:23:56 error: [GET] /api/tasks/getProjectHoursSummary >> StatusCode:: 400, Message:: Error getting all projects hours
2025-05-04 11:23:57 error: [GET] /api/tasks/getProjectHoursSummary >> StatusCode:: 400, Message:: Error getting all projects hours
2025-05-04 11:25:15 error: [POST] /api/auth/login >> StatusCode:: 400, Message:: Invalid password
2025-05-04 11:25:33 error: [GET] /api/tasks/getEmployeeProjectHours/3 >> StatusCode:: 400, Message:: SequelizeDatabaseError: Unknown column 'hours' in 'field list'
2025-05-04 11:25:34 error: [GET] /api/tasks/getEmployeeProjectHours/3 >> StatusCode:: 400, Message:: SequelizeDatabaseError: Unknown column 'hours' in 'field list'
2025-05-04 11:26:48 error: [GET] /api/employees/getNumberOfAssignedEmployees >> StatusCode:: 500, Message:: this.employeeService.getNumberOfAssignedEmployees is not a function
2025-05-04 11:26:48 error: [GET] /api/tasks/getProjectHoursSummary >> StatusCode:: 400, Message:: Error getting all projects hours
2025-05-04 11:26:49 error: [GET] /api/employees/getNumberOfAssignedEmployees >> StatusCode:: 500, Message:: this.employeeService.getNumberOfAssignedEmployees is not a function
2025-05-04 11:26:49 error: [GET] /api/tasks/getProjectHoursSummary >> StatusCode:: 400, Message:: Error getting all projects hours
2025-05-04 11:26:59 error: [GET] /api/employees/getNumberOfAssignedEmployees >> StatusCode:: 500, Message:: this.employeeService.getNumberOfAssignedEmployees is not a function
2025-05-04 11:27:00 error: [GET] /api/tasks/getProjectHoursSummary >> StatusCode:: 400, Message:: Error getting all projects hours
2025-05-04 11:27:51 error: [GET] /api/employees/getNumberOfAssignedEmployees >> StatusCode:: 500, Message:: this.employeeService.getNumberOfAssignedEmployees is not a function
2025-05-04 11:27:53 error: [GET] /api/tasks/getProjectHoursSummary >> StatusCode:: 400, Message:: Error getting all projects hours
2025-05-04 11:34:29 error: uncaughtException: тип Unable to compile TypeScript:
[96msrc/services/project/project.service.ts[0m:[93m112[0m:[93m3[0m - [91merror[0m[90m TS1109: [0mExpression expected.

[7m112[0m   }
[7m   [0m [91m  ~[0m

TSError: тип Unable to compile TypeScript:
[96msrc/services/project/project.service.ts[0m:[93m112[0m:[93m3[0m - [91merror[0m[90m TS1109: [0mExpression expected.

[7m112[0m   }
[7m   [0m [91m  ~[0m

    at createTSError (C:\Users\Administrator\Desktop\Projects\eltek-timer-pay-backend\node_modules\ts-node\src\index.ts:859:12)
    at reportTSError (C:\Users\Administrator\Desktop\Projects\eltek-timer-pay-backend\node_modules\ts-node\src\index.ts:863:19)
    at C:\Users\Administrator\Desktop\Projects\eltek-timer-pay-backend\node_modules\ts-node\src\index.ts:1379:34
    at Object.compile (C:\Users\Administrator\Desktop\Projects\eltek-timer-pay-backend\node_modules\ts-node\src\index.ts:1458:13)
    at Module.m._compile (C:\Users\Administrator\Desktop\Projects\eltek-timer-pay-backend\node_modules\ts-node\src\index.ts:1617:30)
    at node:internal/modules/cjs/loader:1689:10
    at Object.require.extensions.<computed> [as .ts] (C:\Users\Administrator\Desktop\Projects\eltek-timer-pay-backend\node_modules\ts-node\src\index.ts:1621:12)
    at Module.load (node:internal/modules/cjs/loader:1318:32)
    at Function._load (node:internal/modules/cjs/loader:1128:12)
    at TracingChannel.traceSync (node:diagnostics_channel:315:14)
2025-05-04 11:34:58 error: uncaughtException: Missing initializer in const declaration
C:\Users\Administrator\Desktop\Projects\eltek-timer-pay-backend\src\services\project\project.service.ts:93
            const nu;
                  ^^

SyntaxError: Missing initializer in const declaration
    at wrapSafe (node:internal/modules/cjs/loader:1469:18)
    at Module._compile (node:internal/modules/cjs/loader:1491:20)
    at Module.m._compile (C:\Users\Administrator\Desktop\Projects\eltek-timer-pay-backend\node_modules\ts-node\src\index.ts:1618:23)
    at node:internal/modules/cjs/loader:1689:10
    at Object.require.extensions.<computed> [as .ts] (C:\Users\Administrator\Desktop\Projects\eltek-timer-pay-backend\node_modules\ts-node\src\index.ts:1621:12)
    at Module.load (node:internal/modules/cjs/loader:1318:32)
    at Function._load (node:internal/modules/cjs/loader:1128:12)
    at TracingChannel.traceSync (node:diagnostics_channel:315:14)
    at wrapModuleLoad (node:internal/modules/cjs/loader:218:24)
    at Module.require (node:internal/modules/cjs/loader:1340:12)
2025-05-04 11:35:09 error: uncaughtException: тип Unable to compile TypeScript:
[96msrc/services/project/project.service.ts[0m:[93m110[0m:[93m3[0m - [91merror[0m[90m TS1109: [0mExpression expected.

[7m110[0m   } catch (error) {
[7m   [0m [91m  ~[0m

TSError: тип Unable to compile TypeScript:
[96msrc/services/project/project.service.ts[0m:[93m110[0m:[93m3[0m - [91merror[0m[90m TS1109: [0mExpression expected.

[7m110[0m   } catch (error) {
[7m   [0m [91m  ~[0m

    at createTSError (C:\Users\Administrator\Desktop\Projects\eltek-timer-pay-backend\node_modules\ts-node\src\index.ts:859:12)
    at reportTSError (C:\Users\Administrator\Desktop\Projects\eltek-timer-pay-backend\node_modules\ts-node\src\index.ts:863:19)
    at C:\Users\Administrator\Desktop\Projects\eltek-timer-pay-backend\node_modules\ts-node\src\index.ts:1379:34
    at Object.compile (C:\Users\Administrator\Desktop\Projects\eltek-timer-pay-backend\node_modules\ts-node\src\index.ts:1458:13)
    at Module.m._compile (C:\Users\Administrator\Desktop\Projects\eltek-timer-pay-backend\node_modules\ts-node\src\index.ts:1617:30)
    at node:internal/modules/cjs/loader:1689:10
    at Object.require.extensions.<computed> [as .ts] (C:\Users\Administrator\Desktop\Projects\eltek-timer-pay-backend\node_modules\ts-node\src\index.ts:1621:12)
    at Module.load (node:internal/modules/cjs/loader:1318:32)
    at Function._load (node:internal/modules/cjs/loader:1128:12)
    at TracingChannel.traceSync (node:diagnostics_channel:315:14)
2025-05-04 11:35:13 error: uncaughtException: тип Unable to compile TypeScript:
[96msrc/services/project/project.service.ts[0m:[93m110[0m:[93m3[0m - [91merror[0m[90m TS1003: [0mIdentifier expected.

[7m110[0m   } catch (error) {
[7m   [0m [91m  ~[0m

TSError: тип Unable to compile TypeScript:
[96msrc/services/project/project.service.ts[0m:[93m110[0m:[93m3[0m - [91merror[0m[90m TS1003: [0mIdentifier expected.

[7m110[0m   } catch (error) {
[7m   [0m [91m  ~[0m

    at createTSError (C:\Users\Administrator\Desktop\Projects\eltek-timer-pay-backend\node_modules\ts-node\src\index.ts:859:12)
    at reportTSError (C:\Users\Administrator\Desktop\Projects\eltek-timer-pay-backend\node_modules\ts-node\src\index.ts:863:19)
    at C:\Users\Administrator\Desktop\Projects\eltek-timer-pay-backend\node_modules\ts-node\src\index.ts:1379:34
    at Object.compile (C:\Users\Administrator\Desktop\Projects\eltek-timer-pay-backend\node_modules\ts-node\src\index.ts:1458:13)
    at Module.m._compile (C:\Users\Administrator\Desktop\Projects\eltek-timer-pay-backend\node_modules\ts-node\src\index.ts:1617:30)
    at node:internal/modules/cjs/loader:1689:10
    at Object.require.extensions.<computed> [as .ts] (C:\Users\Administrator\Desktop\Projects\eltek-timer-pay-backend\node_modules\ts-node\src\index.ts:1621:12)
    at Module.load (node:internal/modules/cjs/loader:1318:32)
    at Function._load (node:internal/modules/cjs/loader:1128:12)
    at TracingChannel.traceSync (node:diagnostics_channel:315:14)
2025-05-04 11:35:49 error: uncaughtException: Unexpected token ';'
C:\Users\Administrator\Desktop\Projects\eltek-timer-pay-backend\src\services\project\project.service.ts:102
            const ;
                  ^

SyntaxError: Unexpected token ';'
    at wrapSafe (node:internal/modules/cjs/loader:1469:18)
    at Module._compile (node:internal/modules/cjs/loader:1491:20)
    at Module.m._compile (C:\Users\Administrator\Desktop\Projects\eltek-timer-pay-backend\node_modules\ts-node\src\index.ts:1618:23)
    at node:internal/modules/cjs/loader:1689:10
    at Object.require.extensions.<computed> [as .ts] (C:\Users\Administrator\Desktop\Projects\eltek-timer-pay-backend\node_modules\ts-node\src\index.ts:1621:12)
    at Module.load (node:internal/modules/cjs/loader:1318:32)
    at Function._load (node:internal/modules/cjs/loader:1128:12)
    at TracingChannel.traceSync (node:diagnostics_channel:315:14)
    at wrapModuleLoad (node:internal/modules/cjs/loader:218:24)
    at Module.require (node:internal/modules/cjs/loader:1340:12)
2025-05-04 11:35:51 error: uncaughtException: Unexpected token ';'
C:\Users\Administrator\Desktop\Projects\eltek-timer-pay-backend\src\services\project\project.service.ts:102
            const ;
                  ^

SyntaxError: Unexpected token ';'
    at wrapSafe (node:internal/modules/cjs/loader:1469:18)
    at Module._compile (node:internal/modules/cjs/loader:1491:20)
    at Module.m._compile (C:\Users\Administrator\Desktop\Projects\eltek-timer-pay-backend\node_modules\ts-node\src\index.ts:1618:23)
    at node:internal/modules/cjs/loader:1689:10
    at Object.require.extensions.<computed> [as .ts] (C:\Users\Administrator\Desktop\Projects\eltek-timer-pay-backend\node_modules\ts-node\src\index.ts:1621:12)
    at Module.load (node:internal/modules/cjs/loader:1318:32)
    at Function._load (node:internal/modules/cjs/loader:1128:12)
    at TracingChannel.traceSync (node:diagnostics_channel:315:14)
    at wrapModuleLoad (node:internal/modules/cjs/loader:218:24)
    at Module.require (node:internal/modules/cjs/loader:1340:12)
2025-05-04 11:36:03 error: uncaughtException: тип Unable to compile TypeScript:
[96msrc/services/project/project.service.ts[0m:[93m118[0m:[93m3[0m - [91merror[0m[90m TS1003: [0mIdentifier expected.

[7m118[0m   } catch (error) {
[7m   [0m [91m  ~[0m

TSError: тип Unable to compile TypeScript:
[96msrc/services/project/project.service.ts[0m:[93m118[0m:[93m3[0m - [91merror[0m[90m TS1003: [0mIdentifier expected.

[7m118[0m   } catch (error) {
[7m   [0m [91m  ~[0m

    at createTSError (C:\Users\Administrator\Desktop\Projects\eltek-timer-pay-backend\node_modules\ts-node\src\index.ts:859:12)
    at reportTSError (C:\Users\Administrator\Desktop\Projects\eltek-timer-pay-backend\node_modules\ts-node\src\index.ts:863:19)
    at C:\Users\Administrator\Desktop\Projects\eltek-timer-pay-backend\node_modules\ts-node\src\index.ts:1379:34
    at Object.compile (C:\Users\Administrator\Desktop\Projects\eltek-timer-pay-backend\node_modules\ts-node\src\index.ts:1458:13)
    at Module.m._compile (C:\Users\Administrator\Desktop\Projects\eltek-timer-pay-backend\node_modules\ts-node\src\index.ts:1617:30)
    at node:internal/modules/cjs/loader:1689:10
    at Object.require.extensions.<computed> [as .ts] (C:\Users\Administrator\Desktop\Projects\eltek-timer-pay-backend\node_modules\ts-node\src\index.ts:1621:12)
    at Module.load (node:internal/modules/cjs/loader:1318:32)
    at Function._load (node:internal/modules/cjs/loader:1128:12)
    at TracingChannel.traceSync (node:diagnostics_channel:315:14)
2025-05-04 11:36:36 error: uncaughtException: Unexpected token ';'
C:\Users\Administrator\Desktop\Projects\eltek-timer-pay-backend\src\services\project\project.service.ts:111
            const ;
                  ^

SyntaxError: Unexpected token ';'
    at wrapSafe (node:internal/modules/cjs/loader:1469:18)
    at Module._compile (node:internal/modules/cjs/loader:1491:20)
    at Module.m._compile (C:\Users\Administrator\Desktop\Projects\eltek-timer-pay-backend\node_modules\ts-node\src\index.ts:1618:23)
    at node:internal/modules/cjs/loader:1689:10
    at Object.require.extensions.<computed> [as .ts] (C:\Users\Administrator\Desktop\Projects\eltek-timer-pay-backend\node_modules\ts-node\src\index.ts:1621:12)
    at Module.load (node:internal/modules/cjs/loader:1318:32)
    at Function._load (node:internal/modules/cjs/loader:1128:12)
    at TracingChannel.traceSync (node:diagnostics_channel:315:14)
    at wrapModuleLoad (node:internal/modules/cjs/loader:218:24)
    at Module.require (node:internal/modules/cjs/loader:1340:12)
2025-05-04 11:36:50 error: uncaughtException: тип Unable to compile TypeScript:
[96msrc/services/project/project.service.ts[0m:[93m127[0m:[93m3[0m - [91merror[0m[90m TS1003: [0mIdentifier expected.

[7m127[0m   } catch (error) {
[7m   [0m [91m  ~[0m

TSError: тип Unable to compile TypeScript:
[96msrc/services/project/project.service.ts[0m:[93m127[0m:[93m3[0m - [91merror[0m[90m TS1003: [0mIdentifier expected.

[7m127[0m   } catch (error) {
[7m   [0m [91m  ~[0m

    at createTSError (C:\Users\Administrator\Desktop\Projects\eltek-timer-pay-backend\node_modules\ts-node\src\index.ts:859:12)
    at reportTSError (C:\Users\Administrator\Desktop\Projects\eltek-timer-pay-backend\node_modules\ts-node\src\index.ts:863:19)
    at C:\Users\Administrator\Desktop\Projects\eltek-timer-pay-backend\node_modules\ts-node\src\index.ts:1379:34
    at Object.compile (C:\Users\Administrator\Desktop\Projects\eltek-timer-pay-backend\node_modules\ts-node\src\index.ts:1458:13)
    at Module.m._compile (C:\Users\Administrator\Desktop\Projects\eltek-timer-pay-backend\node_modules\ts-node\src\index.ts:1617:30)
    at node:internal/modules/cjs/loader:1689:10
    at Object.require.extensions.<computed> [as .ts] (C:\Users\Administrator\Desktop\Projects\eltek-timer-pay-backend\node_modules\ts-node\src\index.ts:1621:12)
    at Module.load (node:internal/modules/cjs/loader:1318:32)
    at Function._load (node:internal/modules/cjs/loader:1128:12)
    at TracingChannel.traceSync (node:diagnostics_channel:315:14)
2025-05-04 11:49:48 error: [GET] /api/projects/getEmployeeProjects/undefined >> StatusCode:: 500, Message:: this.projectService.getProjectsByEmployee is not a function
2025-05-04 11:49:50 error: [GET] /api/projects/getEmployeeProjects/undefined >> StatusCode:: 500, Message:: this.projectService.getProjectsByEmployee is not a function
2025-05-04 11:49:50 error: [GET] /api/projects/getEmployeeProjects/undefined >> StatusCode:: 500, Message:: this.projectService.getProjectsByEmployee is not a function
2025-05-04 13:00:53 error: [GET] /api/projects/getEmployeeProjects/1 >> StatusCode:: 500, Message:: this.projectService.getProjectsByEmployee is not a function
2025-05-04 13:00:54 error: [GET] /api/projects/getEmployeeProjects/1 >> StatusCode:: 500, Message:: this.projectService.getProjectsByEmployee is not a function
2025-05-04 13:00:56 error: [GET] /api/projects/getEmployeeProjects/1 >> StatusCode:: 500, Message:: this.projectService.getProjectsByEmployee is not a function
2025-05-04 13:00:57 error: [GET] /api/projects/getEmployeeProjects/1 >> StatusCode:: 500, Message:: this.projectService.getProjectsByEmployee is not a function
2025-05-04 13:01:08 error: [GET] /api/projects/getEmployeeProjects/1 >> StatusCode:: 500, Message:: this.projectService.getProjectsByEmployee is not a function
2025-05-04 13:01:41 error: [GET] /api/projects/getEmployeeProjects/1 >> StatusCode:: 500, Message:: this.projectService.getProjectsByEmployee is not a function
2025-05-04 13:01:41 error: [GET] /api/projects/getEmployeeProjects/1 >> StatusCode:: 500, Message:: this.projectService.getProjectsByEmployee is not a function
2025-05-04 13:02:04 error: [GET] /api/projects/getEmployeeProjects/1 >> StatusCode:: 500, Message:: this.projectService.getProjectsByEmployee is not a function
2025-05-04 13:02:04 error: [GET] /api/projects/getEmployeeProjects/1 >> StatusCode:: 500, Message:: this.projectService.getProjectsByEmployee is not a function
2025-05-04 13:02:52 error: [GET] /api/projects/getEmployeeProjects/1 >> StatusCode:: 500, Message:: this.projectService.getProjectsByEmployee is not a function
2025-05-04 13:02:52 error: [GET] /api/projects/getEmployeeProjects/1 >> StatusCode:: 500, Message:: this.projectService.getProjectsByEmployee is not a function
2025-05-04 20:51:33 error: [GET] /api/employees/getNumberOfAssignedEmployees >> StatusCode:: 500, Message:: this.employeeService.getNumberOfAssignedEmployees is not a function
2025-05-04 20:51:33 error: [GET] /api/employees/getNumberOfAssignedEmployees >> StatusCode:: 500, Message:: this.employeeService.getNumberOfAssignedEmployees is not a function
2025-05-04 20:51:34 error: [GET] /api/tasks/getProjectHoursSummary >> StatusCode:: 400, Message:: Error getting all projects hours
2025-05-04 20:51:36 error: [GET] /api/tasks/getProjectHoursSummary >> StatusCode:: 400, Message:: Error getting all projects hours
