2025-03-25 11:36:20 error: uncaughtException: Service with "Token<IProfileService>" identifier was not found in the container. Register it before usage via explicitly calling the "Container.set" function or using the "@Service()" decorator.
ServiceNotFoundError: Service with "Token<IProfileService>" identifier was not found in the container. Register it before usage via explicitly calling the "Container.set" function or using the "@Service()" decorator.
    at ContainerInstance.get (C:\Users\Administrator\Desktop\Projects\BE-Time-Pay-Tracker\node_modules\src\container-instance.class.ts:75:11)
    at Function.get (C:\Users\Administrator\Desktop\Projects\BE-Time-Pay-Tracker\node_modules\src\container.class.ts:61:32)
    at new ProfileController (C:\Users\Administrator\Desktop\Projects\BE-Time-Pay-Tracker\src\controllers\profile\profile.controller.ts:11:41)
    at new ProfileRoute (C:\Users\Administrator\Desktop\Projects\BE-Time-Pay-Tracker\src\routes\profile\profile.routes.ts:10:32)
    at Object.<anonymous> (C:\Users\Administrator\Desktop\Projects\BE-Time-Pay-Tracker\src\server.ts:9:55)
    at Module._compile (node:internal/modules/cjs/loader:1546:14)
    at Module.m._compile (C:\Users\Administrator\Desktop\Projects\BE-Time-Pay-Tracker\node_modules\ts-node\src\index.ts:1618:23)
    at node:internal/modules/cjs/loader:1689:10
    at Object.require.extensions.<computed> [as .ts] (C:\Users\Administrator\Desktop\Projects\BE-Time-Pay-Tracker\node_modules\ts-node\src\index.ts:1621:12)
    at Module.load (node:internal/modules/cjs/loader:1318:32)
2025-03-25 11:38:13 error: uncaughtException: Service with "<UNKNOWN_IDENTIFIER>" identifier was not found in the container. Register it before usage via explicitly calling the "Container.set" function or using the "@Service()" decorator.
ServiceNotFoundError: Service with "<UNKNOWN_IDENTIFIER>" identifier was not found in the container. Register it before usage via explicitly calling the "Container.set" function or using the "@Service()" decorator.
    at ContainerInstance.get (C:\Users\Administrator\Desktop\Projects\BE-Time-Pay-Tracker\node_modules\src\container-instance.class.ts:75:11)
    at Function.get (C:\Users\Administrator\Desktop\Projects\BE-Time-Pay-Tracker\node_modules\src\container.class.ts:61:32)
    at new ProfileController (C:\Users\Administrator\Desktop\Projects\BE-Time-Pay-Tracker\src\controllers\profile\profile.controller.ts:8:40)
    at new ProfileRoute (C:\Users\Administrator\Desktop\Projects\BE-Time-Pay-Tracker\src\routes\profile\profile.routes.ts:10:32)
    at Object.<anonymous> (C:\Users\Administrator\Desktop\Projects\BE-Time-Pay-Tracker\src\server.ts:9:55)
    at Module._compile (node:internal/modules/cjs/loader:1546:14)
    at Module.m._compile (C:\Users\Administrator\Desktop\Projects\BE-Time-Pay-Tracker\node_modules\ts-node\src\index.ts:1618:23)
    at node:internal/modules/cjs/loader:1689:10
    at Object.require.extensions.<computed> [as .ts] (C:\Users\Administrator\Desktop\Projects\BE-Time-Pay-Tracker\node_modules\ts-node\src\index.ts:1621:12)
    at Module.load (node:internal/modules/cjs/loader:1318:32)
2025-03-25 11:38:17 error: uncaughtException: Profie is not defined
ReferenceError: Profie is not defined
    at new ProfileController (C:\Users\Administrator\Desktop\Projects\BE-Time-Pay-Tracker\src\controllers\profile\profile.controller.ts:8:44)
    at new ProfileRoute (C:\Users\Administrator\Desktop\Projects\BE-Time-Pay-Tracker\src\routes\profile\profile.routes.ts:10:32)
    at Object.<anonymous> (C:\Users\Administrator\Desktop\Projects\BE-Time-Pay-Tracker\src\server.ts:9:55)
    at Module._compile (node:internal/modules/cjs/loader:1546:14)
    at Module.m._compile (C:\Users\Administrator\Desktop\Projects\BE-Time-Pay-Tracker\node_modules\ts-node\src\index.ts:1618:23)
    at node:internal/modules/cjs/loader:1689:10
    at Object.require.extensions.<computed> [as .ts] (C:\Users\Administrator\Desktop\Projects\BE-Time-Pay-Tracker\node_modules\ts-node\src\index.ts:1621:12)
    at Module.load (node:internal/modules/cjs/loader:1318:32)
    at Function._load (node:internal/modules/cjs/loader:1128:12)
    at TracingChannel.traceSync (node:diagnostics_channel:315:14)
2025-03-25 11:38:24 error: uncaughtException: Service with "MaybeConstructable<ProfileService>" identifier was not found in the container. Register it before usage via explicitly calling the "Container.set" function or using the "@Service()" decorator.
ServiceNotFoundError: Service with "MaybeConstructable<ProfileService>" identifier was not found in the container. Register it before usage via explicitly calling the "Container.set" function or using the "@Service()" decorator.
    at ContainerInstance.get (C:\Users\Administrator\Desktop\Projects\BE-Time-Pay-Tracker\node_modules\src\container-instance.class.ts:75:11)
    at Function.get (C:\Users\Administrator\Desktop\Projects\BE-Time-Pay-Tracker\node_modules\src\container.class.ts:61:32)
    at new ProfileController (C:\Users\Administrator\Desktop\Projects\BE-Time-Pay-Tracker\src\controllers\profile\profile.controller.ts:9:40)
    at new ProfileRoute (C:\Users\Administrator\Desktop\Projects\BE-Time-Pay-Tracker\src\routes\profile\profile.routes.ts:10:32)
    at Object.<anonymous> (C:\Users\Administrator\Desktop\Projects\BE-Time-Pay-Tracker\src\server.ts:9:55)
    at Module._compile (node:internal/modules/cjs/loader:1546:14)
    at Module.m._compile (C:\Users\Administrator\Desktop\Projects\BE-Time-Pay-Tracker\node_modules\ts-node\src\index.ts:1618:23)
    at node:internal/modules/cjs/loader:1689:10
    at Object.require.extensions.<computed> [as .ts] (C:\Users\Administrator\Desktop\Projects\BE-Time-Pay-Tracker\node_modules\ts-node\src\index.ts:1621:12)
    at Module.load (node:internal/modules/cjs/loader:1318:32)
2025-03-25 11:40:57 error: uncaughtException: Cannot find module '@/interfaces/profile/IProjectService'
Require stack:
- C:\Users\Administrator\Desktop\Projects\BE-Time-Pay-Tracker\src\controllers\profile\profile.controller.ts
- C:\Users\Administrator\Desktop\Projects\BE-Time-Pay-Tracker\src\routes\profile\profile.routes.ts
- C:\Users\Administrator\Desktop\Projects\BE-Time-Pay-Tracker\src\server.ts
Error: Cannot find module '@/interfaces/profile/IProjectService'
Require stack:
- C:\Users\Administrator\Desktop\Projects\BE-Time-Pay-Tracker\src\controllers\profile\profile.controller.ts
- C:\Users\Administrator\Desktop\Projects\BE-Time-Pay-Tracker\src\routes\profile\profile.routes.ts
- C:\Users\Administrator\Desktop\Projects\BE-Time-Pay-Tracker\src\server.ts
    at Function.<anonymous> (node:internal/modules/cjs/loader:1249:15)
    at Function.Module._resolveFilename.sharedData.moduleResolveFilenameHook.installedValue (C:\Users\Administrator\Desktop\Projects\BE-Time-Pay-Tracker\node_modules\@cspotcode\source-map-support\source-map-support.js:811:30)
    at Function.Module._resolveFilename (C:\Users\Administrator\Desktop\Projects\BE-Time-Pay-Tracker\node_modules\tsconfig-paths\src\register.ts:115:36)
    at Function._load (node:internal/modules/cjs/loader:1075:27)
    at TracingChannel.traceSync (node:diagnostics_channel:315:14)
    at wrapModuleLoad (node:internal/modules/cjs/loader:218:24)
    at Module.require (node:internal/modules/cjs/loader:1340:12)
    at require (node:internal/modules/helpers:141:16)
    at Object.<anonymous> (C:\Users\Administrator\Desktop\Projects\BE-Time-Pay-Tracker\src\controllers\profile\profile.controller.ts:1:1)
    at Module._compile (node:internal/modules/cjs/loader:1546:14)
2025-03-25 11:41:03 error: uncaughtException: PROFILE_SERVICE_TOKEN is not defined
ReferenceError: PROFILE_SERVICE_TOKEN is not defined
    at new ProfileController (C:\Users\Administrator\Desktop\Projects\BE-Time-Pay-Tracker\src\controllers\profile\profile.controller.ts:10:45)
    at new ProfileRoute (C:\Users\Administrator\Desktop\Projects\BE-Time-Pay-Tracker\src\routes\profile\profile.routes.ts:10:32)
    at Object.<anonymous> (C:\Users\Administrator\Desktop\Projects\BE-Time-Pay-Tracker\src\server.ts:9:55)
    at Module._compile (node:internal/modules/cjs/loader:1546:14)
    at Module.m._compile (C:\Users\Administrator\Desktop\Projects\BE-Time-Pay-Tracker\node_modules\ts-node\src\index.ts:1618:23)
    at node:internal/modules/cjs/loader:1689:10
    at Object.require.extensions.<computed> [as .ts] (C:\Users\Administrator\Desktop\Projects\BE-Time-Pay-Tracker\node_modules\ts-node\src\index.ts:1621:12)
    at Module.load (node:internal/modules/cjs/loader:1318:32)
    at Function._load (node:internal/modules/cjs/loader:1128:12)
    at TracingChannel.traceSync (node:diagnostics_channel:315:14)
2025-03-25 11:41:08 error: uncaughtException: Service with "Token<IProfileService>" identifier was not found in the container. Register it before usage via explicitly calling the "Container.set" function or using the "@Service()" decorator.
ServiceNotFoundError: Service with "Token<IProfileService>" identifier was not found in the container. Register it before usage via explicitly calling the "Container.set" function or using the "@Service()" decorator.
    at ContainerInstance.get (C:\Users\Administrator\Desktop\Projects\BE-Time-Pay-Tracker\node_modules\src\container-instance.class.ts:75:11)
    at Function.get (C:\Users\Administrator\Desktop\Projects\BE-Time-Pay-Tracker\node_modules\src\container.class.ts:61:32)
    at new ProfileController (C:\Users\Administrator\Desktop\Projects\BE-Time-Pay-Tracker\src\controllers\profile\profile.controller.ts:11:41)
    at new ProfileRoute (C:\Users\Administrator\Desktop\Projects\BE-Time-Pay-Tracker\src\routes\profile\profile.routes.ts:10:32)
    at Object.<anonymous> (C:\Users\Administrator\Desktop\Projects\BE-Time-Pay-Tracker\src\server.ts:9:55)
    at Module._compile (node:internal/modules/cjs/loader:1546:14)
    at Module.m._compile (C:\Users\Administrator\Desktop\Projects\BE-Time-Pay-Tracker\node_modules\ts-node\src\index.ts:1618:23)
    at node:internal/modules/cjs/loader:1689:10
    at Object.require.extensions.<computed> [as .ts] (C:\Users\Administrator\Desktop\Projects\BE-Time-Pay-Tracker\node_modules\ts-node\src\index.ts:1621:12)
    at Module.load (node:internal/modules/cjs/loader:1318:32)
2025-03-25 11:44:26 error: uncaughtException: profile_controller_1.ProfileController is not a constructor
TypeError: profile_controller_1.ProfileController is not a constructor
    at new ProfileRoute (C:\Users\Administrator\Desktop\Projects\BE-Time-Pay-Tracker\src\routes\profile\profile.routes.ts:10:32)
    at Object.<anonymous> (C:\Users\Administrator\Desktop\Projects\BE-Time-Pay-Tracker\src\server.ts:9:55)
    at Module._compile (node:internal/modules/cjs/loader:1546:14)
    at Module.m._compile (C:\Users\Administrator\Desktop\Projects\BE-Time-Pay-Tracker\node_modules\ts-node\src\index.ts:1618:23)
    at node:internal/modules/cjs/loader:1689:10
    at Object.require.extensions.<computed> [as .ts] (C:\Users\Administrator\Desktop\Projects\BE-Time-Pay-Tracker\node_modules\ts-node\src\index.ts:1621:12)
    at Module.load (node:internal/modules/cjs/loader:1318:32)
    at Function._load (node:internal/modules/cjs/loader:1128:12)
    at TracingChannel.traceSync (node:diagnostics_channel:315:14)
    at wrapModuleLoad (node:internal/modules/cjs/loader:218:24)
2025-03-25 11:44:36 error: uncaughtException: profile_controller_1.ProfileController is not a constructor
TypeError: profile_controller_1.ProfileController is not a constructor
    at new ProfileRoute (C:\Users\Administrator\Desktop\Projects\BE-Time-Pay-Tracker\src\routes\profile\profile.routes.ts:10:32)
    at Object.<anonymous> (C:\Users\Administrator\Desktop\Projects\BE-Time-Pay-Tracker\src\server.ts:9:55)
    at Module._compile (node:internal/modules/cjs/loader:1546:14)
    at Module.m._compile (C:\Users\Administrator\Desktop\Projects\BE-Time-Pay-Tracker\node_modules\ts-node\src\index.ts:1618:23)
    at node:internal/modules/cjs/loader:1689:10
    at Object.require.extensions.<computed> [as .ts] (C:\Users\Administrator\Desktop\Projects\BE-Time-Pay-Tracker\node_modules\ts-node\src\index.ts:1621:12)
    at Module.load (node:internal/modules/cjs/loader:1318:32)
    at Function._load (node:internal/modules/cjs/loader:1128:12)
    at TracingChannel.traceSync (node:diagnostics_channel:315:14)
    at wrapModuleLoad (node:internal/modules/cjs/loader:218:24)
2025-03-25 11:44:42 error: uncaughtException: profile_controller_1.ProfileController is not a constructor
TypeError: profile_controller_1.ProfileController is not a constructor
    at new ProfileRoute (C:\Users\Administrator\Desktop\Projects\BE-Time-Pay-Tracker\src\routes\profile\profile.routes.ts:10:32)
    at Object.<anonymous> (C:\Users\Administrator\Desktop\Projects\BE-Time-Pay-Tracker\src\server.ts:9:55)
    at Module._compile (node:internal/modules/cjs/loader:1546:14)
    at Module.m._compile (C:\Users\Administrator\Desktop\Projects\BE-Time-Pay-Tracker\node_modules\ts-node\src\index.ts:1618:23)
    at node:internal/modules/cjs/loader:1689:10
    at Object.require.extensions.<computed> [as .ts] (C:\Users\Administrator\Desktop\Projects\BE-Time-Pay-Tracker\node_modules\ts-node\src\index.ts:1621:12)
    at Module.load (node:internal/modules/cjs/loader:1318:32)
    at Function._load (node:internal/modules/cjs/loader:1128:12)
    at TracingChannel.traceSync (node:diagnostics_channel:315:14)
    at wrapModuleLoad (node:internal/modules/cjs/loader:218:24)
2025-03-25 11:44:53 error: uncaughtException: profile_controller_1.ProfileController is not a constructor
TypeError: profile_controller_1.ProfileController is not a constructor
    at new ProfileRoute (C:\Users\Administrator\Desktop\Projects\BE-Time-Pay-Tracker\src\routes\profile\profile.routes.ts:10:32)
    at Object.<anonymous> (C:\Users\Administrator\Desktop\Projects\BE-Time-Pay-Tracker\src\server.ts:9:55)
    at Module._compile (node:internal/modules/cjs/loader:1546:14)
    at Module.m._compile (C:\Users\Administrator\Desktop\Projects\BE-Time-Pay-Tracker\node_modules\ts-node\src\index.ts:1618:23)
    at node:internal/modules/cjs/loader:1689:10
    at Object.require.extensions.<computed> [as .ts] (C:\Users\Administrator\Desktop\Projects\BE-Time-Pay-Tracker\node_modules\ts-node\src\index.ts:1621:12)
    at Module.load (node:internal/modules/cjs/loader:1318:32)
    at Function._load (node:internal/modules/cjs/loader:1128:12)
    at TracingChannel.traceSync (node:diagnostics_channel:315:14)
    at wrapModuleLoad (node:internal/modules/cjs/loader:218:24)
2025-03-25 11:44:59 error: uncaughtException: profile_controller_1.ProfileController is not a constructor
TypeError: profile_controller_1.ProfileController is not a constructor
    at new ProfileRoute (C:\Users\Administrator\Desktop\Projects\BE-Time-Pay-Tracker\src\routes\profile\profile.routes.ts:10:32)
    at Object.<anonymous> (C:\Users\Administrator\Desktop\Projects\BE-Time-Pay-Tracker\src\server.ts:9:55)
    at Module._compile (node:internal/modules/cjs/loader:1546:14)
    at Module.m._compile (C:\Users\Administrator\Desktop\Projects\BE-Time-Pay-Tracker\node_modules\ts-node\src\index.ts:1618:23)
    at node:internal/modules/cjs/loader:1689:10
    at Object.require.extensions.<computed> [as .ts] (C:\Users\Administrator\Desktop\Projects\BE-Time-Pay-Tracker\node_modules\ts-node\src\index.ts:1621:12)
    at Module.load (node:internal/modules/cjs/loader:1318:32)
    at Function._load (node:internal/modules/cjs/loader:1128:12)
    at TracingChannel.traceSync (node:diagnostics_channel:315:14)
    at wrapModuleLoad (node:internal/modules/cjs/loader:218:24)
2025-03-25 11:45:11 error: uncaughtException: profile_controller_1.ProfileController is not a constructor
TypeError: profile_controller_1.ProfileController is not a constructor
    at new ProfileRoute (C:\Users\Administrator\Desktop\Projects\BE-Time-Pay-Tracker\src\routes\profile\profile.routes.ts:10:32)
    at Object.<anonymous> (C:\Users\Administrator\Desktop\Projects\BE-Time-Pay-Tracker\src\server.ts:9:55)
    at Module._compile (node:internal/modules/cjs/loader:1546:14)
    at Module.m._compile (C:\Users\Administrator\Desktop\Projects\BE-Time-Pay-Tracker\node_modules\ts-node\src\index.ts:1618:23)
    at node:internal/modules/cjs/loader:1689:10
    at Object.require.extensions.<computed> [as .ts] (C:\Users\Administrator\Desktop\Projects\BE-Time-Pay-Tracker\node_modules\ts-node\src\index.ts:1621:12)
    at Module.load (node:internal/modules/cjs/loader:1318:32)
    at Function._load (node:internal/modules/cjs/loader:1128:12)
    at TracingChannel.traceSync (node:diagnostics_channel:315:14)
    at wrapModuleLoad (node:internal/modules/cjs/loader:218:24)
2025-03-25 11:53:54 error: uncaughtException: Service with "MaybeConstructable<ProfileService>" identifier was not found in the container. Register it before usage via explicitly calling the "Container.set" function or using the "@Service()" decorator.
ServiceNotFoundError: Service with "MaybeConstructable<ProfileService>" identifier was not found in the container. Register it before usage via explicitly calling the "Container.set" function or using the "@Service()" decorator.
    at ContainerInstance.get (C:\Users\Administrator\Desktop\Projects\BE-Time-Pay-Tracker\node_modules\src\container-instance.class.ts:75:11)
    at Function.get (C:\Users\Administrator\Desktop\Projects\BE-Time-Pay-Tracker\node_modules\src\container.class.ts:61:32)
    at new ProfileController (C:\Users\Administrator\Desktop\Projects\BE-Time-Pay-Tracker\src\controllers\profile\profile.controller.ts:11:41)
    at new ProfileRoute (C:\Users\Administrator\Desktop\Projects\BE-Time-Pay-Tracker\src\routes\profile\profile.routes.ts:10:32)
    at Object.<anonymous> (C:\Users\Administrator\Desktop\Projects\BE-Time-Pay-Tracker\src\server.ts:9:55)
    at Module._compile (node:internal/modules/cjs/loader:1546:14)
    at Module.m._compile (C:\Users\Administrator\Desktop\Projects\BE-Time-Pay-Tracker\node_modules\ts-node\src\index.ts:1618:23)
    at node:internal/modules/cjs/loader:1689:10
    at Object.require.extensions.<computed> [as .ts] (C:\Users\Administrator\Desktop\Projects\BE-Time-Pay-Tracker\node_modules\ts-node\src\index.ts:1621:12)
    at Module.load (node:internal/modules/cjs/loader:1318:32)
2025-03-25 12:26:57 error: uncaughtException: listen EADDRINUSE: address already in use :::5000
Error: listen EADDRINUSE: address already in use :::5000
    at Server.setupListenHandle [as _listen2] (node:net:1907:16)
    at listenInCluster (node:net:1964:12)
    at Server.listen (node:net:2066:7)
    at Function.listen (C:\Users\Administrator\Desktop\Projects\BE-Time-Pay-Tracker\node_modules\express\lib\application.js:635:24)
    at App.listen (C:\Users\Administrator\Desktop\Projects\BE-Time-Pay-Tracker\src\app.ts:55:18)
    at Object.<anonymous> (C:\Users\Administrator\Desktop\Projects\BE-Time-Pay-Tracker\src\server.ts:11:5)
    at Module._compile (node:internal/modules/cjs/loader:1546:14)
    at Module.m._compile (C:\Users\Administrator\Desktop\Projects\BE-Time-Pay-Tracker\node_modules\ts-node\src\index.ts:1618:23)
    at node:internal/modules/cjs/loader:1689:10
    at Object.require.extensions.<computed> [as .ts] (C:\Users\Administrator\Desktop\Projects\BE-Time-Pay-Tracker\node_modules\ts-node\src\index.ts:1621:12)
2025-03-25 12:31:29 error: uncaughtException: Service with "<UNKNOWN_IDENTIFIER>" identifier was not found in the container. Register it before usage via explicitly calling the "Container.set" function or using the "@Service()" decorator.
ServiceNotFoundError: Service with "<UNKNOWN_IDENTIFIER>" identifier was not found in the container. Register it before usage via explicitly calling the "Container.set" function or using the "@Service()" decorator.
    at ContainerInstance.get (C:\Users\Administrator\Desktop\Projects\BE-Time-Pay-Tracker\node_modules\src\container-instance.class.ts:75:11)
    at Function.get (C:\Users\Administrator\Desktop\Projects\BE-Time-Pay-Tracker\node_modules\src\container.class.ts:61:32)
    at new ProfileController (C:\Users\Administrator\Desktop\Projects\BE-Time-Pay-Tracker\src\controllers\profile\profile.controller.ts:11:41)
    at new ProfileRoute (C:\Users\Administrator\Desktop\Projects\BE-Time-Pay-Tracker\src\routes\profile\profile.routes.ts:10:32)
    at Object.<anonymous> (C:\Users\Administrator\Desktop\Projects\BE-Time-Pay-Tracker\src\server.ts:9:55)
    at Module._compile (node:internal/modules/cjs/loader:1546:14)
    at Module.m._compile (C:\Users\Administrator\Desktop\Projects\BE-Time-Pay-Tracker\node_modules\ts-node\src\index.ts:1618:23)
    at node:internal/modules/cjs/loader:1689:10
    at Object.require.extensions.<computed> [as .ts] (C:\Users\Administrator\Desktop\Projects\BE-Time-Pay-Tracker\node_modules\ts-node\src\index.ts:1621:12)
    at Module.load (node:internal/modules/cjs/loader:1318:32)
2025-03-25 12:31:34 error: uncaughtException: Service with "<UNKNOWN_IDENTIFIER>" identifier was not found in the container. Register it before usage via explicitly calling the "Container.set" function or using the "@Service()" decorator.
ServiceNotFoundError: Service with "<UNKNOWN_IDENTIFIER>" identifier was not found in the container. Register it before usage via explicitly calling the "Container.set" function or using the "@Service()" decorator.
    at ContainerInstance.get (C:\Users\Administrator\Desktop\Projects\BE-Time-Pay-Tracker\node_modules\src\container-instance.class.ts:75:11)
    at Function.get (C:\Users\Administrator\Desktop\Projects\BE-Time-Pay-Tracker\node_modules\src\container.class.ts:61:32)
    at new ProfileController (C:\Users\Administrator\Desktop\Projects\BE-Time-Pay-Tracker\src\controllers\profile\profile.controller.ts:11:41)
    at new ProfileRoute (C:\Users\Administrator\Desktop\Projects\BE-Time-Pay-Tracker\src\routes\profile\profile.routes.ts:10:32)
    at Object.<anonymous> (C:\Users\Administrator\Desktop\Projects\BE-Time-Pay-Tracker\src\server.ts:9:55)
    at Module._compile (node:internal/modules/cjs/loader:1546:14)
    at Module.m._compile (C:\Users\Administrator\Desktop\Projects\BE-Time-Pay-Tracker\node_modules\ts-node\src\index.ts:1618:23)
    at node:internal/modules/cjs/loader:1689:10
    at Object.require.extensions.<computed> [as .ts] (C:\Users\Administrator\Desktop\Projects\BE-Time-Pay-Tracker\node_modules\ts-node\src\index.ts:1621:12)
    at Module.load (node:internal/modules/cjs/loader:1318:32)
2025-03-25 12:31:39 error: uncaughtException: Service is not defined
ReferenceError: Service is not defined
    at Object.<anonymous> (C:\Users\Administrator\Desktop\Projects\BE-Time-Pay-Tracker\src\services\profile\profile.service.ts:4:28)
    at Module._compile (node:internal/modules/cjs/loader:1546:14)
    at Module.m._compile (C:\Users\Administrator\Desktop\Projects\BE-Time-Pay-Tracker\node_modules\ts-node\src\index.ts:1618:23)
    at node:internal/modules/cjs/loader:1689:10
    at Object.require.extensions.<computed> [as .ts] (C:\Users\Administrator\Desktop\Projects\BE-Time-Pay-Tracker\node_modules\ts-node\src\index.ts:1621:12)
    at Module.load (node:internal/modules/cjs/loader:1318:32)
    at Function._load (node:internal/modules/cjs/loader:1128:12)
    at TracingChannel.traceSync (node:diagnostics_channel:315:14)
    at wrapModuleLoad (node:internal/modules/cjs/loader:218:24)
    at Module.require (node:internal/modules/cjs/loader:1340:12)
2025-03-25 12:31:42 error: uncaughtException: PROJECT_SERVICE_TOKEN is not defined
ReferenceError: PROJECT_SERVICE_TOKEN is not defined
    at Object.<anonymous> (C:\Users\Administrator\Desktop\Projects\BE-Time-Pay-Tracker\src\services\profile\profile.service.ts:4:16)
    at Module._compile (node:internal/modules/cjs/loader:1546:14)
    at Module.m._compile (C:\Users\Administrator\Desktop\Projects\BE-Time-Pay-Tracker\node_modules\ts-node\src\index.ts:1618:23)
    at node:internal/modules/cjs/loader:1689:10
    at Object.require.extensions.<computed> [as .ts] (C:\Users\Administrator\Desktop\Projects\BE-Time-Pay-Tracker\node_modules\ts-node\src\index.ts:1621:12)
    at Module.load (node:internal/modules/cjs/loader:1318:32)
    at Function._load (node:internal/modules/cjs/loader:1128:12)
    at TracingChannel.traceSync (node:diagnostics_channel:315:14)
    at wrapModuleLoad (node:internal/modules/cjs/loader:218:24)
    at Module.require (node:internal/modules/cjs/loader:1340:12)
2025-03-25 12:31:49 error: uncaughtException: PROFILE_SERVICE_TOKEN is not defined
ReferenceError: PROFILE_SERVICE_TOKEN is not defined
    at Object.<anonymous> (C:\Users\Administrator\Desktop\Projects\BE-Time-Pay-Tracker\src\services\profile\profile.service.ts:4:16)
    at Module._compile (node:internal/modules/cjs/loader:1546:14)
    at Module.m._compile (C:\Users\Administrator\Desktop\Projects\BE-Time-Pay-Tracker\node_modules\ts-node\src\index.ts:1618:23)
    at node:internal/modules/cjs/loader:1689:10
    at Object.require.extensions.<computed> [as .ts] (C:\Users\Administrator\Desktop\Projects\BE-Time-Pay-Tracker\node_modules\ts-node\src\index.ts:1621:12)
    at Module.load (node:internal/modules/cjs/loader:1318:32)
    at Function._load (node:internal/modules/cjs/loader:1128:12)
    at TracingChannel.traceSync (node:diagnostics_channel:315:14)
    at wrapModuleLoad (node:internal/modules/cjs/loader:218:24)
    at Module.require (node:internal/modules/cjs/loader:1340:12)
2025-03-25 12:33:22 error: uncaughtException: PROFILE_SERVICE_TOKEN is not defined
ReferenceError: PROFILE_SERVICE_TOKEN is not defined
    at Object.<anonymous> (C:\Users\Administrator\Desktop\Projects\BE-Time-Pay-Tracker\src\services\profile\profile.service.ts:5:16)
    at Module._compile (node:internal/modules/cjs/loader:1546:14)
    at Module.m._compile (C:\Users\Administrator\Desktop\Projects\BE-Time-Pay-Tracker\node_modules\ts-node\src\index.ts:1618:23)
    at node:internal/modules/cjs/loader:1689:10
    at Object.require.extensions.<computed> [as .ts] (C:\Users\Administrator\Desktop\Projects\BE-Time-Pay-Tracker\node_modules\ts-node\src\index.ts:1621:12)
    at Module.load (node:internal/modules/cjs/loader:1318:32)
    at Function._load (node:internal/modules/cjs/loader:1128:12)
    at TracingChannel.traceSync (node:diagnostics_channel:315:14)
    at wrapModuleLoad (node:internal/modules/cjs/loader:218:24)
    at Module.require (node:internal/modules/cjs/loader:1340:12)
2025-03-25 12:33:28 error: uncaughtException: Service with "<UNKNOWN_IDENTIFIER>" identifier was not found in the container. Register it before usage via explicitly calling the "Container.set" function or using the "@Service()" decorator.
ServiceNotFoundError: Service with "<UNKNOWN_IDENTIFIER>" identifier was not found in the container. Register it before usage via explicitly calling the "Container.set" function or using the "@Service()" decorator.
    at ContainerInstance.get (C:\Users\Administrator\Desktop\Projects\BE-Time-Pay-Tracker\node_modules\src\container-instance.class.ts:75:11)
    at Function.get (C:\Users\Administrator\Desktop\Projects\BE-Time-Pay-Tracker\node_modules\src\container.class.ts:61:32)
    at new ProfileController (C:\Users\Administrator\Desktop\Projects\BE-Time-Pay-Tracker\src\controllers\profile\profile.controller.ts:11:41)
    at new ProfileRoute (C:\Users\Administrator\Desktop\Projects\BE-Time-Pay-Tracker\src\routes\profile\profile.routes.ts:10:32)
    at Object.<anonymous> (C:\Users\Administrator\Desktop\Projects\BE-Time-Pay-Tracker\src\server.ts:9:55)
    at Module._compile (node:internal/modules/cjs/loader:1546:14)
    at Module.m._compile (C:\Users\Administrator\Desktop\Projects\BE-Time-Pay-Tracker\node_modules\ts-node\src\index.ts:1618:23)
    at node:internal/modules/cjs/loader:1689:10
    at Object.require.extensions.<computed> [as .ts] (C:\Users\Administrator\Desktop\Projects\BE-Time-Pay-Tracker\node_modules\ts-node\src\index.ts:1621:12)
    at Module.load (node:internal/modules/cjs/loader:1318:32)
2025-03-25 12:43:54 error: uncaughtException: Service with "<UNKNOWN_IDENTIFIER>" identifier was not found in the container. Register it before usage via explicitly calling the "Container.set" function or using the "@Service()" decorator.
ServiceNotFoundError: Service with "<UNKNOWN_IDENTIFIER>" identifier was not found in the container. Register it before usage via explicitly calling the "Container.set" function or using the "@Service()" decorator.
    at ContainerInstance.get (C:\Users\Administrator\Desktop\Projects\BE-Time-Pay-Tracker\node_modules\src\container-instance.class.ts:75:11)
    at Function.get (C:\Users\Administrator\Desktop\Projects\BE-Time-Pay-Tracker\node_modules\src\container.class.ts:61:32)
    at new ProfileController (C:\Users\Administrator\Desktop\Projects\BE-Time-Pay-Tracker\src\controllers\profile\profile.controller.ts:11:41)
    at new ProfileRoute (C:\Users\Administrator\Desktop\Projects\BE-Time-Pay-Tracker\src\routes\profile\profile.routes.ts:10:32)
    at Object.<anonymous> (C:\Users\Administrator\Desktop\Projects\BE-Time-Pay-Tracker\src\server.ts:9:55)
    at Module._compile (node:internal/modules/cjs/loader:1546:14)
    at Module.m._compile (C:\Users\Administrator\Desktop\Projects\BE-Time-Pay-Tracker\node_modules\ts-node\src\index.ts:1618:23)
    at node:internal/modules/cjs/loader:1689:10
    at Object.require.extensions.<computed> [as .ts] (C:\Users\Administrator\Desktop\Projects\BE-Time-Pay-Tracker\node_modules\ts-node\src\index.ts:1621:12)
    at Module.load (node:internal/modules/cjs/loader:1318:32)
2025-03-25 12:45:29 error: uncaughtException: Service with "<UNKNOWN_IDENTIFIER>" identifier was not found in the container. Register it before usage via explicitly calling the "Container.set" function or using the "@Service()" decorator.
ServiceNotFoundError: Service with "<UNKNOWN_IDENTIFIER>" identifier was not found in the container. Register it before usage via explicitly calling the "Container.set" function or using the "@Service()" decorator.
    at ContainerInstance.get (C:\Users\Administrator\Desktop\Projects\BE-Time-Pay-Tracker\node_modules\src\container-instance.class.ts:75:11)
    at Function.get (C:\Users\Administrator\Desktop\Projects\BE-Time-Pay-Tracker\node_modules\src\container.class.ts:61:32)
    at new ProfileController (C:\Users\Administrator\Desktop\Projects\BE-Time-Pay-Tracker\src\controllers\profile\profile.controller.ts:11:41)
    at new ProfileRoute (C:\Users\Administrator\Desktop\Projects\BE-Time-Pay-Tracker\src\routes\profile\profile.routes.ts:10:32)
    at Object.<anonymous> (C:\Users\Administrator\Desktop\Projects\BE-Time-Pay-Tracker\src\server.ts:9:55)
    at Module._compile (node:internal/modules/cjs/loader:1546:14)
    at Module.m._compile (C:\Users\Administrator\Desktop\Projects\BE-Time-Pay-Tracker\node_modules\ts-node\src\index.ts:1618:23)
    at node:internal/modules/cjs/loader:1689:10
    at Object.require.extensions.<computed> [as .ts] (C:\Users\Administrator\Desktop\Projects\BE-Time-Pay-Tracker\node_modules\ts-node\src\index.ts:1621:12)
    at Module.load (node:internal/modules/cjs/loader:1318:32)
2025-03-25 12:45:40 error: uncaughtException: Service with "<UNKNOWN_IDENTIFIER>" identifier was not found in the container. Register it before usage via explicitly calling the "Container.set" function or using the "@Service()" decorator.
ServiceNotFoundError: Service with "<UNKNOWN_IDENTIFIER>" identifier was not found in the container. Register it before usage via explicitly calling the "Container.set" function or using the "@Service()" decorator.
    at ContainerInstance.get (C:\Users\Administrator\Desktop\Projects\BE-Time-Pay-Tracker\node_modules\src\container-instance.class.ts:75:11)
    at Function.get (C:\Users\Administrator\Desktop\Projects\BE-Time-Pay-Tracker\node_modules\src\container.class.ts:61:32)
    at new ProfileController (C:\Users\Administrator\Desktop\Projects\BE-Time-Pay-Tracker\src\controllers\profile\profile.controller.ts:11:41)
    at new ProfileRoute (C:\Users\Administrator\Desktop\Projects\BE-Time-Pay-Tracker\src\routes\profile\profile.routes.ts:10:32)
    at Object.<anonymous> (C:\Users\Administrator\Desktop\Projects\BE-Time-Pay-Tracker\src\server.ts:9:55)
    at Module._compile (node:internal/modules/cjs/loader:1546:14)
    at Module.m._compile (C:\Users\Administrator\Desktop\Projects\BE-Time-Pay-Tracker\node_modules\ts-node\src\index.ts:1618:23)
    at node:internal/modules/cjs/loader:1689:10
    at Object.require.extensions.<computed> [as .ts] (C:\Users\Administrator\Desktop\Projects\BE-Time-Pay-Tracker\node_modules\ts-node\src\index.ts:1621:12)
    at Module.load (node:internal/modules/cjs/loader:1318:32)
2025-03-25 12:45:47 error: uncaughtException: Service with "<UNKNOWN_IDENTIFIER>" identifier was not found in the container. Register it before usage via explicitly calling the "Container.set" function or using the "@Service()" decorator.
ServiceNotFoundError: Service with "<UNKNOWN_IDENTIFIER>" identifier was not found in the container. Register it before usage via explicitly calling the "Container.set" function or using the "@Service()" decorator.
    at ContainerInstance.get (C:\Users\Administrator\Desktop\Projects\BE-Time-Pay-Tracker\node_modules\src\container-instance.class.ts:75:11)
    at Function.get (C:\Users\Administrator\Desktop\Projects\BE-Time-Pay-Tracker\node_modules\src\container.class.ts:61:32)
    at new ProfileController (C:\Users\Administrator\Desktop\Projects\BE-Time-Pay-Tracker\src\controllers\profile\profile.controller.ts:11:41)
    at new ProfileRoute (C:\Users\Administrator\Desktop\Projects\BE-Time-Pay-Tracker\src\routes\profile\profile.routes.ts:10:32)
    at Object.<anonymous> (C:\Users\Administrator\Desktop\Projects\BE-Time-Pay-Tracker\src\server.ts:9:55)
    at Module._compile (node:internal/modules/cjs/loader:1546:14)
    at Module.m._compile (C:\Users\Administrator\Desktop\Projects\BE-Time-Pay-Tracker\node_modules\ts-node\src\index.ts:1618:23)
    at node:internal/modules/cjs/loader:1689:10
    at Object.require.extensions.<computed> [as .ts] (C:\Users\Administrator\Desktop\Projects\BE-Time-Pay-Tracker\node_modules\ts-node\src\index.ts:1621:12)
    at Module.load (node:internal/modules/cjs/loader:1318:32)
2025-03-25 12:46:01 error: uncaughtException: Service with "<UNKNOWN_IDENTIFIER>" identifier was not found in the container. Register it before usage via explicitly calling the "Container.set" function or using the "@Service()" decorator.
ServiceNotFoundError: Service with "<UNKNOWN_IDENTIFIER>" identifier was not found in the container. Register it before usage via explicitly calling the "Container.set" function or using the "@Service()" decorator.
    at ContainerInstance.get (C:\Users\Administrator\Desktop\Projects\BE-Time-Pay-Tracker\node_modules\src\container-instance.class.ts:75:11)
    at Function.get (C:\Users\Administrator\Desktop\Projects\BE-Time-Pay-Tracker\node_modules\src\container.class.ts:61:32)
    at new ProfileController (C:\Users\Administrator\Desktop\Projects\BE-Time-Pay-Tracker\src\controllers\profile\profile.controller.ts:11:41)
    at new ProfileRoute (C:\Users\Administrator\Desktop\Projects\BE-Time-Pay-Tracker\src\routes\profile\profile.routes.ts:10:32)
    at Object.<anonymous> (C:\Users\Administrator\Desktop\Projects\BE-Time-Pay-Tracker\src\server.ts:9:55)
    at Module._compile (node:internal/modules/cjs/loader:1546:14)
    at Module.m._compile (C:\Users\Administrator\Desktop\Projects\BE-Time-Pay-Tracker\node_modules\ts-node\src\index.ts:1618:23)
    at node:internal/modules/cjs/loader:1689:10
    at Object.require.extensions.<computed> [as .ts] (C:\Users\Administrator\Desktop\Projects\BE-Time-Pay-Tracker\node_modules\ts-node\src\index.ts:1621:12)
    at Module.load (node:internal/modules/cjs/loader:1318:32)
2025-03-25 12:46:26 error: uncaughtException: Service with "<UNKNOWN_IDENTIFIER>" identifier was not found in the container. Register it before usage via explicitly calling the "Container.set" function or using the "@Service()" decorator.
ServiceNotFoundError: Service with "<UNKNOWN_IDENTIFIER>" identifier was not found in the container. Register it before usage via explicitly calling the "Container.set" function or using the "@Service()" decorator.
    at ContainerInstance.get (C:\Users\Administrator\Desktop\Projects\BE-Time-Pay-Tracker\node_modules\src\container-instance.class.ts:75:11)
    at Function.get (C:\Users\Administrator\Desktop\Projects\BE-Time-Pay-Tracker\node_modules\src\container.class.ts:61:32)
    at new ProfileController (C:\Users\Administrator\Desktop\Projects\BE-Time-Pay-Tracker\src\controllers\profile\profile.controller.ts:11:41)
    at new ProfileRoute (C:\Users\Administrator\Desktop\Projects\BE-Time-Pay-Tracker\src\routes\profile\profile.routes.ts:10:32)
    at Object.<anonymous> (C:\Users\Administrator\Desktop\Projects\BE-Time-Pay-Tracker\src\server.ts:9:55)
    at Module._compile (node:internal/modules/cjs/loader:1546:14)
    at Module.m._compile (C:\Users\Administrator\Desktop\Projects\BE-Time-Pay-Tracker\node_modules\ts-node\src\index.ts:1618:23)
    at node:internal/modules/cjs/loader:1689:10
    at Object.require.extensions.<computed> [as .ts] (C:\Users\Administrator\Desktop\Projects\BE-Time-Pay-Tracker\node_modules\ts-node\src\index.ts:1621:12)
    at Module.load (node:internal/modules/cjs/loader:1318:32)
2025-03-25 12:46:57 error: uncaughtException: Service with "<UNKNOWN_IDENTIFIER>" identifier was not found in the container. Register it before usage via explicitly calling the "Container.set" function or using the "@Service()" decorator.
ServiceNotFoundError: Service with "<UNKNOWN_IDENTIFIER>" identifier was not found in the container. Register it before usage via explicitly calling the "Container.set" function or using the "@Service()" decorator.
    at ContainerInstance.get (C:\Users\Administrator\Desktop\Projects\BE-Time-Pay-Tracker\node_modules\src\container-instance.class.ts:75:11)
    at Function.get (C:\Users\Administrator\Desktop\Projects\BE-Time-Pay-Tracker\node_modules\src\container.class.ts:61:32)
    at new ProfileController (C:\Users\Administrator\Desktop\Projects\BE-Time-Pay-Tracker\src\controllers\profile\profile.controller.ts:11:41)
    at new ProfileRoute (C:\Users\Administrator\Desktop\Projects\BE-Time-Pay-Tracker\src\routes\profile\profile.routes.ts:10:32)
    at Object.<anonymous> (C:\Users\Administrator\Desktop\Projects\BE-Time-Pay-Tracker\src\server.ts:9:55)
    at Module._compile (node:internal/modules/cjs/loader:1546:14)
    at Module.m._compile (C:\Users\Administrator\Desktop\Projects\BE-Time-Pay-Tracker\node_modules\ts-node\src\index.ts:1618:23)
    at node:internal/modules/cjs/loader:1689:10
    at Object.require.extensions.<computed> [as .ts] (C:\Users\Administrator\Desktop\Projects\BE-Time-Pay-Tracker\node_modules\ts-node\src\index.ts:1621:12)
    at Module.load (node:internal/modules/cjs/loader:1318:32)
2025-03-25 12:47:07 error: uncaughtException: ProjectService is not defined
ReferenceError: ProjectService is not defined
    at Object.<anonymous> (C:\Users\Administrator\Desktop\Projects\BE-Time-Pay-Tracker\src\services\profile\profile.service.ts:7:45)
    at Module._compile (node:internal/modules/cjs/loader:1546:14)
    at Module.m._compile (C:\Users\Administrator\Desktop\Projects\BE-Time-Pay-Tracker\node_modules\ts-node\src\index.ts:1618:23)
    at node:internal/modules/cjs/loader:1689:10
    at Object.require.extensions.<computed> [as .ts] (C:\Users\Administrator\Desktop\Projects\BE-Time-Pay-Tracker\node_modules\ts-node\src\index.ts:1621:12)
    at Module.load (node:internal/modules/cjs/loader:1318:32)
    at Function._load (node:internal/modules/cjs/loader:1128:12)
    at TracingChannel.traceSync (node:diagnostics_channel:315:14)
    at wrapModuleLoad (node:internal/modules/cjs/loader:218:24)
    at Module.require (node:internal/modules/cjs/loader:1340:12)
2025-03-25 12:47:13 error: uncaughtException: Service with "MaybeConstructable<ProfileService>" identifier was not found in the container. Register it before usage via explicitly calling the "Container.set" function or using the "@Service()" decorator.
ServiceNotFoundError: Service with "MaybeConstructable<ProfileService>" identifier was not found in the container. Register it before usage via explicitly calling the "Container.set" function or using the "@Service()" decorator.
    at ContainerInstance.get (C:\Users\Administrator\Desktop\Projects\BE-Time-Pay-Tracker\node_modules\src\container-instance.class.ts:75:11)
    at Function.get (C:\Users\Administrator\Desktop\Projects\BE-Time-Pay-Tracker\node_modules\src\container.class.ts:61:32)
    at new ProfileController (C:\Users\Administrator\Desktop\Projects\BE-Time-Pay-Tracker\src\controllers\profile\profile.controller.ts:11:41)
    at new ProfileRoute (C:\Users\Administrator\Desktop\Projects\BE-Time-Pay-Tracker\src\routes\profile\profile.routes.ts:10:32)
    at Object.<anonymous> (C:\Users\Administrator\Desktop\Projects\BE-Time-Pay-Tracker\src\server.ts:9:55)
    at Module._compile (node:internal/modules/cjs/loader:1546:14)
    at Module.m._compile (C:\Users\Administrator\Desktop\Projects\BE-Time-Pay-Tracker\node_modules\ts-node\src\index.ts:1618:23)
    at node:internal/modules/cjs/loader:1689:10
    at Object.require.extensions.<computed> [as .ts] (C:\Users\Administrator\Desktop\Projects\BE-Time-Pay-Tracker\node_modules\ts-node\src\index.ts:1621:12)
    at Module.load (node:internal/modules/cjs/loader:1318:32)
2025-03-25 12:47:20 error: uncaughtException: Service with "MaybeConstructable<ProfileService>" identifier was not found in the container. Register it before usage via explicitly calling the "Container.set" function or using the "@Service()" decorator.
ServiceNotFoundError: Service with "MaybeConstructable<ProfileService>" identifier was not found in the container. Register it before usage via explicitly calling the "Container.set" function or using the "@Service()" decorator.
    at ContainerInstance.get (C:\Users\Administrator\Desktop\Projects\BE-Time-Pay-Tracker\node_modules\src\container-instance.class.ts:75:11)
    at Function.get (C:\Users\Administrator\Desktop\Projects\BE-Time-Pay-Tracker\node_modules\src\container.class.ts:61:32)
    at new ProfileController (C:\Users\Administrator\Desktop\Projects\BE-Time-Pay-Tracker\src\controllers\profile\profile.controller.ts:11:41)
    at new ProfileRoute (C:\Users\Administrator\Desktop\Projects\BE-Time-Pay-Tracker\src\routes\profile\profile.routes.ts:10:32)
    at Object.<anonymous> (C:\Users\Administrator\Desktop\Projects\BE-Time-Pay-Tracker\src\server.ts:9:55)
    at Module._compile (node:internal/modules/cjs/loader:1546:14)
    at Module.m._compile (C:\Users\Administrator\Desktop\Projects\BE-Time-Pay-Tracker\node_modules\ts-node\src\index.ts:1618:23)
    at node:internal/modules/cjs/loader:1689:10
    at Object.require.extensions.<computed> [as .ts] (C:\Users\Administrator\Desktop\Projects\BE-Time-Pay-Tracker\node_modules\ts-node\src\index.ts:1621:12)
    at Module.load (node:internal/modules/cjs/loader:1318:32)
2025-03-25 12:48:27 error: uncaughtException: Service with "<UNKNOWN_IDENTIFIER>" identifier was not found in the container. Register it before usage via explicitly calling the "Container.set" function or using the "@Service()" decorator.
ServiceNotFoundError: Service with "<UNKNOWN_IDENTIFIER>" identifier was not found in the container. Register it before usage via explicitly calling the "Container.set" function or using the "@Service()" decorator.
    at ContainerInstance.get (C:\Users\Administrator\Desktop\Projects\BE-Time-Pay-Tracker\node_modules\src\container-instance.class.ts:75:11)
    at Function.get (C:\Users\Administrator\Desktop\Projects\BE-Time-Pay-Tracker\node_modules\src\container.class.ts:61:32)
    at new ProfileController (C:\Users\Administrator\Desktop\Projects\BE-Time-Pay-Tracker\src\controllers\profile\profile.controller.ts:11:41)
    at new ProfileRoute (C:\Users\Administrator\Desktop\Projects\BE-Time-Pay-Tracker\src\routes\profile\profile.routes.ts:10:32)
    at Object.<anonymous> (C:\Users\Administrator\Desktop\Projects\BE-Time-Pay-Tracker\src\server.ts:9:55)
    at Module._compile (node:internal/modules/cjs/loader:1546:14)
    at Module.m._compile (C:\Users\Administrator\Desktop\Projects\BE-Time-Pay-Tracker\node_modules\ts-node\src\index.ts:1618:23)
    at node:internal/modules/cjs/loader:1689:10
    at Object.require.extensions.<computed> [as .ts] (C:\Users\Administrator\Desktop\Projects\BE-Time-Pay-Tracker\node_modules\ts-node\src\index.ts:1621:12)
    at Module.load (node:internal/modules/cjs/loader:1318:32)
2025-03-25 12:49:59 error: uncaughtException: Service with "<UNKNOWN_IDENTIFIER>" identifier was not found in the container. Register it before usage via explicitly calling the "Container.set" function or using the "@Service()" decorator.
ServiceNotFoundError: Service with "<UNKNOWN_IDENTIFIER>" identifier was not found in the container. Register it before usage via explicitly calling the "Container.set" function or using the "@Service()" decorator.
    at ContainerInstance.get (C:\Users\Administrator\Desktop\Projects\BE-Time-Pay-Tracker\node_modules\src\container-instance.class.ts:75:11)
    at Function.get (C:\Users\Administrator\Desktop\Projects\BE-Time-Pay-Tracker\node_modules\src\container.class.ts:61:32)
    at new ProfileController (C:\Users\Administrator\Desktop\Projects\BE-Time-Pay-Tracker\src\controllers\profile\profile.controller.ts:11:41)
    at new ProfileRoute (C:\Users\Administrator\Desktop\Projects\BE-Time-Pay-Tracker\src\routes\profile\profile.routes.ts:10:32)
    at Object.<anonymous> (C:\Users\Administrator\Desktop\Projects\BE-Time-Pay-Tracker\src\server.ts:9:55)
    at Module._compile (node:internal/modules/cjs/loader:1546:14)
    at Module.m._compile (C:\Users\Administrator\Desktop\Projects\BE-Time-Pay-Tracker\node_modules\ts-node\src\index.ts:1618:23)
    at node:internal/modules/cjs/loader:1689:10
    at Object.require.extensions.<computed> [as .ts] (C:\Users\Administrator\Desktop\Projects\BE-Time-Pay-Tracker\node_modules\ts-node\src\index.ts:1621:12)
    at Module.load (node:internal/modules/cjs/loader:1318:32)
2025-03-25 12:50:03 error: uncaughtException: PROFILE_SERVICE_TOKEN is not defined
ReferenceError: PROFILE_SERVICE_TOKEN is not defined
    at new ProfileController (C:\Users\Administrator\Desktop\Projects\BE-Time-Pay-Tracker\src\controllers\profile\profile.controller.ts:11:45)
    at new ProfileRoute (C:\Users\Administrator\Desktop\Projects\BE-Time-Pay-Tracker\src\routes\profile\profile.routes.ts:10:32)
    at Object.<anonymous> (C:\Users\Administrator\Desktop\Projects\BE-Time-Pay-Tracker\src\server.ts:9:55)
    at Module._compile (node:internal/modules/cjs/loader:1546:14)
    at Module.m._compile (C:\Users\Administrator\Desktop\Projects\BE-Time-Pay-Tracker\node_modules\ts-node\src\index.ts:1618:23)
    at node:internal/modules/cjs/loader:1689:10
    at Object.require.extensions.<computed> [as .ts] (C:\Users\Administrator\Desktop\Projects\BE-Time-Pay-Tracker\node_modules\ts-node\src\index.ts:1621:12)
    at Module.load (node:internal/modules/cjs/loader:1318:32)
    at Function._load (node:internal/modules/cjs/loader:1128:12)
    at TracingChannel.traceSync (node:diagnostics_channel:315:14)
2025-03-25 12:50:06 error: uncaughtException: Service with "Token<IProfilesService>" identifier was not found in the container. Register it before usage via explicitly calling the "Container.set" function or using the "@Service()" decorator.
ServiceNotFoundError: Service with "Token<IProfilesService>" identifier was not found in the container. Register it before usage via explicitly calling the "Container.set" function or using the "@Service()" decorator.
    at ContainerInstance.get (C:\Users\Administrator\Desktop\Projects\BE-Time-Pay-Tracker\node_modules\src\container-instance.class.ts:75:11)
    at Function.get (C:\Users\Administrator\Desktop\Projects\BE-Time-Pay-Tracker\node_modules\src\container.class.ts:61:32)
    at new ProfileController (C:\Users\Administrator\Desktop\Projects\BE-Time-Pay-Tracker\src\controllers\profile\profile.controller.ts:11:41)
    at new ProfileRoute (C:\Users\Administrator\Desktop\Projects\BE-Time-Pay-Tracker\src\routes\profile\profile.routes.ts:10:32)
    at Object.<anonymous> (C:\Users\Administrator\Desktop\Projects\BE-Time-Pay-Tracker\src\server.ts:9:55)
    at Module._compile (node:internal/modules/cjs/loader:1546:14)
    at Module.m._compile (C:\Users\Administrator\Desktop\Projects\BE-Time-Pay-Tracker\node_modules\ts-node\src\index.ts:1618:23)
    at node:internal/modules/cjs/loader:1689:10
    at Object.require.extensions.<computed> [as .ts] (C:\Users\Administrator\Desktop\Projects\BE-Time-Pay-Tracker\node_modules\ts-node\src\index.ts:1621:12)
    at Module.load (node:internal/modules/cjs/loader:1318:32)
2025-03-25 12:50:12 error: uncaughtException: Service with "Token<IProfilesService>" identifier was not found in the container. Register it before usage via explicitly calling the "Container.set" function or using the "@Service()" decorator.
ServiceNotFoundError: Service with "Token<IProfilesService>" identifier was not found in the container. Register it before usage via explicitly calling the "Container.set" function or using the "@Service()" decorator.
    at ContainerInstance.get (C:\Users\Administrator\Desktop\Projects\BE-Time-Pay-Tracker\node_modules\src\container-instance.class.ts:75:11)
    at Function.get (C:\Users\Administrator\Desktop\Projects\BE-Time-Pay-Tracker\node_modules\src\container.class.ts:61:32)
    at new ProfileController (C:\Users\Administrator\Desktop\Projects\BE-Time-Pay-Tracker\src\controllers\profile\profile.controller.ts:11:41)
    at new ProfileRoute (C:\Users\Administrator\Desktop\Projects\BE-Time-Pay-Tracker\src\routes\profile\profile.routes.ts:10:32)
    at Object.<anonymous> (C:\Users\Administrator\Desktop\Projects\BE-Time-Pay-Tracker\src\server.ts:9:55)
    at Module._compile (node:internal/modules/cjs/loader:1546:14)
    at Module.m._compile (C:\Users\Administrator\Desktop\Projects\BE-Time-Pay-Tracker\node_modules\ts-node\src\index.ts:1618:23)
    at node:internal/modules/cjs/loader:1689:10
    at Object.require.extensions.<computed> [as .ts] (C:\Users\Administrator\Desktop\Projects\BE-Time-Pay-Tracker\node_modules\ts-node\src\index.ts:1621:12)
    at Module.load (node:internal/modules/cjs/loader:1318:32)
2025-03-25 12:50:16 error: uncaughtException: Service with "Token<IProfilesService>" identifier was not found in the container. Register it before usage via explicitly calling the "Container.set" function or using the "@Service()" decorator.
ServiceNotFoundError: Service with "Token<IProfilesService>" identifier was not found in the container. Register it before usage via explicitly calling the "Container.set" function or using the "@Service()" decorator.
    at ContainerInstance.get (C:\Users\Administrator\Desktop\Projects\BE-Time-Pay-Tracker\node_modules\src\container-instance.class.ts:75:11)
    at Function.get (C:\Users\Administrator\Desktop\Projects\BE-Time-Pay-Tracker\node_modules\src\container.class.ts:61:32)
    at new ProfileController (C:\Users\Administrator\Desktop\Projects\BE-Time-Pay-Tracker\src\controllers\profile\profile.controller.ts:11:41)
    at new ProfileRoute (C:\Users\Administrator\Desktop\Projects\BE-Time-Pay-Tracker\src\routes\profile\profile.routes.ts:10:32)
    at Object.<anonymous> (C:\Users\Administrator\Desktop\Projects\BE-Time-Pay-Tracker\src\server.ts:9:55)
    at Module._compile (node:internal/modules/cjs/loader:1546:14)
    at Module.m._compile (C:\Users\Administrator\Desktop\Projects\BE-Time-Pay-Tracker\node_modules\ts-node\src\index.ts:1618:23)
    at node:internal/modules/cjs/loader:1689:10
    at Object.require.extensions.<computed> [as .ts] (C:\Users\Administrator\Desktop\Projects\BE-Time-Pay-Tracker\node_modules\ts-node\src\index.ts:1621:12)
    at Module.load (node:internal/modules/cjs/loader:1318:32)
2025-03-25 12:50:23 error: uncaughtException:  Unable to compile TypeScript:
[96msrc/services/profile/profile.service.ts[0m:[93m1[0m:[93m1[0m - [91merror[0m[90m TS1435: [0mUnknown keyword or identifier. Did you mean 'import'?

[7m1[0m Simport { IProfileRepository } from "@/interfaces/profile/IProfileRepository.interface";
[7m [0m [91m~~~~~~~[0m
[96msrc/services/profile/profile.service.ts[0m:[93m1[0m:[93m32[0m - [91merror[0m[90m TS1434: [0mUnexpected keyword or identifier.

[7m1[0m Simport { IProfileRepository } from "@/interfaces/profile/IProfileRepository.interface";
[7m [0m [91m                               ~~~~[0m

TSError:  Unable to compile TypeScript:
[96msrc/services/profile/profile.service.ts[0m:[93m1[0m:[93m1[0m - [91merror[0m[90m TS1435: [0mUnknown keyword or identifier. Did you mean 'import'?

[7m1[0m Simport { IProfileRepository } from "@/interfaces/profile/IProfileRepository.interface";
[7m [0m [91m~~~~~~~[0m
[96msrc/services/profile/profile.service.ts[0m:[93m1[0m:[93m32[0m - [91merror[0m[90m TS1434: [0mUnexpected keyword or identifier.

[7m1[0m Simport { IProfileRepository } from "@/interfaces/profile/IProfileRepository.interface";
[7m [0m [91m                               ~~~~[0m

    at createTSError (C:\Users\Administrator\Desktop\Projects\BE-Time-Pay-Tracker\node_modules\ts-node\src\index.ts:859:12)
    at reportTSError (C:\Users\Administrator\Desktop\Projects\BE-Time-Pay-Tracker\node_modules\ts-node\src\index.ts:863:19)
    at C:\Users\Administrator\Desktop\Projects\BE-Time-Pay-Tracker\node_modules\ts-node\src\index.ts:1379:34
    at Object.compile (C:\Users\Administrator\Desktop\Projects\BE-Time-Pay-Tracker\node_modules\ts-node\src\index.ts:1458:13)
    at Module.m._compile (C:\Users\Administrator\Desktop\Projects\BE-Time-Pay-Tracker\node_modules\ts-node\src\index.ts:1617:30)
    at node:internal/modules/cjs/loader:1689:10
    at Object.require.extensions.<computed> [as .ts] (C:\Users\Administrator\Desktop\Projects\BE-Time-Pay-Tracker\node_modules\ts-node\src\index.ts:1621:12)
    at Module.load (node:internal/modules/cjs/loader:1318:32)
    at Function._load (node:internal/modules/cjs/loader:1128:12)
    at TracingChannel.traceSync (node:diagnostics_channel:315:14)
2025-03-25 12:53:40 error: uncaughtException: Route.put() requires a callback function but got a [object Undefined]
Error: Route.put() requires a callback function but got a [object Undefined]
    at Route.<computed> [as put] (C:\Users\Administrator\Desktop\Projects\BE-Time-Pay-Tracker\node_modules\express\lib\router\route.js:216:15)
    at Function.proto.<computed> [as put] (C:\Users\Administrator\Desktop\Projects\BE-Time-Pay-Tracker\node_modules\express\lib\router\index.js:521:19)
    at ProfileRoute.initializeRoutes (C:\Users\Administrator\Desktop\Projects\BE-Time-Pay-Tracker\src\routes\profile\profile.routes.ts:21:21)
    at new ProfileRoute (C:\Users\Administrator\Desktop\Projects\BE-Time-Pay-Tracker\src\routes\profile\profile.routes.ts:13:14)
    at Object.<anonymous> (C:\Users\Administrator\Desktop\Projects\BE-Time-Pay-Tracker\src\server.ts:9:55)
    at Module._compile (node:internal/modules/cjs/loader:1546:14)
    at Module.m._compile (C:\Users\Administrator\Desktop\Projects\BE-Time-Pay-Tracker\node_modules\ts-node\src\index.ts:1618:23)
    at node:internal/modules/cjs/loader:1689:10
    at Object.require.extensions.<computed> [as .ts] (C:\Users\Administrator\Desktop\Projects\BE-Time-Pay-Tracker\node_modules\ts-node\src\index.ts:1621:12)
    at Module.load (node:internal/modules/cjs/loader:1318:32)
2025-03-25 12:53:49 error: uncaughtException: Route.put() requires a callback function but got a [object Undefined]
Error: Route.put() requires a callback function but got a [object Undefined]
    at Route.<computed> [as put] (C:\Users\Administrator\Desktop\Projects\BE-Time-Pay-Tracker\node_modules\express\lib\router\route.js:216:15)
    at Function.proto.<computed> [as put] (C:\Users\Administrator\Desktop\Projects\BE-Time-Pay-Tracker\node_modules\express\lib\router\index.js:521:19)
    at ProfileRoute.initializeRoutes (C:\Users\Administrator\Desktop\Projects\BE-Time-Pay-Tracker\src\routes\profile\profile.routes.ts:21:21)
    at new ProfileRoute (C:\Users\Administrator\Desktop\Projects\BE-Time-Pay-Tracker\src\routes\profile\profile.routes.ts:13:14)
    at Object.<anonymous> (C:\Users\Administrator\Desktop\Projects\BE-Time-Pay-Tracker\src\server.ts:9:55)
    at Module._compile (node:internal/modules/cjs/loader:1546:14)
    at Module.m._compile (C:\Users\Administrator\Desktop\Projects\BE-Time-Pay-Tracker\node_modules\ts-node\src\index.ts:1618:23)
    at node:internal/modules/cjs/loader:1689:10
    at Object.require.extensions.<computed> [as .ts] (C:\Users\Administrator\Desktop\Projects\BE-Time-Pay-Tracker\node_modules\ts-node\src\index.ts:1621:12)
    at Module.load (node:internal/modules/cjs/loader:1318:32)
2025-03-25 12:54:18 error: uncaughtException: PROFILE_SERVICE_TOKEN is not defined
ReferenceError: PROFILE_SERVICE_TOKEN is not defined
    at new ProfileController (C:\Users\Administrator\Desktop\Projects\BE-Time-Pay-Tracker\src\controllers\profile\profile.controller.ts:11:45)
    at new ProfileRoute (C:\Users\Administrator\Desktop\Projects\BE-Time-Pay-Tracker\src\routes\profile\profile.routes.ts:10:32)
    at Object.<anonymous> (C:\Users\Administrator\Desktop\Projects\BE-Time-Pay-Tracker\src\server.ts:9:55)
    at Module._compile (node:internal/modules/cjs/loader:1546:14)
    at Module.m._compile (C:\Users\Administrator\Desktop\Projects\BE-Time-Pay-Tracker\node_modules\ts-node\src\index.ts:1618:23)
    at node:internal/modules/cjs/loader:1689:10
    at Object.require.extensions.<computed> [as .ts] (C:\Users\Administrator\Desktop\Projects\BE-Time-Pay-Tracker\node_modules\ts-node\src\index.ts:1621:12)
    at Module.load (node:internal/modules/cjs/loader:1318:32)
    at Function._load (node:internal/modules/cjs/loader:1128:12)
    at TracingChannel.traceSync (node:diagnostics_channel:315:14)
2025-03-25 12:54:28 error: uncaughtException: await is only valid in async functions and the top level bodies of modules
C:\Users\Administrator\Desktop\Projects\BE-Time-Pay-Tracker\src\controllers\profile\profile.controller.ts:12
            const profile = await this.profileService.createProfile(req.body);
                            ^^^^^

SyntaxError: await is only valid in async functions and the top level bodies of modules
    at wrapSafe (node:internal/modules/cjs/loader:1469:18)
    at Module._compile (node:internal/modules/cjs/loader:1491:20)
    at Module.m._compile (C:\Users\Administrator\Desktop\Projects\BE-Time-Pay-Tracker\node_modules\ts-node\src\index.ts:1618:23)
    at node:internal/modules/cjs/loader:1689:10
    at Object.require.extensions.<computed> [as .ts] (C:\Users\Administrator\Desktop\Projects\BE-Time-Pay-Tracker\node_modules\ts-node\src\index.ts:1621:12)
    at Module.load (node:internal/modules/cjs/loader:1318:32)
    at Function._load (node:internal/modules/cjs/loader:1128:12)
    at TracingChannel.traceSync (node:diagnostics_channel:315:14)
    at wrapModuleLoad (node:internal/modules/cjs/loader:218:24)
    at Module.require (node:internal/modules/cjs/loader:1340:12)
2025-03-25 12:54:30 error: uncaughtException:  Unable to compile TypeScript:
[96msrc/controllers/profile/profile.controller.ts[0m:[93m15[0m:[93m79[0m - [91merror[0m[90m TS1005: [0m'=>' expected.

[7m15[0m     public  createProfile = async(req: Request, res: Response): Promise<void> {
[7m  [0m [91m                                                                              ~[0m

TSError:  Unable to compile TypeScript:
[96msrc/controllers/profile/profile.controller.ts[0m:[93m15[0m:[93m79[0m - [91merror[0m[90m TS1005: [0m'=>' expected.

[7m15[0m     public  createProfile = async(req: Request, res: Response): Promise<void> {
[7m  [0m [91m                                                                              ~[0m

    at createTSError (C:\Users\Administrator\Desktop\Projects\BE-Time-Pay-Tracker\node_modules\ts-node\src\index.ts:859:12)
    at reportTSError (C:\Users\Administrator\Desktop\Projects\BE-Time-Pay-Tracker\node_modules\ts-node\src\index.ts:863:19)
    at C:\Users\Administrator\Desktop\Projects\BE-Time-Pay-Tracker\node_modules\ts-node\src\index.ts:1379:34
    at Object.compile (C:\Users\Administrator\Desktop\Projects\BE-Time-Pay-Tracker\node_modules\ts-node\src\index.ts:1458:13)
    at Module.m._compile (C:\Users\Administrator\Desktop\Projects\BE-Time-Pay-Tracker\node_modules\ts-node\src\index.ts:1617:30)
    at node:internal/modules/cjs/loader:1689:10
    at Object.require.extensions.<computed> [as .ts] (C:\Users\Administrator\Desktop\Projects\BE-Time-Pay-Tracker\node_modules\ts-node\src\index.ts:1621:12)
    at Module.load (node:internal/modules/cjs/loader:1318:32)
    at Function._load (node:internal/modules/cjs/loader:1128:12)
    at TracingChannel.traceSync (node:diagnostics_channel:315:14)
2025-03-25 12:54:33 error: uncaughtException:  Unable to compile TypeScript:
[96msrc/controllers/profile/profile.controller.ts[0m:[93m15[0m:[93m73[0m - [91merror[0m[90m TS1127: [0mInvalid character.

[7m15[0m     public  createProfile = async(req: Request, res: Response): Promise<\> {
[7m  [0m [91m                                                                        [0m
[96msrc/controllers/profile/profile.controller.ts[0m:[93m15[0m:[93m74[0m - [91merror[0m[90m TS1068: [0mUnexpected token. A constructor, method, accessor, or property was expected.

[7m15[0m     public  createProfile = async(req: Request, res: Response): Promise<\> {
[7m  [0m [91m                                                                         ~[0m
[96msrc/controllers/profile/profile.controller.ts[0m:[93m16[0m:[93m11[0m - [91merror[0m[90m TS1005: [0m':' expected.

[7m16[0m       try {
[7m  [0m [91m          ~[0m
[96msrc/controllers/profile/profile.controller.ts[0m:[93m17[0m:[93m15[0m - [91merror[0m[90m TS1005: [0m':' expected.

[7m17[0m         const profile = await this.profileService.createProfile(req.body);
[7m  [0m [91m              ~~~~~~~[0m
[96msrc/controllers/profile/profile.controller.ts[0m:[93m17[0m:[93m74[0m - [91merror[0m[90m TS1005: [0m',' expected.

[7m17[0m         const profile = await this.profileService.createProfile(req.body);
[7m  [0m [91m                                                                         ~[0m
[96msrc/controllers/profile/profile.controller.ts[0m:[93m18[0m:[93m12[0m - [91merror[0m[90m TS1005: [0m',' expected.

[7m18[0m         res.status(201).json(profile);
[7m  [0m [91m           ~[0m
[96msrc/controllers/profile/profile.controller.ts[0m:[93m18[0m:[93m38[0m - [91merror[0m[90m TS1005: [0m',' expected.

[7m18[0m         res.status(201).json(profile);
[7m  [0m [91m                                     ~[0m
[96msrc/controllers/profile/profile.controller.ts[0m:[93m19[0m:[93m9[0m - [91merror[0m[90m TS1005: [0m',' expected.

[7m19[0m       } catch (error) {
[7m  [0m [91m        ~~~~~[0m
[96msrc/controllers/profile/profile.controller.ts[0m:[93m24[0m:[93m5[0m - [91merror[0m[90m TS1128: [0mDeclaration or statement expected.

[7m24[0m     public async updateProfile(req: Request, res: Response): Promise<void> {
[7m  [0m [91m    ~~~~~~[0m
[96msrc/controllers/profile/profile.controller.ts[0m:[93m24[0m:[93m12[0m - [91merror[0m[90m TS1434: [0mUnexpected keyword or identifier.

[7m24[0m     public async updateProfile(req: Request, res: Response): Promise<void> {
[7m  [0m [91m           ~~~~~[0m
[96msrc/controllers/profile/profile.controller.ts[0m:[93m24[0m:[93m35[0m - [91merror[0m[90m TS1005: [0m',' expected.

[7m24[0m     public async updateProfile(req: Request, res: Response): Promise<void> {
[7m  [0m [91m                                  ~[0m
[96msrc/controllers/profile/profile.controller.ts[0m:[93m24[0m:[93m49[0m - [91merror[0m[90m TS1005: [0m',' expected.

[7m24[0m     public async updateProfile(req: Request, res: Response): Promise<void> {
[7m  [0m [91m                                                ~[0m
[96msrc/controllers/profile/profile.controller.ts[0m:[93m24[0m:[93m60[0m - [91merror[0m[90m TS1005: [0m';' expected.

[7m24[0m     public async updateProfile(req: Request, res: Response): Promise<void> {
[7m  [0m [91m                                                           ~[0m
[96msrc/controllers/profile/profile.controller.ts[0m:[93m24[0m:[93m74[0m - [91merror[0m[90m TS1109: [0mExpression expected.

[7m24[0m     public async updateProfile(req: Request, res: Response): Promise<void> {
[7m  [0m [91m                                                                         ~[0m
[96msrc/controllers/profile/profile.controller.ts[0m:[93m25[0m:[93m11[0m - [91merror[0m[90m TS1005: [0m':' expected.

[7m25[0m       try {
[7m  [0m [91m          ~[0m
[96msrc/controllers/profile/profile.controller.ts[0m:[93m26[0m:[93m15[0m - [91merror[0m[90m TS1005: [0m':' expected.

[7m26[0m         const profile = await this.profileService.updateProfile(req.body);
[7m  [0m [91m              ~~~~~~~[0m
[96msrc/controllers/profile/profile.controller.ts[0m:[93m26[0m:[93m74[0m - [91merror[0m[90m TS1005: [0m',' expected.

[7m26[0m         const profile = await this.profileService.updateProfile(req.body);
[7m  [0m [91m                                                                         ~[0m
[96msrc/controllers/profile/profile.controller.ts[0m:[93m27[0m:[93m12[0m - [91merror[0m[90m TS1005: [0m',' expected.

[7m27[0m         res.status(200).json(profile);
[7m  [0m [91m           ~[0m
[96msrc/controllers/profile/profile.controller.ts[0m:[93m27[0m:[93m38[0m - [91merror[0m[90m TS1005: [0m',' expected.

[7m27[0m         res.status(200).json(profile);
[7m  [0m [91m                                     ~[0m
[96msrc/controllers/profile/profile.controller.ts[0m:[93m28[0m:[93m9[0m - [91merror[0m[90m TS1005: [0m',' expected.

[7m28[0m       } catch (error) {
[7m  [0m [91m        ~~~~~[0m
[96msrc/controllers/profile/profile.controller.ts[0m:[93m33[0m:[93m5[0m - [91merror[0m[90m TS1128: [0mDeclaration or statement expected.

[7m33[0m     public async assignEmployee(req: Request, res: Response): Promise<void> {
[7m  [0m [91m    ~~~~~~[0m
[96msrc/controllers/profile/profile.controller.ts[0m:[93m33[0m:[93m12[0m - [91merror[0m[90m TS1434: [0mUnexpected keyword or identifier.

[7m33[0m     public async assignEmployee(req: Request, res: Response): Promise<void> {
[7m  [0m [91m           ~~~~~[0m
[96msrc/controllers/profile/profile.controller.ts[0m:[93m33[0m:[93m36[0m - [91merror[0m[90m TS1005: [0m',' expected.

[7m33[0m     public async assignEmployee(req: Request, res: Response): Promise<void> {
[7m  [0m [91m                                   ~[0m
[96msrc/controllers/profile/profile.controller.ts[0m:[93m33[0m:[93m50[0m - [91merror[0m[90m TS1005: [0m',' expected.

[7m33[0m     public async assignEmployee(req: Request, res: Response): Promise<void> {
[7m  [0m [91m                                                 ~[0m
[96msrc/controllers/profile/profile.controller.ts[0m:[93m33[0m:[93m61[0m - [91merror[0m[90m TS1005: [0m';' expected.

[7m33[0m     public async assignEmployee(req: Request, res: Response): Promise<void> {
[7m  [0m [91m                                                            ~[0m
[96msrc/controllers/profile/profile.controller.ts[0m:[93m33[0m:[93m75[0m - [91merror[0m[90m TS1109: [0mExpression expected.

[7m33[0m     public async assignEmployee(req: Request, res: Response): Promise<void> {
[7m  [0m [91m                                                                          ~[0m
[96msrc/controllers/profile/profile.controller.ts[0m:[93m34[0m:[93m13[0m - [91merror[0m[90m TS1005: [0m':' expected.

[7m34[0m       const { projectId, employeeId } = req.body;
[7m  [0m [91m            ~[0m
[96msrc/controllers/profile/profile.controller.ts[0m:[93m34[0m:[93m49[0m - [91merror[0m[90m TS1005: [0m',' expected.

[7m34[0m       const { projectId, employeeId } = req.body;
[7m  [0m [91m                                                ~[0m
[96msrc/controllers/profile/profile.controller.ts[0m:[93m35[0m:[93m11[0m - [91merror[0m[90m TS1005: [0m':' expected.

[7m35[0m       try {
[7m  [0m [91m          ~[0m
[96msrc/controllers/profile/profile.controller.ts[0m:[93m36[0m:[93m15[0m - [91merror[0m[90m TS1005: [0m':' expected.

[7m36[0m         const profile = await this.profileService.assignEmployee(+projectId, +employeeId);
[7m  [0m [91m              ~~~~~~~[0m
[96msrc/controllers/profile/profile.controller.ts[0m:[93m36[0m:[93m90[0m - [91merror[0m[90m TS1005: [0m',' expected.

[7m36[0m         const profile = await this.profileService.assignEmployee(+projectId, +employeeId);
[7m  [0m [91m                                                                                         ~[0m
[96msrc/controllers/profile/profile.controller.ts[0m:[93m37[0m:[93m12[0m - [91merror[0m[90m TS1005: [0m',' expected.

[7m37[0m         res.status(200).json(profile);
[7m  [0m [91m           ~[0m
[96msrc/controllers/profile/profile.controller.ts[0m:[93m37[0m:[93m38[0m - [91merror[0m[90m TS1005: [0m',' expected.

[7m37[0m         res.status(200).json(profile);
[7m  [0m [91m                                     ~[0m
[96msrc/controllers/profile/profile.controller.ts[0m:[93m38[0m:[93m9[0m - [91merror[0m[90m TS1005: [0m',' expected.

[7m38[0m       } catch (error) {
[7m  [0m [91m        ~~~~~[0m
[96msrc/controllers/profile/profile.controller.ts[0m:[93m43[0m:[93m5[0m - [91merror[0m[90m TS1128: [0mDeclaration or statement expected.

[7m43[0m     public async removeEmployee(req: Request, res: Response): Promise<void> {
[7m  [0m [91m    ~~~~~~[0m
[96msrc/controllers/profile/profile.controller.ts[0m:[93m43[0m:[93m12[0m - [91merror[0m[90m TS1434: [0mUnexpected keyword or identifier.

[7m43[0m     public async removeEmployee(req: Request, res: Response): Promise<void> {
[7m  [0m [91m           ~~~~~[0m
[96msrc/controllers/profile/profile.controller.ts[0m:[93m43[0m:[93m36[0m - [91merror[0m[90m TS1005: [0m',' expected.

[7m43[0m     public async removeEmployee(req: Request, res: Response): Promise<void> {
[7m  [0m [91m                                   ~[0m
[96msrc/controllers/profile/profile.controller.ts[0m:[93m43[0m:[93m50[0m - [91merror[0m[90m TS1005: [0m',' expected.

[7m43[0m     public async removeEmployee(req: Request, res: Response): Promise<void> {
[7m  [0m [91m                                                 ~[0m
[96msrc/controllers/profile/profile.controller.ts[0m:[93m43[0m:[93m61[0m - [91merror[0m[90m TS1005: [0m';' expected.

[7m43[0m     public async removeEmployee(req: Request, res: Response): Promise<void> {
[7m  [0m [91m                                                            ~[0m
[96msrc/controllers/profile/profile.controller.ts[0m:[93m43[0m:[93m75[0m - [91merror[0m[90m TS1109: [0mExpression expected.

[7m43[0m     public async removeEmployee(req: Request, res: Response): Promise<void> {
[7m  [0m [91m                                                                          ~[0m
[96msrc/controllers/profile/profile.controller.ts[0m:[93m44[0m:[93m13[0m - [91merror[0m[90m TS1005: [0m':' expected.

[7m44[0m       const { projectId, employeeId } = req.body;
[7m  [0m [91m            ~[0m
[96msrc/controllers/profile/profile.controller.ts[0m:[93m44[0m:[93m49[0m - [91merror[0m[90m TS1005: [0m',' expected.

[7m44[0m       const { projectId, employeeId } = req.body;
[7m  [0m [91m                                                ~[0m
[96msrc/controllers/profile/profile.controller.ts[0m:[93m45[0m:[93m11[0m - [91merror[0m[90m TS1005: [0m':' expected.

[7m45[0m       try {
[7m  [0m [91m          ~[0m
[96msrc/controllers/profile/profile.controller.ts[0m:[93m46[0m:[93m15[0m - [91merror[0m[90m TS1005: [0m':' expected.

[7m46[0m         const profile = await this.profileService.removeEmployee(+projectId, +employeeId);
[7m  [0m [91m              ~~~~~~~[0m
[96msrc/controllers/profile/profile.controller.ts[0m:[93m46[0m:[93m90[0m - [91merror[0m[90m TS1005: [0m',' expected.

[7m46[0m         const profile = await this.profileService.removeEmployee(+projectId, +employeeId);
[7m  [0m [91m                                                                                         ~[0m
[96msrc/controllers/profile/profile.controller.ts[0m:[93m47[0m:[93m12[0m - [91merror[0m[90m TS1005: [0m',' expected.

[7m47[0m         res.status(200).json(profile);
[7m  [0m [91m           ~[0m
[96msrc/controllers/profile/profile.controller.ts[0m:[93m47[0m:[93m38[0m - [91merror[0m[90m TS1005: [0m',' expected.

[7m47[0m         res.status(200).json(profile);
[7m  [0m [91m                                     ~[0m
[96msrc/controllers/profile/profile.controller.ts[0m:[93m48[0m:[93m9[0m - [91merror[0m[90m TS1005: [0m',' expected.

[7m48[0m       } catch (error) {
[7m  [0m [91m        ~~~~~[0m
[96msrc/controllers/profile/profile.controller.ts[0m:[93m53[0m:[93m1[0m - [91merror[0m[90m TS1128: [0mDeclaration or statement expected.

[7m53[0m }
[7m  [0m [91m~[0m

TSError:  Unable to compile TypeScript:
[96msrc/controllers/profile/profile.controller.ts[0m:[93m15[0m:[93m73[0m - [91merror[0m[90m TS1127: [0mInvalid character.

[7m15[0m     public  createProfile = async(req: Request, res: Response): Promise<\> {
[7m  [0m [91m                                                                        [0m
[96msrc/controllers/profile/profile.controller.ts[0m:[93m15[0m:[93m74[0m - [91merror[0m[90m TS1068: [0mUnexpected token. A constructor, method, accessor, or property was expected.

[7m15[0m     public  createProfile = async(req: Request, res: Response): Promise<\> {
[7m  [0m [91m                                                                         ~[0m
[96msrc/controllers/profile/profile.controller.ts[0m:[93m16[0m:[93m11[0m - [91merror[0m[90m TS1005: [0m':' expected.

[7m16[0m       try {
[7m  [0m [91m          ~[0m
[96msrc/controllers/profile/profile.controller.ts[0m:[93m17[0m:[93m15[0m - [91merror[0m[90m TS1005: [0m':' expected.

[7m17[0m         const profile = await this.profileService.createProfile(req.body);
[7m  [0m [91m              ~~~~~~~[0m
[96msrc/controllers/profile/profile.controller.ts[0m:[93m17[0m:[93m74[0m - [91merror[0m[90m TS1005: [0m',' expected.

[7m17[0m         const profile = await this.profileService.createProfile(req.body);
[7m  [0m [91m                                                                         ~[0m
[96msrc/controllers/profile/profile.controller.ts[0m:[93m18[0m:[93m12[0m - [91merror[0m[90m TS1005: [0m',' expected.

[7m18[0m         res.status(201).json(profile);
[7m  [0m [91m           ~[0m
[96msrc/controllers/profile/profile.controller.ts[0m:[93m18[0m:[93m38[0m - [91merror[0m[90m TS1005: [0m',' expected.

[7m18[0m         res.status(201).json(profile);
[7m  [0m [91m                                     ~[0m
[96msrc/controllers/profile/profile.controller.ts[0m:[93m19[0m:[93m9[0m - [91merror[0m[90m TS1005: [0m',' expected.

[7m19[0m       } catch (error) {
[7m  [0m [91m        ~~~~~[0m
[96msrc/controllers/profile/profile.controller.ts[0m:[93m24[0m:[93m5[0m - [91merror[0m[90m TS1128: [0mDeclaration or statement expected.

[7m24[0m     public async updateProfile(req: Request, res: Response): Promise<void> {
[7m  [0m [91m    ~~~~~~[0m
[96msrc/controllers/profile/profile.controller.ts[0m:[93m24[0m:[93m12[0m - [91merror[0m[90m TS1434: [0mUnexpected keyword or identifier.

[7m24[0m     public async updateProfile(req: Request, res: Response): Promise<void> {
[7m  [0m [91m           ~~~~~[0m
[96msrc/controllers/profile/profile.controller.ts[0m:[93m24[0m:[93m35[0m - [91merror[0m[90m TS1005: [0m',' expected.

[7m24[0m     public async updateProfile(req: Request, res: Response): Promise<void> {
[7m  [0m [91m                                  ~[0m
[96msrc/controllers/profile/profile.controller.ts[0m:[93m24[0m:[93m49[0m - [91merror[0m[90m TS1005: [0m',' expected.

[7m24[0m     public async updateProfile(req: Request, res: Response): Promise<void> {
[7m  [0m [91m                                                ~[0m
[96msrc/controllers/profile/profile.controller.ts[0m:[93m24[0m:[93m60[0m - [91merror[0m[90m TS1005: [0m';' expected.

[7m24[0m     public async updateProfile(req: Request, res: Response): Promise<void> {
[7m  [0m [91m                                                           ~[0m
[96msrc/controllers/profile/profile.controller.ts[0m:[93m24[0m:[93m74[0m - [91merror[0m[90m TS1109: [0mExpression expected.

[7m24[0m     public async updateProfile(req: Request, res: Response): Promise<void> {
[7m  [0m [91m                                                                         ~[0m
[96msrc/controllers/profile/profile.controller.ts[0m:[93m25[0m:[93m11[0m - [91merror[0m[90m TS1005: [0m':' expected.

[7m25[0m       try {
[7m  [0m [91m          ~[0m
[96msrc/controllers/profile/profile.controller.ts[0m:[93m26[0m:[93m15[0m - [91merror[0m[90m TS1005: [0m':' expected.

[7m26[0m         const profile = await this.profileService.updateProfile(req.body);
[7m  [0m [91m              ~~~~~~~[0m
[96msrc/controllers/profile/profile.controller.ts[0m:[93m26[0m:[93m74[0m - [91merror[0m[90m TS1005: [0m',' expected.

[7m26[0m         const profile = await this.profileService.updateProfile(req.body);
[7m  [0m [91m                                                                         ~[0m
[96msrc/controllers/profile/profile.controller.ts[0m:[93m27[0m:[93m12[0m - [91merror[0m[90m TS1005: [0m',' expected.

[7m27[0m         res.status(200).json(profile);
[7m  [0m [91m           ~[0m
[96msrc/controllers/profile/profile.controller.ts[0m:[93m27[0m:[93m38[0m - [91merror[0m[90m TS1005: [0m',' expected.

[7m27[0m         res.status(200).json(profile);
[7m  [0m [91m                                     ~[0m
[96msrc/controllers/profile/profile.controller.ts[0m:[93m28[0m:[93m9[0m - [91merror[0m[90m TS1005: [0m',' expected.

[7m28[0m       } catch (error) {
[7m  [0m [91m        ~~~~~[0m
[96msrc/controllers/profile/profile.controller.ts[0m:[93m33[0m:[93m5[0m - [91merror[0m[90m TS1128: [0mDeclaration or statement expected.

[7m33[0m     public async assignEmployee(req: Request, res: Response): Promise<void> {
[7m  [0m [91m    ~~~~~~[0m
[96msrc/controllers/profile/profile.controller.ts[0m:[93m33[0m:[93m12[0m - [91merror[0m[90m TS1434: [0mUnexpected keyword or identifier.

[7m33[0m     public async assignEmployee(req: Request, res: Response): Promise<void> {
[7m  [0m [91m           ~~~~~[0m
[96msrc/controllers/profile/profile.controller.ts[0m:[93m33[0m:[93m36[0m - [91merror[0m[90m TS1005: [0m',' expected.

[7m33[0m     public async assignEmployee(req: Request, res: Response): Promise<void> {
[7m  [0m [91m                                   ~[0m
[96msrc/controllers/profile/profile.controller.ts[0m:[93m33[0m:[93m50[0m - [91merror[0m[90m TS1005: [0m',' expected.

[7m33[0m     public async assignEmployee(req: Request, res: Response): Promise<void> {
[7m  [0m [91m                                                 ~[0m
[96msrc/controllers/profile/profile.controller.ts[0m:[93m33[0m:[93m61[0m - [91merror[0m[90m TS1005: [0m';' expected.

[7m33[0m     public async assignEmployee(req: Request, res: Response): Promise<void> {
[7m  [0m [91m                                                            ~[0m
[96msrc/controllers/profile/profile.controller.ts[0m:[93m33[0m:[93m75[0m - [91merror[0m[90m TS1109: [0mExpression expected.

[7m33[0m     public async assignEmployee(req: Request, res: Response): Promise<void> {
[7m  [0m [91m                                                                          ~[0m
[96msrc/controllers/profile/profile.controller.ts[0m:[93m34[0m:[93m13[0m - [91merror[0m[90m TS1005: [0m':' expected.

[7m34[0m       const { projectId, employeeId } = req.body;
[7m  [0m [91m            ~[0m
[96msrc/controllers/profile/profile.controller.ts[0m:[93m34[0m:[93m49[0m - [91merror[0m[90m TS1005: [0m',' expected.

[7m34[0m       const { projectId, employeeId } = req.body;
[7m  [0m [91m                                                ~[0m
[96msrc/controllers/profile/profile.controller.ts[0m:[93m35[0m:[93m11[0m - [91merror[0m[90m TS1005: [0m':' expected.

[7m35[0m       try {
[7m  [0m [91m          ~[0m
[96msrc/controllers/profile/profile.controller.ts[0m:[93m36[0m:[93m15[0m - [91merror[0m[90m TS1005: [0m':' expected.

[7m36[0m         const profile = await this.profileService.assignEmployee(+projectId, +employeeId);
[7m  [0m [91m              ~~~~~~~[0m
[96msrc/controllers/profile/profile.controller.ts[0m:[93m36[0m:[93m90[0m - [91merror[0m[90m TS1005: [0m',' expected.

[7m36[0m         const profile = await this.profileService.assignEmployee(+projectId, +employeeId);
[7m  [0m [91m                                                                                         ~[0m
[96msrc/controllers/profile/profile.controller.ts[0m:[93m37[0m:[93m12[0m - [91merror[0m[90m TS1005: [0m',' expected.

[7m37[0m         res.status(200).json(profile);
[7m  [0m [91m           ~[0m
[96msrc/controllers/profile/profile.controller.ts[0m:[93m37[0m:[93m38[0m - [91merror[0m[90m TS1005: [0m',' expected.

[7m37[0m         res.status(200).json(profile);
[7m  [0m [91m                                     ~[0m
[96msrc/controllers/profile/profile.controller.ts[0m:[93m38[0m:[93m9[0m - [91merror[0m[90m TS1005: [0m',' expected.

[7m38[0m       } catch (error) {
[7m  [0m [91m        ~~~~~[0m
[96msrc/controllers/profile/profile.controller.ts[0m:[93m43[0m:[93m5[0m - [91merror[0m[90m TS1128: [0mDeclaration or statement expected.

[7m43[0m     public async removeEmployee(req: Request, res: Response): Promise<void> {
[7m  [0m [91m    ~~~~~~[0m
[96msrc/controllers/profile/profile.controller.ts[0m:[93m43[0m:[93m12[0m - [91merror[0m[90m TS1434: [0mUnexpected keyword or identifier.

[7m43[0m     public async removeEmployee(req: Request, res: Response): Promise<void> {
[7m  [0m [91m           ~~~~~[0m
[96msrc/controllers/profile/profile.controller.ts[0m:[93m43[0m:[93m36[0m - [91merror[0m[90m TS1005: [0m',' expected.

[7m43[0m     public async removeEmployee(req: Request, res: Response): Promise<void> {
[7m  [0m [91m                                   ~[0m
[96msrc/controllers/profile/profile.controller.ts[0m:[93m43[0m:[93m50[0m - [91merror[0m[90m TS1005: [0m',' expected.

[7m43[0m     public async removeEmployee(req: Request, res: Response): Promise<void> {
[7m  [0m [91m                                                 ~[0m
[96msrc/controllers/profile/profile.controller.ts[0m:[93m43[0m:[93m61[0m - [91merror[0m[90m TS1005: [0m';' expected.

[7m43[0m     public async removeEmployee(req: Request, res: Response): Promise<void> {
[7m  [0m [91m                                                            ~[0m
[96msrc/controllers/profile/profile.controller.ts[0m:[93m43[0m:[93m75[0m - [91merror[0m[90m TS1109: [0mExpression expected.

[7m43[0m     public async removeEmployee(req: Request, res: Response): Promise<void> {
[7m  [0m [91m                                                                          ~[0m
[96msrc/controllers/profile/profile.controller.ts[0m:[93m44[0m:[93m13[0m - [91merror[0m[90m TS1005: [0m':' expected.

[7m44[0m       const { projectId, employeeId } = req.body;
[7m  [0m [91m            ~[0m
[96msrc/controllers/profile/profile.controller.ts[0m:[93m44[0m:[93m49[0m - [91merror[0m[90m TS1005: [0m',' expected.

[7m44[0m       const { projectId, employeeId } = req.body;
[7m  [0m [91m                                                ~[0m
[96msrc/controllers/profile/profile.controller.ts[0m:[93m45[0m:[93m11[0m - [91merror[0m[90m TS1005: [0m':' expected.

[7m45[0m       try {
[7m  [0m [91m          ~[0m
[96msrc/controllers/profile/profile.controller.ts[0m:[93m46[0m:[93m15[0m - [91merror[0m[90m TS1005: [0m':' expected.

[7m46[0m         const profile = await this.profileService.removeEmployee(+projectId, +employeeId);
[7m  [0m [91m              ~~~~~~~[0m
[96msrc/controllers/profile/profile.controller.ts[0m:[93m46[0m:[93m90[0m - [91merror[0m[90m TS1005: [0m',' expected.

[7m46[0m         const profile = await this.profileService.removeEmployee(+projectId, +employeeId);
[7m  [0m [91m                                                                                         ~[0m
[96msrc/controllers/profile/profile.controller.ts[0m:[93m47[0m:[93m12[0m - [91merror[0m[90m TS1005: [0m',' expected.

[7m47[0m         res.status(200).json(profile);
[7m  [0m [91m           ~[0m
[96msrc/controllers/profile/profile.controller.ts[0m:[93m47[0m:[93m38[0m - [91merror[0m[90m TS1005: [0m',' expected.

[7m47[0m         res.status(200).json(profile);
[7m  [0m [91m                                     ~[0m
[96msrc/controllers/profile/profile.controller.ts[0m:[93m48[0m:[93m9[0m - [91merror[0m[90m TS1005: [0m',' expected.

[7m48[0m       } catch (error) {
[7m  [0m [91m        ~~~~~[0m
[96msrc/controllers/profile/profile.controller.ts[0m:[93m53[0m:[93m1[0m - [91merror[0m[90m TS1128: [0mDeclaration or statement expected.

[7m53[0m }
[7m  [0m [91m~[0m

    at createTSError (C:\Users\Administrator\Desktop\Projects\BE-Time-Pay-Tracker\node_modules\ts-node\src\index.ts:859:12)
    at reportTSError (C:\Users\Administrator\Desktop\Projects\BE-Time-Pay-Tracker\node_modules\ts-node\src\index.ts:863:19)
    at C:\Users\Administrator\Desktop\Projects\BE-Time-Pay-Tracker\node_modules\ts-node\src\index.ts:1379:34
    at Object.compile (C:\Users\Administrator\Desktop\Projects\BE-Time-Pay-Tracker\node_modules\ts-node\src\index.ts:1458:13)
    at Module.m._compile (C:\Users\Administrator\Desktop\Projects\BE-Time-Pay-Tracker\node_modules\ts-node\src\index.ts:1617:30)
    at node:internal/modules/cjs/loader:1689:10
    at Object.require.extensions.<computed> [as .ts] (C:\Users\Administrator\Desktop\Projects\BE-Time-Pay-Tracker\node_modules\ts-node\src\index.ts:1621:12)
    at Module.load (node:internal/modules/cjs/loader:1318:32)
    at Function._load (node:internal/modules/cjs/loader:1128:12)
    at TracingChannel.traceSync (node:diagnostics_channel:315:14)
2025-03-25 12:54:38 error: uncaughtException:  Unable to compile TypeScript:
[96msrc/controllers/profile/profile.controller.ts[0m:[93m16[0m:[93m83[0m - [91merror[0m[90m TS1005: [0m'=>' expected.

[7m16[0m     public  createProfile = async(req: Request, res: Response): Promise<IProfile> {
[7m  [0m [91m                                                                                  ~[0m

TSError:  Unable to compile TypeScript:
[96msrc/controllers/profile/profile.controller.ts[0m:[93m16[0m:[93m83[0m - [91merror[0m[90m TS1005: [0m'=>' expected.

[7m16[0m     public  createProfile = async(req: Request, res: Response): Promise<IProfile> {
[7m  [0m [91m                                                                                  ~[0m

    at createTSError (C:\Users\Administrator\Desktop\Projects\BE-Time-Pay-Tracker\node_modules\ts-node\src\index.ts:859:12)
    at reportTSError (C:\Users\Administrator\Desktop\Projects\BE-Time-Pay-Tracker\node_modules\ts-node\src\index.ts:863:19)
    at C:\Users\Administrator\Desktop\Projects\BE-Time-Pay-Tracker\node_modules\ts-node\src\index.ts:1379:34
    at Object.compile (C:\Users\Administrator\Desktop\Projects\BE-Time-Pay-Tracker\node_modules\ts-node\src\index.ts:1458:13)
    at Module.m._compile (C:\Users\Administrator\Desktop\Projects\BE-Time-Pay-Tracker\node_modules\ts-node\src\index.ts:1617:30)
    at node:internal/modules/cjs/loader:1689:10
    at Object.require.extensions.<computed> [as .ts] (C:\Users\Administrator\Desktop\Projects\BE-Time-Pay-Tracker\node_modules\ts-node\src\index.ts:1621:12)
    at Module.load (node:internal/modules/cjs/loader:1318:32)
    at Function._load (node:internal/modules/cjs/loader:1128:12)
    at TracingChannel.traceSync (node:diagnostics_channel:315:14)
2025-03-25 12:56:59 error: uncaughtException: Service with "<UNKNOWN_IDENTIFIER>" identifier was not found in the container. Register it before usage via explicitly calling the "Container.set" function or using the "@Service()" decorator.
ServiceNotFoundError: Service with "<UNKNOWN_IDENTIFIER>" identifier was not found in the container. Register it before usage via explicitly calling the "Container.set" function or using the "@Service()" decorator.
    at ContainerInstance.get (C:\Users\Administrator\Desktop\Projects\BE-Time-Pay-Tracker\node_modules\src\container-instance.class.ts:75:11)
    at Function.get (C:\Users\Administrator\Desktop\Projects\BE-Time-Pay-Tracker\node_modules\src\container.class.ts:61:32)
    at new ProfileController (C:\Users\Administrator\Desktop\Projects\BE-Time-Pay-Tracker\src\controllers\profile\profile.controller.ts:11:41)
    at new ProfileRoute (C:\Users\Administrator\Desktop\Projects\BE-Time-Pay-Tracker\src\routes\profile\profile.routes.ts:10:32)
    at Object.<anonymous> (C:\Users\Administrator\Desktop\Projects\BE-Time-Pay-Tracker\src\server.ts:9:55)
    at Module._compile (node:internal/modules/cjs/loader:1546:14)
    at Module.m._compile (C:\Users\Administrator\Desktop\Projects\BE-Time-Pay-Tracker\node_modules\ts-node\src\index.ts:1618:23)
    at node:internal/modules/cjs/loader:1689:10
    at Object.require.extensions.<computed> [as .ts] (C:\Users\Administrator\Desktop\Projects\BE-Time-Pay-Tracker\node_modules\ts-node\src\index.ts:1621:12)
    at Module.load (node:internal/modules/cjs/loader:1318:32)
2025-03-25 12:57:06 error: uncaughtException: Service with "Token<IProfilesService>" identifier was not found in the container. Register it before usage via explicitly calling the "Container.set" function or using the "@Service()" decorator.
ServiceNotFoundError: Service with "Token<IProfilesService>" identifier was not found in the container. Register it before usage via explicitly calling the "Container.set" function or using the "@Service()" decorator.
    at ContainerInstance.get (C:\Users\Administrator\Desktop\Projects\BE-Time-Pay-Tracker\node_modules\src\container-instance.class.ts:75:11)
    at Function.get (C:\Users\Administrator\Desktop\Projects\BE-Time-Pay-Tracker\node_modules\src\container.class.ts:61:32)
    at new ProfileController (C:\Users\Administrator\Desktop\Projects\BE-Time-Pay-Tracker\src\controllers\profile\profile.controller.ts:11:41)
    at new ProfileRoute (C:\Users\Administrator\Desktop\Projects\BE-Time-Pay-Tracker\src\routes\profile\profile.routes.ts:10:32)
    at Object.<anonymous> (C:\Users\Administrator\Desktop\Projects\BE-Time-Pay-Tracker\src\server.ts:9:55)
    at Module._compile (node:internal/modules/cjs/loader:1546:14)
    at Module.m._compile (C:\Users\Administrator\Desktop\Projects\BE-Time-Pay-Tracker\node_modules\ts-node\src\index.ts:1618:23)
    at node:internal/modules/cjs/loader:1689:10
    at Object.require.extensions.<computed> [as .ts] (C:\Users\Administrator\Desktop\Projects\BE-Time-Pay-Tracker\node_modules\ts-node\src\index.ts:1621:12)
    at Module.load (node:internal/modules/cjs/loader:1318:32)
2025-03-25 12:57:08 error: uncaughtException: Service with "Token<IProfilesService>" identifier was not found in the container. Register it before usage via explicitly calling the "Container.set" function or using the "@Service()" decorator.
ServiceNotFoundError: Service with "Token<IProfilesService>" identifier was not found in the container. Register it before usage via explicitly calling the "Container.set" function or using the "@Service()" decorator.
    at ContainerInstance.get (C:\Users\Administrator\Desktop\Projects\BE-Time-Pay-Tracker\node_modules\src\container-instance.class.ts:75:11)
    at Function.get (C:\Users\Administrator\Desktop\Projects\BE-Time-Pay-Tracker\node_modules\src\container.class.ts:61:32)
    at new ProfileController (C:\Users\Administrator\Desktop\Projects\BE-Time-Pay-Tracker\src\controllers\profile\profile.controller.ts:11:41)
    at new ProfileRoute (C:\Users\Administrator\Desktop\Projects\BE-Time-Pay-Tracker\src\routes\profile\profile.routes.ts:10:32)
    at Object.<anonymous> (C:\Users\Administrator\Desktop\Projects\BE-Time-Pay-Tracker\src\server.ts:9:55)
    at Module._compile (node:internal/modules/cjs/loader:1546:14)
    at Module.m._compile (C:\Users\Administrator\Desktop\Projects\BE-Time-Pay-Tracker\node_modules\ts-node\src\index.ts:1618:23)
    at node:internal/modules/cjs/loader:1689:10
    at Object.require.extensions.<computed> [as .ts] (C:\Users\Administrator\Desktop\Projects\BE-Time-Pay-Tracker\node_modules\ts-node\src\index.ts:1621:12)
    at Module.load (node:internal/modules/cjs/loader:1318:32)
2025-03-25 12:57:12 error: uncaughtException: Service with "Token<IProfilesService>" identifier was not found in the container. Register it before usage via explicitly calling the "Container.set" function or using the "@Service()" decorator.
ServiceNotFoundError: Service with "Token<IProfilesService>" identifier was not found in the container. Register it before usage via explicitly calling the "Container.set" function or using the "@Service()" decorator.
    at ContainerInstance.get (C:\Users\Administrator\Desktop\Projects\BE-Time-Pay-Tracker\node_modules\src\container-instance.class.ts:75:11)
    at Function.get (C:\Users\Administrator\Desktop\Projects\BE-Time-Pay-Tracker\node_modules\src\container.class.ts:61:32)
    at new ProfileController (C:\Users\Administrator\Desktop\Projects\BE-Time-Pay-Tracker\src\controllers\profile\profile.controller.ts:11:41)
    at new ProfileRoute (C:\Users\Administrator\Desktop\Projects\BE-Time-Pay-Tracker\src\routes\profile\profile.routes.ts:10:32)
    at Object.<anonymous> (C:\Users\Administrator\Desktop\Projects\BE-Time-Pay-Tracker\src\server.ts:9:55)
    at Module._compile (node:internal/modules/cjs/loader:1546:14)
    at Module.m._compile (C:\Users\Administrator\Desktop\Projects\BE-Time-Pay-Tracker\node_modules\ts-node\src\index.ts:1618:23)
    at node:internal/modules/cjs/loader:1689:10
    at Object.require.extensions.<computed> [as .ts] (C:\Users\Administrator\Desktop\Projects\BE-Time-Pay-Tracker\node_modules\ts-node\src\index.ts:1621:12)
    at Module.load (node:internal/modules/cjs/loader:1318:32)
2025-03-25 12:57:15 error: uncaughtException: Service with "Token<IProfilesService>" identifier was not found in the container. Register it before usage via explicitly calling the "Container.set" function or using the "@Service()" decorator.
ServiceNotFoundError: Service with "Token<IProfilesService>" identifier was not found in the container. Register it before usage via explicitly calling the "Container.set" function or using the "@Service()" decorator.
    at ContainerInstance.get (C:\Users\Administrator\Desktop\Projects\BE-Time-Pay-Tracker\node_modules\src\container-instance.class.ts:75:11)
    at Function.get (C:\Users\Administrator\Desktop\Projects\BE-Time-Pay-Tracker\node_modules\src\container.class.ts:61:32)
    at new ProfileController (C:\Users\Administrator\Desktop\Projects\BE-Time-Pay-Tracker\src\controllers\profile\profile.controller.ts:11:41)
    at new ProfileRoute (C:\Users\Administrator\Desktop\Projects\BE-Time-Pay-Tracker\src\routes\profile\profile.routes.ts:10:32)
    at Object.<anonymous> (C:\Users\Administrator\Desktop\Projects\BE-Time-Pay-Tracker\src\server.ts:9:55)
    at Module._compile (node:internal/modules/cjs/loader:1546:14)
    at Module.m._compile (C:\Users\Administrator\Desktop\Projects\BE-Time-Pay-Tracker\node_modules\ts-node\src\index.ts:1618:23)
    at node:internal/modules/cjs/loader:1689:10
    at Object.require.extensions.<computed> [as .ts] (C:\Users\Administrator\Desktop\Projects\BE-Time-Pay-Tracker\node_modules\ts-node\src\index.ts:1621:12)
    at Module.load (node:internal/modules/cjs/loader:1318:32)
2025-03-25 12:57:19 error: uncaughtException: PROFILE_SERVICE_TOKENS is not defined
ReferenceError: PROFILE_SERVICE_TOKENS is not defined
    at Object.<anonymous> (C:\Users\Administrator\Desktop\Projects\BE-Time-Pay-Tracker\src\services\profile\profile.service.ts:7:16)
    at Module._compile (node:internal/modules/cjs/loader:1546:14)
    at Module.m._compile (C:\Users\Administrator\Desktop\Projects\BE-Time-Pay-Tracker\node_modules\ts-node\src\index.ts:1618:23)
    at node:internal/modules/cjs/loader:1689:10
    at Object.require.extensions.<computed> [as .ts] (C:\Users\Administrator\Desktop\Projects\BE-Time-Pay-Tracker\node_modules\ts-node\src\index.ts:1621:12)
    at Module.load (node:internal/modules/cjs/loader:1318:32)
    at Function._load (node:internal/modules/cjs/loader:1128:12)
    at TracingChannel.traceSync (node:diagnostics_channel:315:14)
    at wrapModuleLoad (node:internal/modules/cjs/loader:218:24)
    at Module.require (node:internal/modules/cjs/loader:1340:12)
2025-03-25 12:57:27 error: uncaughtException: PROFILE_SERVICE_TOKENS is not defined
ReferenceError: PROFILE_SERVICE_TOKENS is not defined
    at App.initializeInterfaces (C:\Users\Administrator\Desktop\Projects\BE-Time-Pay-Tracker\src\app.ts:141:24)
    at new App (C:\Users\Administrator\Desktop\Projects\BE-Time-Pay-Tracker\src\app.ts:40:14)
    at Object.<anonymous> (C:\Users\Administrator\Desktop\Projects\BE-Time-Pay-Tracker\src\server.ts:9:13)
    at Module._compile (node:internal/modules/cjs/loader:1546:14)
    at Module.m._compile (C:\Users\Administrator\Desktop\Projects\BE-Time-Pay-Tracker\node_modules\ts-node\src\index.ts:1618:23)
    at node:internal/modules/cjs/loader:1689:10
    at Object.require.extensions.<computed> [as .ts] (C:\Users\Administrator\Desktop\Projects\BE-Time-Pay-Tracker\node_modules\ts-node\src\index.ts:1621:12)
    at Module.load (node:internal/modules/cjs/loader:1318:32)
    at Function._load (node:internal/modules/cjs/loader:1128:12)
    at TracingChannel.traceSync (node:diagnostics_channel:315:14)
2025-03-25 12:57:41 error: [POST] /api/profiles/createProfile >> StatusCode:: 500, Message:: Cannot read properties of undefined (reading 'createProfile')
2025-03-25 12:58:08 error: uncaughtException: Route.post() requires a callback function but got a [object Undefined]
Error: Route.post() requires a callback function but got a [object Undefined]
    at Route.<computed> [as post] (C:\Users\Administrator\Desktop\Projects\BE-Time-Pay-Tracker\node_modules\express\lib\router\route.js:216:15)
    at Function.proto.<computed> [as post] (C:\Users\Administrator\Desktop\Projects\BE-Time-Pay-Tracker\node_modules\express\lib\router\index.js:521:19)
    at ProfileRoute.initializeRoutes (C:\Users\Administrator\Desktop\Projects\BE-Time-Pay-Tracker\src\routes\profile\profile.routes.ts:18:21)
    at new ProfileRoute (C:\Users\Administrator\Desktop\Projects\BE-Time-Pay-Tracker\src\routes\profile\profile.routes.ts:13:14)
    at Object.<anonymous> (C:\Users\Administrator\Desktop\Projects\BE-Time-Pay-Tracker\src\server.ts:9:55)
    at Module._compile (node:internal/modules/cjs/loader:1546:14)
    at Module.m._compile (C:\Users\Administrator\Desktop\Projects\BE-Time-Pay-Tracker\node_modules\ts-node\src\index.ts:1618:23)
    at node:internal/modules/cjs/loader:1689:10
    at Object.require.extensions.<computed> [as .ts] (C:\Users\Administrator\Desktop\Projects\BE-Time-Pay-Tracker\node_modules\ts-node\src\index.ts:1621:12)
    at Module.load (node:internal/modules/cjs/loader:1318:32)
2025-03-25 12:58:13 error: uncaughtException: Route.post() requires a callback function but got a [object Undefined]
Error: Route.post() requires a callback function but got a [object Undefined]
    at Route.<computed> [as post] (C:\Users\Administrator\Desktop\Projects\BE-Time-Pay-Tracker\node_modules\express\lib\router\route.js:216:15)
    at Function.proto.<computed> [as post] (C:\Users\Administrator\Desktop\Projects\BE-Time-Pay-Tracker\node_modules\express\lib\router\index.js:521:19)
    at ProfileRoute.initializeRoutes (C:\Users\Administrator\Desktop\Projects\BE-Time-Pay-Tracker\src\routes\profile\profile.routes.ts:18:21)
    at new ProfileRoute (C:\Users\Administrator\Desktop\Projects\BE-Time-Pay-Tracker\src\routes\profile\profile.routes.ts:13:14)
    at Object.<anonymous> (C:\Users\Administrator\Desktop\Projects\BE-Time-Pay-Tracker\src\server.ts:9:55)
    at Module._compile (node:internal/modules/cjs/loader:1546:14)
    at Module.m._compile (C:\Users\Administrator\Desktop\Projects\BE-Time-Pay-Tracker\node_modules\ts-node\src\index.ts:1618:23)
    at node:internal/modules/cjs/loader:1689:10
    at Object.require.extensions.<computed> [as .ts] (C:\Users\Administrator\Desktop\Projects\BE-Time-Pay-Tracker\node_modules\ts-node\src\index.ts:1621:12)
    at Module.load (node:internal/modules/cjs/loader:1318:32)
2025-03-25 12:58:18 error: uncaughtException: Route.post() requires a callback function but got a [object Undefined]
Error: Route.post() requires a callback function but got a [object Undefined]
    at Route.<computed> [as post] (C:\Users\Administrator\Desktop\Projects\BE-Time-Pay-Tracker\node_modules\express\lib\router\route.js:216:15)
    at Function.proto.<computed> [as post] (C:\Users\Administrator\Desktop\Projects\BE-Time-Pay-Tracker\node_modules\express\lib\router\index.js:521:19)
    at ProfileRoute.initializeRoutes (C:\Users\Administrator\Desktop\Projects\BE-Time-Pay-Tracker\src\routes\profile\profile.routes.ts:18:21)
    at new ProfileRoute (C:\Users\Administrator\Desktop\Projects\BE-Time-Pay-Tracker\src\routes\profile\profile.routes.ts:13:14)
    at Object.<anonymous> (C:\Users\Administrator\Desktop\Projects\BE-Time-Pay-Tracker\src\server.ts:9:55)
    at Module._compile (node:internal/modules/cjs/loader:1546:14)
    at Module.m._compile (C:\Users\Administrator\Desktop\Projects\BE-Time-Pay-Tracker\node_modules\ts-node\src\index.ts:1618:23)
    at node:internal/modules/cjs/loader:1689:10
    at Object.require.extensions.<computed> [as .ts] (C:\Users\Administrator\Desktop\Projects\BE-Time-Pay-Tracker\node_modules\ts-node\src\index.ts:1621:12)
    at Module.load (node:internal/modules/cjs/loader:1318:32)
2025-03-25 12:58:21 error: uncaughtException: Route.post() requires a callback function but got a [object Undefined]
Error: Route.post() requires a callback function but got a [object Undefined]
    at Route.<computed> [as post] (C:\Users\Administrator\Desktop\Projects\BE-Time-Pay-Tracker\node_modules\express\lib\router\route.js:216:15)
    at Function.proto.<computed> [as post] (C:\Users\Administrator\Desktop\Projects\BE-Time-Pay-Tracker\node_modules\express\lib\router\index.js:521:19)
    at ProfileRoute.initializeRoutes (C:\Users\Administrator\Desktop\Projects\BE-Time-Pay-Tracker\src\routes\profile\profile.routes.ts:18:21)
    at new ProfileRoute (C:\Users\Administrator\Desktop\Projects\BE-Time-Pay-Tracker\src\routes\profile\profile.routes.ts:13:14)
    at Object.<anonymous> (C:\Users\Administrator\Desktop\Projects\BE-Time-Pay-Tracker\src\server.ts:9:55)
    at Module._compile (node:internal/modules/cjs/loader:1546:14)
    at Module.m._compile (C:\Users\Administrator\Desktop\Projects\BE-Time-Pay-Tracker\node_modules\ts-node\src\index.ts:1618:23)
    at node:internal/modules/cjs/loader:1689:10
    at Object.require.extensions.<computed> [as .ts] (C:\Users\Administrator\Desktop\Projects\BE-Time-Pay-Tracker\node_modules\ts-node\src\index.ts:1621:12)
    at Module.load (node:internal/modules/cjs/loader:1318:32)
2025-03-25 12:58:33 error: uncaughtException: Route.put() requires a callback function but got a [object Undefined]
Error: Route.put() requires a callback function but got a [object Undefined]
    at Route.<computed> [as put] (C:\Users\Administrator\Desktop\Projects\BE-Time-Pay-Tracker\node_modules\express\lib\router\route.js:216:15)
    at Function.proto.<computed> [as put] (C:\Users\Administrator\Desktop\Projects\BE-Time-Pay-Tracker\node_modules\express\lib\router\index.js:521:19)
    at ProfileRoute.initializeRoutes (C:\Users\Administrator\Desktop\Projects\BE-Time-Pay-Tracker\src\routes\profile\profile.routes.ts:21:21)
    at new ProfileRoute (C:\Users\Administrator\Desktop\Projects\BE-Time-Pay-Tracker\src\routes\profile\profile.routes.ts:13:14)
    at Object.<anonymous> (C:\Users\Administrator\Desktop\Projects\BE-Time-Pay-Tracker\src\server.ts:9:55)
    at Module._compile (node:internal/modules/cjs/loader:1546:14)
    at Module.m._compile (C:\Users\Administrator\Desktop\Projects\BE-Time-Pay-Tracker\node_modules\ts-node\src\index.ts:1618:23)
    at node:internal/modules/cjs/loader:1689:10
    at Object.require.extensions.<computed> [as .ts] (C:\Users\Administrator\Desktop\Projects\BE-Time-Pay-Tracker\node_modules\ts-node\src\index.ts:1621:12)
    at Module.load (node:internal/modules/cjs/loader:1318:32)
2025-03-25 12:58:37 error: uncaughtException: Route.put() requires a callback function but got a [object Undefined]
Error: Route.put() requires a callback function but got a [object Undefined]
    at Route.<computed> [as put] (C:\Users\Administrator\Desktop\Projects\BE-Time-Pay-Tracker\node_modules\express\lib\router\route.js:216:15)
    at Function.proto.<computed> [as put] (C:\Users\Administrator\Desktop\Projects\BE-Time-Pay-Tracker\node_modules\express\lib\router\index.js:521:19)
    at ProfileRoute.initializeRoutes (C:\Users\Administrator\Desktop\Projects\BE-Time-Pay-Tracker\src\routes\profile\profile.routes.ts:22:21)
    at new ProfileRoute (C:\Users\Administrator\Desktop\Projects\BE-Time-Pay-Tracker\src\routes\profile\profile.routes.ts:13:14)
    at Object.<anonymous> (C:\Users\Administrator\Desktop\Projects\BE-Time-Pay-Tracker\src\server.ts:9:55)
    at Module._compile (node:internal/modules/cjs/loader:1546:14)
    at Module.m._compile (C:\Users\Administrator\Desktop\Projects\BE-Time-Pay-Tracker\node_modules\ts-node\src\index.ts:1618:23)
    at node:internal/modules/cjs/loader:1689:10
    at Object.require.extensions.<computed> [as .ts] (C:\Users\Administrator\Desktop\Projects\BE-Time-Pay-Tracker\node_modules\ts-node\src\index.ts:1621:12)
    at Module.load (node:internal/modules/cjs/loader:1318:32)
2025-03-25 12:58:40 error: uncaughtException: Route.put() requires a callback function but got a [object Undefined]
Error: Route.put() requires a callback function but got a [object Undefined]
    at Route.<computed> [as put] (C:\Users\Administrator\Desktop\Projects\BE-Time-Pay-Tracker\node_modules\express\lib\router\route.js:216:15)
    at Function.proto.<computed> [as put] (C:\Users\Administrator\Desktop\Projects\BE-Time-Pay-Tracker\node_modules\express\lib\router\index.js:521:19)
    at ProfileRoute.initializeRoutes (C:\Users\Administrator\Desktop\Projects\BE-Time-Pay-Tracker\src\routes\profile\profile.routes.ts:23:21)
    at new ProfileRoute (C:\Users\Administrator\Desktop\Projects\BE-Time-Pay-Tracker\src\routes\profile\profile.routes.ts:13:14)
    at Object.<anonymous> (C:\Users\Administrator\Desktop\Projects\BE-Time-Pay-Tracker\src\server.ts:9:55)
    at Module._compile (node:internal/modules/cjs/loader:1546:14)
    at Module.m._compile (C:\Users\Administrator\Desktop\Projects\BE-Time-Pay-Tracker\node_modules\ts-node\src\index.ts:1618:23)
    at node:internal/modules/cjs/loader:1689:10
    at Object.require.extensions.<computed> [as .ts] (C:\Users\Administrator\Desktop\Projects\BE-Time-Pay-Tracker\node_modules\ts-node\src\index.ts:1621:12)
    at Module.load (node:internal/modules/cjs/loader:1318:32)
2025-03-25 12:58:45 error: [POST] /api/profiles/createProfile >> StatusCode:: 500, Message:: Cannot read properties of undefined (reading 'createProfile')
2025-03-25 12:58:47 error: [POST] /api/profiles/createProfile >> StatusCode:: 500, Message:: Cannot read properties of undefined (reading 'createProfile')
2025-03-25 12:59:51 error: [POST] /api/profiles/createProfile >> StatusCode:: 500, Message:: Cannot read properties of undefined (reading 'createProfile')
2025-03-25 12:59:52 error: [POST] /api/profiles/createProfile >> StatusCode:: 500, Message:: Cannot read properties of undefined (reading 'createProfile')
2025-03-25 13:00:18 error: [POST] /api/profiles/createProfile >> StatusCode:: 500, Message:: Cannot read properties of undefined (reading 'createProfile')
2025-03-25 13:00:19 error: [POST] /api/profiles/createProfile >> StatusCode:: 500, Message:: Cannot read properties of undefined (reading 'createProfile')
2025-03-25 13:00:20 error: [POST] /api/profiles/createProfile >> StatusCode:: 500, Message:: Cannot read properties of undefined (reading 'createProfile')
2025-03-25 13:00:21 error: [POST] /api/profiles/createProfile >> StatusCode:: 500, Message:: Cannot read properties of undefined (reading 'createProfile')
2025-03-25 13:01:43 error: [POST] /api/profiles/createProfile >> StatusCode:: 500, Message:: Cannot read properties of undefined (reading 'createProfile')
2025-03-25 13:01:46 error: [POST] /api/profiles/createProfile >> StatusCode:: 500, Message:: Cannot read properties of undefined (reading 'createProfile')
2025-03-25 13:03:48 error: [POST] /api/profiles/createProfile >> StatusCode:: 500, Message:: Cannot read properties of undefined (reading 'CreateProfile')
2025-03-25 13:05:07 error: [POST] /api/profiles/createProfile >> StatusCode:: 500, Message:: Cannot read properties of undefined (reading 'CreateProfile')
2025-03-25 13:05:09 error: [POST] /api/profiles/createProfile >> StatusCode:: 500, Message:: Cannot read properties of undefined (reading 'CreateProfile')
2025-03-25 13:06:58 error: [POST] /api/profiles/createProfile >> StatusCode:: 500, Message:: this.profileService.createdProfile is not a function
2025-03-25 13:08:25 error: [POST] /api/profiles/createProfile >> StatusCode:: 500, Message:: Error creating profile: Cannot read properties of undefined (reading 'createProfile')
2025-03-25 13:08:28 error: [POST] /api/profiles/createProfile >> StatusCode:: 500, Message:: Error creating profile: Cannot read properties of undefined (reading 'createProfile')
2025-03-25 13:08:48 error: uncaughtException: P is not defined
ReferenceError: P is not defined
    at new ProfileController (C:\Users\Administrator\Desktop\Projects\BE-Time-Pay-Tracker\src\controllers\profile\profile.controller.ts:11:45)
    at new ProfileRoute (C:\Users\Administrator\Desktop\Projects\BE-Time-Pay-Tracker\src\routes\profile\profile.routes.ts:10:32)
    at Object.<anonymous> (C:\Users\Administrator\Desktop\Projects\BE-Time-Pay-Tracker\src\server.ts:9:55)
    at Module._compile (node:internal/modules/cjs/loader:1546:14)
    at Module.m._compile (C:\Users\Administrator\Desktop\Projects\BE-Time-Pay-Tracker\node_modules\ts-node\src\index.ts:1618:23)
    at node:internal/modules/cjs/loader:1689:10
    at Object.require.extensions.<computed> [as .ts] (C:\Users\Administrator\Desktop\Projects\BE-Time-Pay-Tracker\node_modules\ts-node\src\index.ts:1621:12)
    at Module.load (node:internal/modules/cjs/loader:1318:32)
    at Function._load (node:internal/modules/cjs/loader:1128:12)
    at TracingChannel.traceSync (node:diagnostics_channel:315:14)
2025-03-25 13:09:38 error: [POST] /api/profiles/createProfile >> StatusCode:: 500, Message:: this.profileService.createdProfile is not a function
2025-03-25 13:09:40 error: [POST] /api/profiles/createProfile >> StatusCode:: 500, Message:: this.profileService.createdProfile is not a function
2025-03-25 13:09:49 error: [POST] /api/profiles/createProfile >> StatusCode:: 500, Message:: Error creating profile: Cannot read properties of undefined (reading 'createProfile')
2025-03-25 13:11:41 error: [PUT] /api/profiles/updateProfile >> StatusCode:: 400, Message:: id must be an integer number
2025-03-25 13:12:13 error: [POST] /api/profiles/createProfile >> StatusCode:: 500, Message:: Error creating profile: Validation error
2025-03-25 13:25:58 error: uncaughtException: Identifier 'UpdateProfileDto' has already been declared
C:\Users\Administrator\Desktop\Projects\BE-Time-Pay-Tracker\src\dots\profile\profile.dto.ts:74
class UpdateProfileDto extends CreateProfileDto {

SyntaxError: Identifier 'UpdateProfileDto' has already been declared
    at wrapSafe (node:internal/modules/cjs/loader:1469:18)
    at Module._compile (node:internal/modules/cjs/loader:1491:20)
    at Module.m._compile (C:\Users\Administrator\Desktop\Projects\BE-Time-Pay-Tracker\node_modules\ts-node\src\index.ts:1618:23)
    at node:internal/modules/cjs/loader:1689:10
    at Object.require.extensions.<computed> [as .ts] (C:\Users\Administrator\Desktop\Projects\BE-Time-Pay-Tracker\node_modules\ts-node\src\index.ts:1621:12)
    at Module.load (node:internal/modules/cjs/loader:1318:32)
    at Function._load (node:internal/modules/cjs/loader:1128:12)
    at TracingChannel.traceSync (node:diagnostics_channel:315:14)
    at wrapModuleLoad (node:internal/modules/cjs/loader:218:24)
    at Module.require (node:internal/modules/cjs/loader:1340:12)
2025-03-25 13:26:55 error: uncaughtException: AssignRemoveEmployee is not defined
ReferenceError: AssignRemoveEmployee is not defined
    at ProfileRoute.initializeRoutes (C:\Users\Administrator\Desktop\Projects\BE-Time-Pay-Tracker\src\routes\profile\profile.routes.ts:24:77)
    at new ProfileRoute (C:\Users\Administrator\Desktop\Projects\BE-Time-Pay-Tracker\src\routes\profile\profile.routes.ts:13:14)
    at Object.<anonymous> (C:\Users\Administrator\Desktop\Projects\BE-Time-Pay-Tracker\src\server.ts:9:55)
    at Module._compile (node:internal/modules/cjs/loader:1546:14)
    at Module.m._compile (C:\Users\Administrator\Desktop\Projects\BE-Time-Pay-Tracker\node_modules\ts-node\src\index.ts:1618:23)
    at node:internal/modules/cjs/loader:1689:10
    at Object.require.extensions.<computed> [as .ts] (C:\Users\Administrator\Desktop\Projects\BE-Time-Pay-Tracker\node_modules\ts-node\src\index.ts:1621:12)
    at Module.load (node:internal/modules/cjs/loader:1318:32)
    at Function._load (node:internal/modules/cjs/loader:1128:12)
    at TracingChannel.traceSync (node:diagnostics_channel:315:14)
2025-03-25 13:31:33 error: uncaughtException:  Unable to compile TypeScript:
[96msrc/controllers/profile/profile.controller.ts[0m:[93m64[0m:[93m43[0m - [91merror[0m[90m TS2809: [0mDeclaration or statement expected. This '=' follows a block of statements, so if you intended to write a destructuring assignment, you might need to wrap the the whole assignment in parentheses.

[7m64[0m             const projectId, employeeId } = req.body;
[7m  [0m [91m                                          ~[0m
[96msrc/controllers/profile/profile.controller.ts[0m:[93m64[0m:[93m45[0m - [91merror[0m[90m TS1472: [0m'catch' or 'finally' expected.

[7m64[0m             const projectId, employeeId } = req.body;
[7m  [0m [91m                                            ~~~[0m
[96msrc/controllers/profile/profile.controller.ts[0m:[93m73[0m:[93m11[0m - [91merror[0m[90m TS1005: [0m';' expected.

[7m73[0m         } catch (error) {
[7m  [0m [91m          ~~~~~[0m
[96msrc/controllers/profile/profile.controller.ts[0m:[93m78[0m:[93m5[0m - [91merror[0m[90m TS1128: [0mDeclaration or statement expected.

[7m78[0m     public GetProfileByUserId = async (req: RequestWithUser, res: Response, next: NextFunction) => {
[7m  [0m [91m    ~~~~~~[0m
[96msrc/controllers/profile/profile.controller.ts[0m:[93m93[0m:[93m5[0m - [91merror[0m[90m TS1128: [0mDeclaration or statement expected.

[7m93[0m     public GetAllProfiles = async (_req: Request, res: Response, next: NextFunction) => {
[7m  [0m [91m    ~~~~~~[0m
[96msrc/controllers/profile/profile.controller.ts[0m:[93m106[0m:[93m1[0m - [91merror[0m[90m TS1128: [0mDeclaration or statement expected.

[7m106[0m }
[7m   [0m [91m~[0m

TSError:  Unable to compile TypeScript:
[96msrc/controllers/profile/profile.controller.ts[0m:[93m64[0m:[93m43[0m - [91merror[0m[90m TS2809: [0mDeclaration or statement expected. This '=' follows a block of statements, so if you intended to write a destructuring assignment, you might need to wrap the the whole assignment in parentheses.

[7m64[0m             const projectId, employeeId } = req.body;
[7m  [0m [91m                                          ~[0m
[96msrc/controllers/profile/profile.controller.ts[0m:[93m64[0m:[93m45[0m - [91merror[0m[90m TS1472: [0m'catch' or 'finally' expected.

[7m64[0m             const projectId, employeeId } = req.body;
[7m  [0m [91m                                            ~~~[0m
[96msrc/controllers/profile/profile.controller.ts[0m:[93m73[0m:[93m11[0m - [91merror[0m[90m TS1005: [0m';' expected.

[7m73[0m         } catch (error) {
[7m  [0m [91m          ~~~~~[0m
[96msrc/controllers/profile/profile.controller.ts[0m:[93m78[0m:[93m5[0m - [91merror[0m[90m TS1128: [0mDeclaration or statement expected.

[7m78[0m     public GetProfileByUserId = async (req: RequestWithUser, res: Response, next: NextFunction) => {
[7m  [0m [91m    ~~~~~~[0m
[96msrc/controllers/profile/profile.controller.ts[0m:[93m93[0m:[93m5[0m - [91merror[0m[90m TS1128: [0mDeclaration or statement expected.

[7m93[0m     public GetAllProfiles = async (_req: Request, res: Response, next: NextFunction) => {
[7m  [0m [91m    ~~~~~~[0m
[96msrc/controllers/profile/profile.controller.ts[0m:[93m106[0m:[93m1[0m - [91merror[0m[90m TS1128: [0mDeclaration or statement expected.

[7m106[0m }
[7m   [0m [91m~[0m

    at createTSError (C:\Users\Administrator\Desktop\Projects\BE-Time-Pay-Tracker\node_modules\ts-node\src\index.ts:859:12)
    at reportTSError (C:\Users\Administrator\Desktop\Projects\BE-Time-Pay-Tracker\node_modules\ts-node\src\index.ts:863:19)
    at C:\Users\Administrator\Desktop\Projects\BE-Time-Pay-Tracker\node_modules\ts-node\src\index.ts:1379:34
    at Object.compile (C:\Users\Administrator\Desktop\Projects\BE-Time-Pay-Tracker\node_modules\ts-node\src\index.ts:1458:13)
    at Module.m._compile (C:\Users\Administrator\Desktop\Projects\BE-Time-Pay-Tracker\node_modules\ts-node\src\index.ts:1617:30)
    at node:internal/modules/cjs/loader:1689:10
    at Object.require.extensions.<computed> [as .ts] (C:\Users\Administrator\Desktop\Projects\BE-Time-Pay-Tracker\node_modules\ts-node\src\index.ts:1621:12)
    at Module.load (node:internal/modules/cjs/loader:1318:32)
    at Function._load (node:internal/modules/cjs/loader:1128:12)
    at TracingChannel.traceSync (node:diagnostics_channel:315:14)
2025-03-25 13:34:08 error: uncaughtException:  Unable to compile TypeScript:
[96msrc/routes/profile/profile.routes.ts[0m:[93m18[0m:[93m61[0m - [91merror[0m[90m TS1005: [0m',' expected.

[7m18[0m         this.router.post(`${this.path}/createProfile`,authe ValidationMiddleware(CreateProfileDto), this.profileController.CreateProfile);
[7m  [0m [91m                                                            ~~~~~~~~~~~~~~~~~~~~[0m

TSError:  Unable to compile TypeScript:
[96msrc/routes/profile/profile.routes.ts[0m:[93m18[0m:[93m61[0m - [91merror[0m[90m TS1005: [0m',' expected.

[7m18[0m         this.router.post(`${this.path}/createProfile`,authe ValidationMiddleware(CreateProfileDto), this.profileController.CreateProfile);
[7m  [0m [91m                                                            ~~~~~~~~~~~~~~~~~~~~[0m

    at createTSError (C:\Users\Administrator\Desktop\Projects\BE-Time-Pay-Tracker\node_modules\ts-node\src\index.ts:859:12)
    at reportTSError (C:\Users\Administrator\Desktop\Projects\BE-Time-Pay-Tracker\node_modules\ts-node\src\index.ts:863:19)
    at C:\Users\Administrator\Desktop\Projects\BE-Time-Pay-Tracker\node_modules\ts-node\src\index.ts:1379:34
    at Object.compile (C:\Users\Administrator\Desktop\Projects\BE-Time-Pay-Tracker\node_modules\ts-node\src\index.ts:1458:13)
    at Module.m._compile (C:\Users\Administrator\Desktop\Projects\BE-Time-Pay-Tracker\node_modules\ts-node\src\index.ts:1617:30)
    at node:internal/modules/cjs/loader:1689:10
    at Object.require.extensions.<computed> [as .ts] (C:\Users\Administrator\Desktop\Projects\BE-Time-Pay-Tracker\node_modules\ts-node\src\index.ts:1621:12)
    at Module.load (node:internal/modules/cjs/loader:1318:32)
    at Function._load (node:internal/modules/cjs/loader:1128:12)
    at TracingChannel.traceSync (node:diagnostics_channel:315:14)
2025-03-25 13:34:21 error: uncaughtException:  Unable to compile TypeScript:
[96msrc/routes/profile/profile.routes.ts[0m:[93m18[0m:[93m60[0m - [91merror[0m[90m TS1005: [0m',' expected.

[7m18[0m         this.router.post(`${this.path}/createProfile`,auth ValidationMiddleware(CreateProfileDto), this.profileController.CreateProfile);
[7m  [0m [91m                                                           ~~~~~~~~~~~~~~~~~~~~[0m

TSError:  Unable to compile TypeScript:
[96msrc/routes/profile/profile.routes.ts[0m:[93m18[0m:[93m60[0m - [91merror[0m[90m TS1005: [0m',' expected.

[7m18[0m         this.router.post(`${this.path}/createProfile`,auth ValidationMiddleware(CreateProfileDto), this.profileController.CreateProfile);
[7m  [0m [91m                                                           ~~~~~~~~~~~~~~~~~~~~[0m

    at createTSError (C:\Users\Administrator\Desktop\Projects\BE-Time-Pay-Tracker\node_modules\ts-node\src\index.ts:859:12)
    at reportTSError (C:\Users\Administrator\Desktop\Projects\BE-Time-Pay-Tracker\node_modules\ts-node\src\index.ts:863:19)
    at C:\Users\Administrator\Desktop\Projects\BE-Time-Pay-Tracker\node_modules\ts-node\src\index.ts:1379:34
    at Object.compile (C:\Users\Administrator\Desktop\Projects\BE-Time-Pay-Tracker\node_modules\ts-node\src\index.ts:1458:13)
    at Module.m._compile (C:\Users\Administrator\Desktop\Projects\BE-Time-Pay-Tracker\node_modules\ts-node\src\index.ts:1617:30)
    at node:internal/modules/cjs/loader:1689:10
    at Object.require.extensions.<computed> [as .ts] (C:\Users\Administrator\Desktop\Projects\BE-Time-Pay-Tracker\node_modules\ts-node\src\index.ts:1621:12)
    at Module.load (node:internal/modules/cjs/loader:1318:32)
    at Function._load (node:internal/modules/cjs/loader:1128:12)
    at TracingChannel.traceSync (node:diagnostics_channel:315:14)
2025-03-25 13:34:24 error: uncaughtException:  Unable to compile TypeScript:
[96msrc/routes/profile/profile.routes.ts[0m:[93m19[0m:[93m79[0m - [91merror[0m[90m TS1005: [0m',' expected.

[7m19[0m         this.router.post(`${this.path}/createProfile`,authorizationMiddleware ValidationMiddleware(CreateProfileDto), this.profileController.CreateProfile);
[7m  [0m [91m                                                                              ~~~~~~~~~~~~~~~~~~~~[0m

TSError:  Unable to compile TypeScript:
[96msrc/routes/profile/profile.routes.ts[0m:[93m19[0m:[93m79[0m - [91merror[0m[90m TS1005: [0m',' expected.

[7m19[0m         this.router.post(`${this.path}/createProfile`,authorizationMiddleware ValidationMiddleware(CreateProfileDto), this.profileController.CreateProfile);
[7m  [0m [91m                                                                              ~~~~~~~~~~~~~~~~~~~~[0m

    at createTSError (C:\Users\Administrator\Desktop\Projects\BE-Time-Pay-Tracker\node_modules\ts-node\src\index.ts:859:12)
    at reportTSError (C:\Users\Administrator\Desktop\Projects\BE-Time-Pay-Tracker\node_modules\ts-node\src\index.ts:863:19)
    at C:\Users\Administrator\Desktop\Projects\BE-Time-Pay-Tracker\node_modules\ts-node\src\index.ts:1379:34
    at Object.compile (C:\Users\Administrator\Desktop\Projects\BE-Time-Pay-Tracker\node_modules\ts-node\src\index.ts:1458:13)
    at Module.m._compile (C:\Users\Administrator\Desktop\Projects\BE-Time-Pay-Tracker\node_modules\ts-node\src\index.ts:1617:30)
    at node:internal/modules/cjs/loader:1689:10
    at Object.require.extensions.<computed> [as .ts] (C:\Users\Administrator\Desktop\Projects\BE-Time-Pay-Tracker\node_modules\ts-node\src\index.ts:1621:12)
    at Module.load (node:internal/modules/cjs/loader:1318:32)
    at Function._load (node:internal/modules/cjs/loader:1128:12)
    at TracingChannel.traceSync (node:diagnostics_channel:315:14)
2025-03-25 13:35:24 error: uncaughtException: authorizationMiddleware is not defined
ReferenceError: authorizationMiddleware is not defined
    at ProjectRoute.initializeRoutes (C:\Users\Administrator\Desktop\Projects\BE-Time-Pay-Tracker\src\routes\project\project.routes.ts:17:55)
    at new ProjectRoute (C:\Users\Administrator\Desktop\Projects\BE-Time-Pay-Tracker\src\routes\project\project.routes.ts:13:14)
    at Object.<anonymous> (C:\Users\Administrator\Desktop\Projects\BE-Time-Pay-Tracker\src\server.ts:9:37)
    at Module._compile (node:internal/modules/cjs/loader:1546:14)
    at Module.m._compile (C:\Users\Administrator\Desktop\Projects\BE-Time-Pay-Tracker\node_modules\ts-node\src\index.ts:1618:23)
    at node:internal/modules/cjs/loader:1689:10
    at Object.require.extensions.<computed> [as .ts] (C:\Users\Administrator\Desktop\Projects\BE-Time-Pay-Tracker\node_modules\ts-node\src\index.ts:1621:12)
    at Module.load (node:internal/modules/cjs/loader:1318:32)
    at Function._load (node:internal/modules/cjs/loader:1128:12)
    at TracingChannel.traceSync (node:diagnostics_channel:315:14)
2025-03-25 13:59:27 error: uncaughtException: Service is not defined
ReferenceError: Service is not defined
    at App.initializeInterfaces (C:\Users\Administrator\Desktop\Projects\BE-Time-Pay-Tracker\src\app.ts:144:24)
    at new App (C:\Users\Administrator\Desktop\Projects\BE-Time-Pay-Tracker\src\app.ts:41:14)
    at Object.<anonymous> (C:\Users\Administrator\Desktop\Projects\BE-Time-Pay-Tracker\src\server.ts:9:13)
    at Module._compile (node:internal/modules/cjs/loader:1546:14)
    at Module.m._compile (C:\Users\Administrator\Desktop\Projects\BE-Time-Pay-Tracker\node_modules\ts-node\src\index.ts:1618:23)
    at node:internal/modules/cjs/loader:1689:10
    at Object.require.extensions.<computed> [as .ts] (C:\Users\Administrator\Desktop\Projects\BE-Time-Pay-Tracker\node_modules\ts-node\src\index.ts:1621:12)
    at Module.load (node:internal/modules/cjs/loader:1318:32)
    at Function._load (node:internal/modules/cjs/loader:1128:12)
    at TracingChannel.traceSync (node:diagnostics_channel:315:14)
2025-03-25 14:01:02 error: uncaughtException: TimesheetRoute is not defined
ReferenceError: TimesheetRoute is not defined
    at Object.<anonymous> (C:\Users\Administrator\Desktop\Projects\BE-Time-Pay-Tracker\src\server.ts:10:76)
    at Module._compile (node:internal/modules/cjs/loader:1546:14)
    at Module.m._compile (C:\Users\Administrator\Desktop\Projects\BE-Time-Pay-Tracker\node_modules\ts-node\src\index.ts:1618:23)
    at node:internal/modules/cjs/loader:1689:10
    at Object.require.extensions.<computed> [as .ts] (C:\Users\Administrator\Desktop\Projects\BE-Time-Pay-Tracker\node_modules\ts-node\src\index.ts:1621:12)
    at Module.load (node:internal/modules/cjs/loader:1318:32)
    at Function._load (node:internal/modules/cjs/loader:1128:12)
    at TracingChannel.traceSync (node:diagnostics_channel:315:14)
    at wrapModuleLoad (node:internal/modules/cjs/loader:218:24)
    at Function.executeUserEntryPoint [as runMain] (node:internal/modules/run_main:170:5)
2025-03-25 22:22:05 error: uncaughtException: his is not defined
ReferenceError: his is not defined
    at new App (C:\Users\Administrator\Desktop\Projects\eltek-timer-pay-backend\src\app.ts:45:9)
    at Object.<anonymous> (C:\Users\Administrator\Desktop\Projects\eltek-timer-pay-backend\src\server.ts:13:13)
    at Module._compile (node:internal/modules/cjs/loader:1546:14)
    at Module.m._compile (C:\Users\Administrator\Desktop\Projects\eltek-timer-pay-backend\node_modules\ts-node\src\index.ts:1618:23)
    at node:internal/modules/cjs/loader:1689:10
    at Object.require.extensions.<computed> [as .ts] (C:\Users\Administrator\Desktop\Projects\eltek-timer-pay-backend\node_modules\ts-node\src\index.ts:1621:12)
    at Module.load (node:internal/modules/cjs/loader:1318:32)
    at Function._load (node:internal/modules/cjs/loader:1128:12)
    at TracingChannel.traceSync (node:diagnostics_channel:315:14)
    at wrapModuleLoad (node:internal/modules/cjs/loader:218:24)
2025-03-25 22:22:14 error: uncaughtException: storeClient is not set
Error: storeClient is not set
    at RateLimiterRedis.set client [as client] (C:\Users\Administrator\Desktop\Projects\eltek-timer-pay-backend\node_modules\rate-limiter-flexible\lib\RateLimiterStoreAbstract.js:31:13)
    at new RateLimiterRedis (C:\Users\Administrator\Desktop\Projects\eltek-timer-pay-backend\node_modules\rate-limiter-flexible\lib\RateLimiterRedis.js:27:17)
    at new App (C:\Users\Administrator\Desktop\Projects\eltek-timer-pay-backend\src\app.ts:127:27)
    at Object.<anonymous> (C:\Users\Administrator\Desktop\Projects\eltek-timer-pay-backend\src\server.ts:13:13)
    at Module._compile (node:internal/modules/cjs/loader:1546:14)
    at Module.m._compile (C:\Users\Administrator\Desktop\Projects\eltek-timer-pay-backend\node_modules\ts-node\src\index.ts:1618:23)
    at node:internal/modules/cjs/loader:1689:10
    at Object.require.extensions.<computed> [as .ts] (C:\Users\Administrator\Desktop\Projects\eltek-timer-pay-backend\node_modules\ts-node\src\index.ts:1621:12)
    at Module.load (node:internal/modules/cjs/loader:1318:32)
    at Function._load (node:internal/modules/cjs/loader:1128:12)
2025-03-25 22:22:17 error: uncaughtException: storeClient is not set
Error: storeClient is not set
    at RateLimiterRedis.set client [as client] (C:\Users\Administrator\Desktop\Projects\eltek-timer-pay-backend\node_modules\rate-limiter-flexible\lib\RateLimiterStoreAbstract.js:31:13)
    at new RateLimiterRedis (C:\Users\Administrator\Desktop\Projects\eltek-timer-pay-backend\node_modules\rate-limiter-flexible\lib\RateLimiterRedis.js:27:17)
    at new App (C:\Users\Administrator\Desktop\Projects\eltek-timer-pay-backend\src\app.ts:127:27)
    at Object.<anonymous> (C:\Users\Administrator\Desktop\Projects\eltek-timer-pay-backend\src\server.ts:13:13)
    at Module._compile (node:internal/modules/cjs/loader:1546:14)
    at Module.m._compile (C:\Users\Administrator\Desktop\Projects\eltek-timer-pay-backend\node_modules\ts-node\src\index.ts:1618:23)
    at node:internal/modules/cjs/loader:1689:10
    at Object.require.extensions.<computed> [as .ts] (C:\Users\Administrator\Desktop\Projects\eltek-timer-pay-backend\node_modules\ts-node\src\index.ts:1621:12)
    at Module.load (node:internal/modules/cjs/loader:1318:32)
    at Function._load (node:internal/modules/cjs/loader:1128:12)
2025-03-25 22:22:57 error: uncaughtException: Stream isn't writeable and enableOfflineQueue options is false
Error: Stream isn't writeable and enableOfflineQueue options is false
    at EventEmitter.sendCommand (C:\Users\Administrator\Desktop\Projects\eltek-timer-pay-backend\node_modules\ioredis\built\Redis.js:362:32)
    at EventEmitter.<anonymous> (C:\Users\Administrator\Desktop\Projects\eltek-timer-pay-backend\node_modules\ioredis\built\utils\Commander.js:90:25)
    at RedisStore.sendCommand (C:\Users\Administrator\Desktop\Projects\eltek-timer-pay-backend\src\app.ts:148:51)
    at RedisStore.loadIncrementScript (C:\Users\Administrator\Desktop\Projects\eltek-timer-pay-backend\node_modules\rate-limit-redis\dist\index.cjs:80:31)
    at new RedisStore (C:\Users\Administrator\Desktop\Projects\eltek-timer-pay-backend\node_modules\rate-limit-redis\dist\index.cjs:73:36)
    at App.initializeRateLimiter (C:\Users\Administrator\Desktop\Projects\eltek-timer-pay-backend\src\app.ts:146:20)
    at new App (C:\Users\Administrator\Desktop\Projects\eltek-timer-pay-backend\src\app.ts:67:14)
    at Object.<anonymous> (C:\Users\Administrator\Desktop\Projects\eltek-timer-pay-backend\src\server.ts:13:13)
    at Module._compile (node:internal/modules/cjs/loader:1546:14)
    at Module.m._compile (C:\Users\Administrator\Desktop\Projects\eltek-timer-pay-backend\node_modules\ts-node\src\index.ts:1618:23)
2025-03-25 22:22:57 error: uncaughtException: Stream isn't writeable and enableOfflineQueue options is false
Error: Stream isn't writeable and enableOfflineQueue options is false
    at EventEmitter.sendCommand (C:\Users\Administrator\Desktop\Projects\eltek-timer-pay-backend\node_modules\ioredis\built\Redis.js:362:32)
    at EventEmitter.<anonymous> (C:\Users\Administrator\Desktop\Projects\eltek-timer-pay-backend\node_modules\ioredis\built\utils\Commander.js:90:25)
    at RedisStore.sendCommand (C:\Users\Administrator\Desktop\Projects\eltek-timer-pay-backend\src\app.ts:148:51)
    at RedisStore.loadGetScript (C:\Users\Administrator\Desktop\Projects\eltek-timer-pay-backend\node_modules\rate-limit-redis\dist\index.cjs:90:31)
    at new RedisStore (C:\Users\Administrator\Desktop\Projects\eltek-timer-pay-backend\node_modules\rate-limit-redis\dist\index.cjs:74:30)
    at App.initializeRateLimiter (C:\Users\Administrator\Desktop\Projects\eltek-timer-pay-backend\src\app.ts:146:20)
    at new App (C:\Users\Administrator\Desktop\Projects\eltek-timer-pay-backend\src\app.ts:67:14)
    at Object.<anonymous> (C:\Users\Administrator\Desktop\Projects\eltek-timer-pay-backend\src\server.ts:13:13)
    at Module._compile (node:internal/modules/cjs/loader:1546:14)
    at Module.m._compile (C:\Users\Administrator\Desktop\Projects\eltek-timer-pay-backend\node_modules\ts-node\src\index.ts:1618:23)
2025-03-25 22:23:17 error: uncaughtException: Stream isn't writeable and enableOfflineQueue options is false
Error: Stream isn't writeable and enableOfflineQueue options is false
    at EventEmitter.sendCommand (C:\Users\Administrator\Desktop\Projects\eltek-timer-pay-backend\node_modules\ioredis\built\Redis.js:362:32)
    at EventEmitter.<anonymous> (C:\Users\Administrator\Desktop\Projects\eltek-timer-pay-backend\node_modules\ioredis\built\utils\Commander.js:90:25)
    at RedisStore.sendCommand (C:\Users\Administrator\Desktop\Projects\eltek-timer-pay-backend\src\app.ts:149:51)
    at RedisStore.loadIncrementScript (C:\Users\Administrator\Desktop\Projects\eltek-timer-pay-backend\node_modules\rate-limit-redis\dist\index.cjs:80:31)
    at new RedisStore (C:\Users\Administrator\Desktop\Projects\eltek-timer-pay-backend\node_modules\rate-limit-redis\dist\index.cjs:73:36)
    at App.initializeRateLimiter (C:\Users\Administrator\Desktop\Projects\eltek-timer-pay-backend\src\app.ts:147:20)
    at new App (C:\Users\Administrator\Desktop\Projects\eltek-timer-pay-backend\src\app.ts:68:14)
    at Object.<anonymous> (C:\Users\Administrator\Desktop\Projects\eltek-timer-pay-backend\src\server.ts:13:13)
    at Module._compile (node:internal/modules/cjs/loader:1546:14)
    at Module.m._compile (C:\Users\Administrator\Desktop\Projects\eltek-timer-pay-backend\node_modules\ts-node\src\index.ts:1618:23)
2025-03-25 22:23:17 error: uncaughtException: Stream isn't writeable and enableOfflineQueue options is false
Error: Stream isn't writeable and enableOfflineQueue options is false
    at EventEmitter.sendCommand (C:\Users\Administrator\Desktop\Projects\eltek-timer-pay-backend\node_modules\ioredis\built\Redis.js:362:32)
    at EventEmitter.<anonymous> (C:\Users\Administrator\Desktop\Projects\eltek-timer-pay-backend\node_modules\ioredis\built\utils\Commander.js:90:25)
    at RedisStore.sendCommand (C:\Users\Administrator\Desktop\Projects\eltek-timer-pay-backend\src\app.ts:149:51)
    at RedisStore.loadGetScript (C:\Users\Administrator\Desktop\Projects\eltek-timer-pay-backend\node_modules\rate-limit-redis\dist\index.cjs:90:31)
    at new RedisStore (C:\Users\Administrator\Desktop\Projects\eltek-timer-pay-backend\node_modules\rate-limit-redis\dist\index.cjs:74:30)
    at App.initializeRateLimiter (C:\Users\Administrator\Desktop\Projects\eltek-timer-pay-backend\src\app.ts:147:20)
    at new App (C:\Users\Administrator\Desktop\Projects\eltek-timer-pay-backend\src\app.ts:68:14)
    at Object.<anonymous> (C:\Users\Administrator\Desktop\Projects\eltek-timer-pay-backend\src\server.ts:13:13)
    at Module._compile (node:internal/modules/cjs/loader:1546:14)
    at Module.m._compile (C:\Users\Administrator\Desktop\Projects\eltek-timer-pay-backend\node_modules\ts-node\src\index.ts:1618:23)
2025-03-25 22:23:30 error: uncaughtException: Stream isn't writeable and enableOfflineQueue options is false
Error: Stream isn't writeable and enableOfflineQueue options is false
    at EventEmitter.sendCommand (C:\Users\Administrator\Desktop\Projects\eltek-timer-pay-backend\node_modules\ioredis\built\Redis.js:362:32)
    at EventEmitter.<anonymous> (C:\Users\Administrator\Desktop\Projects\eltek-timer-pay-backend\node_modules\ioredis\built\utils\Commander.js:90:25)
    at RedisStore.sendCommand (C:\Users\Administrator\Desktop\Projects\eltek-timer-pay-backend\src\app.ts:148:51)
    at RedisStore.loadIncrementScript (C:\Users\Administrator\Desktop\Projects\eltek-timer-pay-backend\node_modules\rate-limit-redis\dist\index.cjs:80:31)
    at new RedisStore (C:\Users\Administrator\Desktop\Projects\eltek-timer-pay-backend\node_modules\rate-limit-redis\dist\index.cjs:73:36)
    at App.initializeRateLimiter (C:\Users\Administrator\Desktop\Projects\eltek-timer-pay-backend\src\app.ts:146:20)
    at new App (C:\Users\Administrator\Desktop\Projects\eltek-timer-pay-backend\src\app.ts:67:14)
    at Object.<anonymous> (C:\Users\Administrator\Desktop\Projects\eltek-timer-pay-backend\src\server.ts:13:13)
    at Module._compile (node:internal/modules/cjs/loader:1546:14)
    at Module.m._compile (C:\Users\Administrator\Desktop\Projects\eltek-timer-pay-backend\node_modules\ts-node\src\index.ts:1618:23)
2025-03-25 22:23:30 error: uncaughtException: Stream isn't writeable and enableOfflineQueue options is false
Error: Stream isn't writeable and enableOfflineQueue options is false
    at EventEmitter.sendCommand (C:\Users\Administrator\Desktop\Projects\eltek-timer-pay-backend\node_modules\ioredis\built\Redis.js:362:32)
    at EventEmitter.<anonymous> (C:\Users\Administrator\Desktop\Projects\eltek-timer-pay-backend\node_modules\ioredis\built\utils\Commander.js:90:25)
    at RedisStore.sendCommand (C:\Users\Administrator\Desktop\Projects\eltek-timer-pay-backend\src\app.ts:148:51)
    at RedisStore.loadGetScript (C:\Users\Administrator\Desktop\Projects\eltek-timer-pay-backend\node_modules\rate-limit-redis\dist\index.cjs:90:31)
    at new RedisStore (C:\Users\Administrator\Desktop\Projects\eltek-timer-pay-backend\node_modules\rate-limit-redis\dist\index.cjs:74:30)
    at App.initializeRateLimiter (C:\Users\Administrator\Desktop\Projects\eltek-timer-pay-backend\src\app.ts:146:20)
    at new App (C:\Users\Administrator\Desktop\Projects\eltek-timer-pay-backend\src\app.ts:67:14)
    at Object.<anonymous> (C:\Users\Administrator\Desktop\Projects\eltek-timer-pay-backend\src\server.ts:13:13)
    at Module._compile (node:internal/modules/cjs/loader:1546:14)
    at Module.m._compile (C:\Users\Administrator\Desktop\Projects\eltek-timer-pay-backend\node_modules\ts-node\src\index.ts:1618:23)
2025-03-25 22:31:51 error: uncaughtException: storeClient is not set
Error: storeClient is not set
    at RateLimiterRedis.set client [as client] (C:\Users\Administrator\Desktop\Projects\eltek-timer-pay-backend\node_modules\rate-limiter-flexible\lib\RateLimiterStoreAbstract.js:31:13)
    at new RateLimiterRedis (C:\Users\Administrator\Desktop\Projects\eltek-timer-pay-backend\node_modules\rate-limiter-flexible\lib\RateLimiterRedis.js:27:17)
    at new App (C:\Users\Administrator\Desktop\Projects\eltek-timer-pay-backend\src\app.ts:102:27)
    at Object.<anonymous> (C:\Users\Administrator\Desktop\Projects\eltek-timer-pay-backend\src\server.ts:13:13)
    at Module._compile (node:internal/modules/cjs/loader:1546:14)
    at Module.m._compile (C:\Users\Administrator\Desktop\Projects\eltek-timer-pay-backend\node_modules\ts-node\src\index.ts:1618:23)
    at node:internal/modules/cjs/loader:1689:10
    at Object.require.extensions.<computed> [as .ts] (C:\Users\Administrator\Desktop\Projects\eltek-timer-pay-backend\node_modules\ts-node\src\index.ts:1621:12)
    at Module.load (node:internal/modules/cjs/loader:1318:32)
    at Function._load (node:internal/modules/cjs/loader:1128:12)
2025-03-25 22:32:51 error: uncaughtException: storeClient is not set
Error: storeClient is not set
    at RateLimiterRedis.set client [as client] (C:\Users\Administrator\Desktop\Projects\eltek-timer-pay-backend\node_modules\rate-limiter-flexible\lib\RateLimiterStoreAbstract.js:31:13)
    at new RateLimiterRedis (C:\Users\Administrator\Desktop\Projects\eltek-timer-pay-backend\node_modules\rate-limiter-flexible\lib\RateLimiterRedis.js:27:17)
    at new App (C:\Users\Administrator\Desktop\Projects\eltek-timer-pay-backend\src\app.ts:102:27)
    at Object.<anonymous> (C:\Users\Administrator\Desktop\Projects\eltek-timer-pay-backend\src\server.ts:13:13)
    at Module._compile (node:internal/modules/cjs/loader:1546:14)
    at Module.m._compile (C:\Users\Administrator\Desktop\Projects\eltek-timer-pay-backend\node_modules\ts-node\src\index.ts:1618:23)
    at node:internal/modules/cjs/loader:1689:10
    at Object.require.extensions.<computed> [as .ts] (C:\Users\Administrator\Desktop\Projects\eltek-timer-pay-backend\node_modules\ts-node\src\index.ts:1621:12)
    at Module.load (node:internal/modules/cjs/loader:1318:32)
    at Function._load (node:internal/modules/cjs/loader:1128:12)
2025-03-25 22:33:31 error: uncaughtException: storeClient is not set
Error: storeClient is not set
    at RateLimiterRedis.set client [as client] (C:\Users\Administrator\Desktop\Projects\eltek-timer-pay-backend\node_modules\rate-limiter-flexible\lib\RateLimiterStoreAbstract.js:31:13)
    at new RateLimiterRedis (C:\Users\Administrator\Desktop\Projects\eltek-timer-pay-backend\node_modules\rate-limiter-flexible\lib\RateLimiterRedis.js:27:17)
    at new App (C:\Users\Administrator\Desktop\Projects\eltek-timer-pay-backend\src\app.ts:98:27)
    at Object.<anonymous> (C:\Users\Administrator\Desktop\Projects\eltek-timer-pay-backend\src\server.ts:13:13)
    at Module._compile (node:internal/modules/cjs/loader:1546:14)
    at Module.m._compile (C:\Users\Administrator\Desktop\Projects\eltek-timer-pay-backend\node_modules\ts-node\src\index.ts:1618:23)
    at node:internal/modules/cjs/loader:1689:10
    at Object.require.extensions.<computed> [as .ts] (C:\Users\Administrator\Desktop\Projects\eltek-timer-pay-backend\node_modules\ts-node\src\index.ts:1621:12)
    at Module.load (node:internal/modules/cjs/loader:1318:32)
    at Function._load (node:internal/modules/cjs/loader:1128:12)
2025-03-25 22:33:38 error: uncaughtException: this.redisClient.call is not a function
TypeError: this.redisClient.call is not a function
    at RedisStore.sendCommand (C:\Users\Administrator\Desktop\Projects\eltek-timer-pay-backend\src\app.ts:137:51)
    at RedisStore.loadIncrementScript (C:\Users\Administrator\Desktop\Projects\eltek-timer-pay-backend\node_modules\rate-limit-redis\dist\index.cjs:80:31)
    at new RedisStore (C:\Users\Administrator\Desktop\Projects\eltek-timer-pay-backend\node_modules\rate-limit-redis\dist\index.cjs:73:36)
    at App.initializeRateLimiter (C:\Users\Administrator\Desktop\Projects\eltek-timer-pay-backend\src\app.ts:135:20)
    at new App (C:\Users\Administrator\Desktop\Projects\eltek-timer-pay-backend\src\app.ts:56:14)
    at Object.<anonymous> (C:\Users\Administrator\Desktop\Projects\eltek-timer-pay-backend\src\server.ts:13:13)
    at Module._compile (node:internal/modules/cjs/loader:1546:14)
    at Module.m._compile (C:\Users\Administrator\Desktop\Projects\eltek-timer-pay-backend\node_modules\ts-node\src\index.ts:1618:23)
    at node:internal/modules/cjs/loader:1689:10
    at Object.require.extensions.<computed> [as .ts] (C:\Users\Administrator\Desktop\Projects\eltek-timer-pay-backend\node_modules\ts-node\src\index.ts:1621:12)
2025-03-25 22:33:38 error: uncaughtException: this.redisClient.call is not a function
TypeError: this.redisClient.call is not a function
    at RedisStore.sendCommand (C:\Users\Administrator\Desktop\Projects\eltek-timer-pay-backend\src\app.ts:137:51)
    at RedisStore.loadGetScript (C:\Users\Administrator\Desktop\Projects\eltek-timer-pay-backend\node_modules\rate-limit-redis\dist\index.cjs:90:31)
    at new RedisStore (C:\Users\Administrator\Desktop\Projects\eltek-timer-pay-backend\node_modules\rate-limit-redis\dist\index.cjs:74:30)
    at App.initializeRateLimiter (C:\Users\Administrator\Desktop\Projects\eltek-timer-pay-backend\src\app.ts:135:20)
    at new App (C:\Users\Administrator\Desktop\Projects\eltek-timer-pay-backend\src\app.ts:56:14)
    at Object.<anonymous> (C:\Users\Administrator\Desktop\Projects\eltek-timer-pay-backend\src\server.ts:13:13)
    at Module._compile (node:internal/modules/cjs/loader:1546:14)
    at Module.m._compile (C:\Users\Administrator\Desktop\Projects\eltek-timer-pay-backend\node_modules\ts-node\src\index.ts:1618:23)
    at node:internal/modules/cjs/loader:1689:10
    at Object.require.extensions.<computed> [as .ts] (C:\Users\Administrator\Desktop\Projects\eltek-timer-pay-backend\node_modules\ts-node\src\index.ts:1621:12)
2025-03-25 22:34:08 error: uncaughtException: storeClient is not set
Error: storeClient is not set
    at RateLimiterRedis.set client [as client] (C:\Users\Administrator\Desktop\Projects\eltek-timer-pay-backend\node_modules\rate-limiter-flexible\lib\RateLimiterStoreAbstract.js:31:13)
    at new RateLimiterRedis (C:\Users\Administrator\Desktop\Projects\eltek-timer-pay-backend\node_modules\rate-limiter-flexible\lib\RateLimiterRedis.js:27:17)
    at new App (C:\Users\Administrator\Desktop\Projects\eltek-timer-pay-backend\src\app.ts:102:27)
    at Object.<anonymous> (C:\Users\Administrator\Desktop\Projects\eltek-timer-pay-backend\src\server.ts:13:13)
    at Module._compile (node:internal/modules/cjs/loader:1546:14)
    at Module.m._compile (C:\Users\Administrator\Desktop\Projects\eltek-timer-pay-backend\node_modules\ts-node\src\index.ts:1618:23)
    at node:internal/modules/cjs/loader:1689:10
    at Object.require.extensions.<computed> [as .ts] (C:\Users\Administrator\Desktop\Projects\eltek-timer-pay-backend\node_modules\ts-node\src\index.ts:1621:12)
    at Module.load (node:internal/modules/cjs/loader:1318:32)
    at Function._load (node:internal/modules/cjs/loader:1128:12)
2025-03-25 22:34:14 error: uncaughtException: this.initializeRateLimiter is not a function
TypeError: this.initializeRateLimiter is not a function
    at new App (C:\Users\Administrator\Desktop\Projects\eltek-timer-pay-backend\src\app.ts:56:14)
    at Object.<anonymous> (C:\Users\Administrator\Desktop\Projects\eltek-timer-pay-backend\src\server.ts:13:13)
    at Module._compile (node:internal/modules/cjs/loader:1546:14)
    at Module.m._compile (C:\Users\Administrator\Desktop\Projects\eltek-timer-pay-backend\node_modules\ts-node\src\index.ts:1618:23)
    at node:internal/modules/cjs/loader:1689:10
    at Object.require.extensions.<computed> [as .ts] (C:\Users\Administrator\Desktop\Projects\eltek-timer-pay-backend\node_modules\ts-node\src\index.ts:1621:12)
    at Module.load (node:internal/modules/cjs/loader:1318:32)
    at Function._load (node:internal/modules/cjs/loader:1128:12)
    at TracingChannel.traceSync (node:diagnostics_channel:315:14)
    at wrapModuleLoad (node:internal/modules/cjs/loader:218:24)
2025-03-25 22:41:23 error: uncaughtException: this.initializeRedis is not a function
TypeError: this.initializeRedis is not a function
    at new App (C:\Users\Administrator\Desktop\Projects\eltek-timer-pay-backend\src\app.ts:55:14)
    at Object.<anonymous> (C:\Users\Administrator\Desktop\Projects\eltek-timer-pay-backend\src\server.ts:13:13)
    at Module._compile (node:internal/modules/cjs/loader:1546:14)
    at Module.m._compile (C:\Users\Administrator\Desktop\Projects\eltek-timer-pay-backend\node_modules\ts-node\src\index.ts:1618:23)
    at node:internal/modules/cjs/loader:1689:10
    at Object.require.extensions.<computed> [as .ts] (C:\Users\Administrator\Desktop\Projects\eltek-timer-pay-backend\node_modules\ts-node\src\index.ts:1621:12)
    at Module.load (node:internal/modules/cjs/loader:1318:32)
    at Function._load (node:internal/modules/cjs/loader:1128:12)
    at TracingChannel.traceSync (node:diagnostics_channel:315:14)
    at wrapModuleLoad (node:internal/modules/cjs/loader:218:24)
2025-03-25 23:58:32 error: uncaughtException: No Sequelize instance passed
Error: No Sequelize instance passed
    at Function.init (C:\Users\Administrator\Desktop\Projects\eltek-timer-pay-backend\node_modules\sequelize\src\model.js:960:13)
    at Object.<anonymous> (C:\Users\Administrator\Desktop\Projects\eltek-timer-pay-backend\src\models\user\user.model.ts:12:6)
    at Module._compile (node:internal/modules/cjs/loader:1546:14)
    at Module.m._compile (C:\Users\Administrator\Desktop\Projects\eltek-timer-pay-backend\node_modules\ts-node\src\index.ts:1618:23)
    at node:internal/modules/cjs/loader:1689:10
    at Object.require.extensions.<computed> [as .ts] (C:\Users\Administrator\Desktop\Projects\eltek-timer-pay-backend\node_modules\ts-node\src\index.ts:1621:12)
    at Module.load (node:internal/modules/cjs/loader:1318:32)
    at Function._load (node:internal/modules/cjs/loader:1128:12)
    at TracingChannel.traceSync (node:diagnostics_channel:315:14)
    at wrapModuleLoad (node:internal/modules/cjs/loader:218:24)
